##########Linting Output - pylint##########
Starting Microsoft Python language server.
##########Linting Output - pylint##########
Downloading https://pvsc.azureedge.net/python-language-server-stable/Python-Language-Server-linux-x64.0.1.80.nupkg... ##########Linting Output - pylint##########
##########Linting Output - pylint##########
##########Linting Output - pylint##########
complete
Unpacking archive... ##########Linting Output - pylint##########
##########Linting Output - pylint##########
##########Linting Output - pylint##########
done
##########Linting Output - pylint##########
Microsoft Python Language Server version 0.1.80.0
Initializing for /usr/bin/python
##########Linting Output - pylint##########
##########Linting Output - pylint##########
##########Linting Output - pylint##########
##########Linting Output - pylint##########
##########Linting Output - pylint##########
##########Linting Output - pylint##########
##########Linting Output - pylint##########
##########Linting Output - pylint##########
##########Linting Output - pylint##########
##########Linting Output - pylint##########
##########Linting Output - pylint##########
##########Linting Output - pylint##########
##########Linting Output - pylint##########
##########Linting Output - pylint##########
##########Linting Output - pylint##########
##########Linting Output - pylint##########
##########Linting Output - pylint##########
##########Linting Output - pylint##########
##########Linting Output - pylint##########
##########Linting Output - pylint##########
##########Linting Output - pylint##########
##########Linting Output - pylint##########
##########Linting Output - pylint##########
##########Linting Output - pylint##########
##########Linting Output - pylint##########
##########Linting Output - pylint##########
##########Linting Output - pylint##########
##########Linting Output - pylint##########
##########Linting Output - pylint##########
##########Linting Output - pylint##########
##########Linting Output - pylint##########
##########Linting Output - pylint##########
##########Linting Output - pylint##########
##########Linting Output - pylint##########
##########Linting Output - pylint##########
##########Linting Output - pylint##########
##########Linting Output - pylint##########
##########Linting Output - pylint##########
##########Linting Output - pylint##########
##########Linting Output - pylint##########
##########Linting Output - pylint##########
##########Linting Output - pylint##########
##########Linting Output - pylint##########
##########Linting Output - pylint##########
##########Linting Output - pylint##########
##########Linting Output - pylint##########
##########Linting Output - pylint##########
##########Linting Output - pylint##########
##########Linting Output - pylint##########
##########Linting Output - pylint##########
##########Linting Output - pylint##########
##########Linting Output - pylint##########
##########Linting Output - pylint##########
##########Linting Output - pylint##########
##########Linting Output - pylint##########
##########Linting Output - pylint##########
##########Linting Output - pylint##########
##########Linting Output - pylint##########
##########Linting Output - pylint##########
##########Linting Output - pylint##########
##########Linting Output - pylint##########
##########Linting Output - pylint##########
##########Linting Output - pylint##########
##########Linting Output - pylint##########
##########Linting Output - pylint##########
##########Linting Output - pylint##########
##########Linting Output - pylint##########
##########Linting Output - pylint##########
##########Linting Output - pylint##########
##########Linting Output - pylint##########
##########Linting Output - pylint##########
##########Linting Output - pylint##########
##########Linting Output - pylint##########
##########Linting Output - pylint##########
##########Linting Output - pylint##########
##########Linting Output - pylint##########
##########Linting Output - pylint##########
##########Linting Output - pylint##########
##########Linting Output - pylint##########
##########Linting Output - pylint##########
##########Linting Output - pylint##########
##########Linting Output - pylint##########
##########Linting Output - pylint##########
##########Linting Output - pylint##########
##########Linting Output - pylint##########
##########Linting Output - pylint##########
##########Linting Output - pylint##########
##########Linting Output - pylint##########
##########Linting Output - pylint##########
##########Linting Output - pylint##########
##########Linting Output - pylint##########
##########Linting Output - pylint##########
##########Linting Output - pylint##########
##########Linting Output - pylint##########
##########Linting Output - pylint##########
##########Linting Output - pylint##########
##########Linting Output - pylint##########
##########Linting Output - pylint##########
##########Linting Output - pylint##########
##########Linting Output - pylint##########
##########Linting Output - pylint##########
##########Linting Output - pylint##########
##########Linting Output - pylint##########
##########Linting Output - pylint##########
##########Linting Output - pylint##########
##########Linting Output - pylint##########
##########Linting Output - pylint##########
##########Linting Output - pylint##########
##########Linting Output - pylint##########
##########Linting Output - pylint##########
##########Linting Output - pylint##########
##########Linting Output - pylint##########
##########Linting Output - pylint##########
##########Linting Output - pylint##########
##########Linting Output - pylint##########
##########Linting Output - pylint##########
##########Linting Output - pylint##########
##########Linting Output - pylint##########
##########Linting Output - pylint##########
##########Linting Output - pylint##########
##########Linting Output - pylint##########
##########Linting Output - pylint##########
##########Linting Output - pylint##########
##########Linting Output - pylint##########
##########Linting Output - pylint##########
