[2019-03-05 13:17:39.454] [exthost] [info] extension host started
[2019-03-05 13:17:39.529] [exthost] [info] ExtensionService#_doActivateExtension vscode.debug-auto-launch {"startup":true,"activationEvent":"*"}
[2019-03-05 13:17:39.529] [exthost] [info] ExtensionService#loadCommonJSModule /opt/visual-studio-code/resources/app/extensions/debug-auto-launch/dist/extension
[2019-03-05 13:17:39.797] [exthost] [info] ExtensionService#_doActivateExtension vscode.emmet {"startup":true,"activationEvent":"*"}
[2019-03-05 13:17:39.797] [exthost] [info] ExtensionService#loadCommonJSModule /opt/visual-studio-code/resources/app/extensions/emmet/dist/extension
[2019-03-05 13:17:40.132] [exthost] [info] ExtensionService#_doActivateExtension vscode.git {"startup":true,"activationEvent":"*"}
[2019-03-05 13:17:40.132] [exthost] [info] ExtensionService#loadCommonJSModule /opt/visual-studio-code/resources/app/extensions/git/dist/main
[2019-03-05 13:17:40.771] [exthost] [info] ExtensionService#_doActivateExtension vscode.merge-conflict {"startup":true,"activationEvent":"*"}
[2019-03-05 13:17:40.771] [exthost] [info] ExtensionService#loadCommonJSModule /opt/visual-studio-code/resources/app/extensions/merge-conflict/dist/extension
[2019-03-05 13:17:41.194] [exthost] [info] ExtensionService#_doActivateExtension eamodio.gitlens {"startup":true,"activationEvent":"*"}
[2019-03-05 13:17:41.194] [exthost] [info] ExtensionService#loadCommonJSModule /home/agabey/.vscode/extensions/eamodio.gitlens-9.5.1/dist/extension
[2019-03-05 13:17:41.483] [exthost] [info] ExtensionService#_doActivateExtension esbenp.prettier-vscode {"startup":true,"activationEvent":"*"}
[2019-03-05 13:17:41.483] [exthost] [info] ExtensionService#loadCommonJSModule /home/agabey/.vscode/extensions/esbenp.prettier-vscode-1.8.1/out/src/extension
[2019-03-05 13:17:49.373] [exthost] [info] ExtensionService#_doActivateExtension ms-vsliveshare.vsliveshare {"startup":true,"activationEvent":"*"}
[2019-03-05 13:17:49.373] [exthost] [info] ExtensionService#loadCommonJSModule /home/agabey/.vscode/extensions/ms-vsliveshare.vsliveshare-0.3.1256/out/prod/extension-prod
[2019-03-05 13:17:51.075] [exthost] [info] ExtensionService#_doActivateExtension robertohuertasm.vscode-icons {"startup":true,"activationEvent":"*"}
[2019-03-05 13:17:51.076] [exthost] [info] ExtensionService#loadCommonJSModule /home/agabey/.vscode/extensions/robertohuertasm.vscode-icons-8.2.0/out/src/
[2019-03-05 13:17:55.362] [exthost] [info] ExtensionService#_doActivateExtension vscode.python {"startup":false,"activationEvent":"onLanguage:python"}
[2019-03-05 13:17:55.362] [exthost] [info] ExtensionService#loadCommonJSModule /opt/visual-studio-code/resources/app/extensions/python/out/pythonMain
[2019-03-05 13:17:55.529] [exthost] [info] ExtensionService#_doActivateExtension ms-python.python {"startup":false,"activationEvent":"onLanguage:python"}
[2019-03-05 13:17:55.529] [exthost] [info] ExtensionService#loadCommonJSModule /home/agabey/.vscode/extensions/ms-python.python-2019.2.5433/out/client/extension
[2019-03-05 13:17:56.727] [exthost] [info] ExtensionService#_doActivateExtension VisualStudioExptTeam.vscodeintellicode {"startup":false,"activationEvent":"onLanguage:python"}
[2019-03-05 13:17:56.727] [exthost] [info] ExtensionService#loadCommonJSModule /home/agabey/.vscode/extensions/visualstudioexptteam.vscodeintellicode-1.1.3/out/extension
[2019-03-05 13:18:14.399] [exthost] [info] ExtensionService#_doActivateExtension ms-vscode.csharp {"startup":true,"activationEvent":"workspaceContainsTimeout:*.csproj,*.sln,*.csx,*.cake,**/*.csproj,**/*.sln,**/*.csx,**/*.cake"}
[2019-03-05 13:18:14.399] [exthost] [info] ExtensionService#loadCommonJSModule /home/agabey/.vscode/extensions/ms-vscode.csharp-1.17.1/out/src/main
[2019-03-05 13:18:33.225] [exthost] [info] ExtensionService#_doActivateExtension vscjava.vscode-maven {"startup":true,"activationEvent":"workspaceContainsTimeout:**/pom.xml"}
[2019-03-05 13:18:33.225] [exthost] [info] ExtensionService#loadCommonJSModule /home/agabey/.vscode/extensions/vscjava.vscode-maven-0.14.2/dist/extension
[2019-03-05 13:18:33.641] [exthost] [info] eager extensions activated
[2019-03-05 13:27:11.125] [exthost] [error] [ms-python.python] provider FAILED
[2019-03-05 13:27:11.217] [exthost] [error] TypeError: Cannot read property 'map' of undefined
    at asCompletionResult (/home/agabey/.vscode/extensions/ms-python.python-2019.2.5433/out/client/extension.js:83:96829)
    at i (/home/agabey/.vscode/extensions/vscjava.vscode-maven-0.14.2/dist/extension.js:126:21501)
    at /home/agabey/.vscode/extensions/vscjava.vscode-maven-0.14.2/dist/extension.js:126:21845
[2019-03-05 13:32:45.100] [exthost] [error] [ms-python.python] provider FAILED
[2019-03-05 13:32:45.101] [exthost] [error] TypeError: Cannot read property 'map' of undefined
    at asCompletionResult (/home/agabey/.vscode/extensions/ms-python.python-2019.2.5433/out/client/extension.js:83:96829)
    at i (/home/agabey/.vscode/extensions/vscjava.vscode-maven-0.14.2/dist/extension.js:126:21501)
    at /home/agabey/.vscode/extensions/vscjava.vscode-maven-0.14.2/dist/extension.js:126:21845
[2019-03-05 13:32:52.774] [exthost] [error] [ms-python.python] provider FAILED
[2019-03-05 13:32:52.774] [exthost] [error] TypeError: Cannot read property 'map' of undefined
    at asCompletionResult (/home/agabey/.vscode/extensions/ms-python.python-2019.2.5433/out/client/extension.js:83:96829)
    at i (/home/agabey/.vscode/extensions/vscjava.vscode-maven-0.14.2/dist/extension.js:126:21501)
    at /home/agabey/.vscode/extensions/vscjava.vscode-maven-0.14.2/dist/extension.js:126:21845
[2019-03-05 13:33:40.181] [exthost] [error] [ms-python.python] provider FAILED
[2019-03-05 13:33:40.182] [exthost] [error] TypeError: Cannot read property 'map' of undefined
    at asCompletionResult (/home/agabey/.vscode/extensions/ms-python.python-2019.2.5433/out/client/extension.js:83:96829)
    at i (/home/agabey/.vscode/extensions/vscjava.vscode-maven-0.14.2/dist/extension.js:126:21501)
    at /home/agabey/.vscode/extensions/vscjava.vscode-maven-0.14.2/dist/extension.js:126:21845
[2019-03-05 13:36:44.132] [exthost] [error] [ms-python.python] provider FAILED
[2019-03-05 13:36:44.132] [exthost] [error] TypeError: Cannot read property 'map' of undefined
    at asCompletionResult (/home/agabey/.vscode/extensions/ms-python.python-2019.2.5433/out/client/extension.js:83:96829)
    at i (/home/agabey/.vscode/extensions/vscjava.vscode-maven-0.14.2/dist/extension.js:126:21501)
    at /home/agabey/.vscode/extensions/vscjava.vscode-maven-0.14.2/dist/extension.js:126:21845
[2019-03-05 13:36:55.319] [exthost] [error] [ms-python.python] provider FAILED
[2019-03-05 13:36:55.319] [exthost] [error] TypeError: Cannot read property 'map' of undefined
    at asCompletionResult (/home/agabey/.vscode/extensions/ms-python.python-2019.2.5433/out/client/extension.js:83:96829)
    at i (/home/agabey/.vscode/extensions/vscjava.vscode-maven-0.14.2/dist/extension.js:126:21501)
    at /home/agabey/.vscode/extensions/vscjava.vscode-maven-0.14.2/dist/extension.js:126:21845
[2019-03-05 13:43:55.897] [exthost] [error] [ms-python.python] provider FAILED
[2019-03-05 13:43:55.897] [exthost] [error] TypeError: Cannot read property 'map' of undefined
    at asCompletionResult (/home/agabey/.vscode/extensions/ms-python.python-2019.2.5433/out/client/extension.js:83:96829)
    at i (/home/agabey/.vscode/extensions/vscjava.vscode-maven-0.14.2/dist/extension.js:126:21501)
    at /home/agabey/.vscode/extensions/vscjava.vscode-maven-0.14.2/dist/extension.js:126:21845
[2019-03-05 14:13:42.422] [exthost] [error] [ms-python.python] provider FAILED
[2019-03-05 14:13:42.422] [exthost] [error] TypeError: Cannot read property 'map' of undefined
    at asCompletionResult (/home/agabey/.vscode/extensions/ms-python.python-2019.2.5433/out/client/extension.js:83:96829)
    at i (/home/agabey/.vscode/extensions/vscjava.vscode-maven-0.14.2/dist/extension.js:126:21501)
    at /home/agabey/.vscode/extensions/vscjava.vscode-maven-0.14.2/dist/extension.js:126:21845
[2019-03-05 14:14:51.684] [exthost] [error] [ms-python.python] provider FAILED
[2019-03-05 14:14:51.685] [exthost] [error] TypeError: Cannot read property 'map' of undefined
    at asCompletionResult (/home/agabey/.vscode/extensions/ms-python.python-2019.2.5433/out/client/extension.js:83:96829)
    at i (/home/agabey/.vscode/extensions/vscjava.vscode-maven-0.14.2/dist/extension.js:126:21501)
    at /home/agabey/.vscode/extensions/vscjava.vscode-maven-0.14.2/dist/extension.js:126:21845
[2019-03-05 14:14:54.397] [exthost] [error] [ms-python.python] provider FAILED
[2019-03-05 14:14:54.398] [exthost] [error] TypeError: Cannot read property 'map' of undefined
    at asCompletionResult (/home/agabey/.vscode/extensions/ms-python.python-2019.2.5433/out/client/extension.js:83:96829)
    at i (/home/agabey/.vscode/extensions/vscjava.vscode-maven-0.14.2/dist/extension.js:126:21501)
    at /home/agabey/.vscode/extensions/vscjava.vscode-maven-0.14.2/dist/extension.js:126:21845
[2019-03-05 14:14:56.187] [exthost] [error] [ms-python.python] provider FAILED
[2019-03-05 14:14:56.189] [exthost] [error] TypeError: Cannot read property 'map' of undefined
    at asCompletionResult (/home/agabey/.vscode/extensions/ms-python.python-2019.2.5433/out/client/extension.js:83:96829)
    at i (/home/agabey/.vscode/extensions/vscjava.vscode-maven-0.14.2/dist/extension.js:126:21501)
    at /home/agabey/.vscode/extensions/vscjava.vscode-maven-0.14.2/dist/extension.js:126:21845
[2019-03-05 14:54:21.885] [exthost] [error] [ms-python.python] provider FAILED
[2019-03-05 14:54:21.886] [exthost] [error] TypeError: Cannot read property 'map' of undefined
    at asCompletionResult (/home/agabey/.vscode/extensions/ms-python.python-2019.2.5433/out/client/extension.js:83:96829)
    at i (/home/agabey/.vscode/extensions/vscjava.vscode-maven-0.14.2/dist/extension.js:126:21501)
    at /home/agabey/.vscode/extensions/vscjava.vscode-maven-0.14.2/dist/extension.js:126:21845
[2019-03-05 14:56:51.442] [exthost] [error] [ms-python.python] provider FAILED
[2019-03-05 14:56:51.443] [exthost] [error] TypeError: Cannot read property 'map' of undefined
    at asCompletionResult (/home/agabey/.vscode/extensions/ms-python.python-2019.2.5433/out/client/extension.js:83:96829)
    at i (/home/agabey/.vscode/extensions/vscjava.vscode-maven-0.14.2/dist/extension.js:126:21501)
    at /home/agabey/.vscode/extensions/vscjava.vscode-maven-0.14.2/dist/extension.js:126:21845
[2019-03-05 14:56:53.794] [exthost] [error] [ms-python.python] provider FAILED
[2019-03-05 14:56:53.795] [exthost] [error] TypeError: Cannot read property 'map' of undefined
    at asCompletionResult (/home/agabey/.vscode/extensions/ms-python.python-2019.2.5433/out/client/extension.js:83:96829)
    at i (/home/agabey/.vscode/extensions/vscjava.vscode-maven-0.14.2/dist/extension.js:126:21501)
    at /home/agabey/.vscode/extensions/vscjava.vscode-maven-0.14.2/dist/extension.js:126:21845
[2019-03-05 14:56:59.806] [exthost] [error] [ms-python.python] provider FAILED
[2019-03-05 14:56:59.806] [exthost] [error] TypeError: Cannot read property 'map' of undefined
    at asCompletionResult (/home/agabey/.vscode/extensions/ms-python.python-2019.2.5433/out/client/extension.js:83:96829)
    at i (/home/agabey/.vscode/extensions/vscjava.vscode-maven-0.14.2/dist/extension.js:126:21501)
    at /home/agabey/.vscode/extensions/vscjava.vscode-maven-0.14.2/dist/extension.js:126:21845
[2019-03-05 14:56:59.973] [exthost] [error] [ms-python.python] provider FAILED
[2019-03-05 14:56:59.973] [exthost] [error] TypeError: Cannot read property 'map' of undefined
    at asCompletionResult (/home/agabey/.vscode/extensions/ms-python.python-2019.2.5433/out/client/extension.js:83:96829)
    at i (/home/agabey/.vscode/extensions/vscjava.vscode-maven-0.14.2/dist/extension.js:126:21501)
    at /home/agabey/.vscode/extensions/vscjava.vscode-maven-0.14.2/dist/extension.js:126:21845
[2019-03-05 14:57:01.457] [exthost] [error] [ms-python.python] provider FAILED
[2019-03-05 14:57:01.457] [exthost] [error] TypeError: Cannot read property 'map' of undefined
    at asCompletionResult (/home/agabey/.vscode/extensions/ms-python.python-2019.2.5433/out/client/extension.js:83:96829)
    at i (/home/agabey/.vscode/extensions/vscjava.vscode-maven-0.14.2/dist/extension.js:126:21501)
    at /home/agabey/.vscode/extensions/vscjava.vscode-maven-0.14.2/dist/extension.js:126:21845
[2019-03-05 14:57:02.779] [exthost] [error] [ms-python.python] provider FAILED
[2019-03-05 14:57:02.780] [exthost] [error] TypeError: Cannot read property 'map' of undefined
    at asCompletionResult (/home/agabey/.vscode/extensions/ms-python.python-2019.2.5433/out/client/extension.js:83:96829)
    at i (/home/agabey/.vscode/extensions/vscjava.vscode-maven-0.14.2/dist/extension.js:126:21501)
    at /home/agabey/.vscode/extensions/vscjava.vscode-maven-0.14.2/dist/extension.js:126:21845
[2019-03-05 15:00:46.265] [exthost] [error] [ms-python.python] provider FAILED
[2019-03-05 15:00:46.265] [exthost] [error] TypeError: Cannot read property 'map' of undefined
    at asCompletionResult (/home/agabey/.vscode/extensions/ms-python.python-2019.2.5433/out/client/extension.js:83:96829)
    at i (/home/agabey/.vscode/extensions/vscjava.vscode-maven-0.14.2/dist/extension.js:126:21501)
    at /home/agabey/.vscode/extensions/vscjava.vscode-maven-0.14.2/dist/extension.js:126:21845
[2019-03-05 15:37:29.326] [exthost] [error] [ms-python.python] provider FAILED
[2019-03-05 15:37:29.329] [exthost] [error] TypeError: Cannot read property 'map' of undefined
    at asCompletionResult (/home/agabey/.vscode/extensions/ms-python.python-2019.2.5433/out/client/extension.js:83:96829)
    at i (/home/agabey/.vscode/extensions/vscjava.vscode-maven-0.14.2/dist/extension.js:126:21501)
    at /home/agabey/.vscode/extensions/vscjava.vscode-maven-0.14.2/dist/extension.js:126:21845
[2019-03-05 15:40:28.405] [exthost] [error] [ms-python.python] provider FAILED
[2019-03-05 15:40:28.406] [exthost] [error] TypeError: Cannot read property 'map' of undefined
    at asCompletionResult (/home/agabey/.vscode/extensions/ms-python.python-2019.2.5433/out/client/extension.js:83:96829)
    at i (/home/agabey/.vscode/extensions/vscjava.vscode-maven-0.14.2/dist/extension.js:126:21501)
    at /home/agabey/.vscode/extensions/vscjava.vscode-maven-0.14.2/dist/extension.js:126:21845
[2019-03-05 15:45:27.603] [exthost] [error] [ms-python.python] provider FAILED
[2019-03-05 15:45:27.604] [exthost] [error] TypeError: Cannot read property 'map' of undefined
    at asCompletionResult (/home/agabey/.vscode/extensions/ms-python.python-2019.2.5433/out/client/extension.js:83:96829)
    at i (/home/agabey/.vscode/extensions/vscjava.vscode-maven-0.14.2/dist/extension.js:126:21501)
    at /home/agabey/.vscode/extensions/vscjava.vscode-maven-0.14.2/dist/extension.js:126:21845
[2019-03-05 15:51:28.200] [exthost] [error] [ms-python.python] provider FAILED
[2019-03-05 15:51:28.201] [exthost] [error] TypeError: Cannot read property 'map' of undefined
    at asCompletionResult (/home/agabey/.vscode/extensions/ms-python.python-2019.2.5433/out/client/extension.js:83:96829)
    at i (/home/agabey/.vscode/extensions/vscjava.vscode-maven-0.14.2/dist/extension.js:126:21501)
    at /home/agabey/.vscode/extensions/vscjava.vscode-maven-0.14.2/dist/extension.js:126:21845
[2019-03-05 15:51:36.420] [exthost] [error] [ms-python.python] provider FAILED
[2019-03-05 15:51:36.421] [exthost] [error] TypeError: Cannot read property 'map' of undefined
    at asCompletionResult (/home/agabey/.vscode/extensions/ms-python.python-2019.2.5433/out/client/extension.js:83:96829)
    at i (/home/agabey/.vscode/extensions/vscjava.vscode-maven-0.14.2/dist/extension.js:126:21501)
    at /home/agabey/.vscode/extensions/vscjava.vscode-maven-0.14.2/dist/extension.js:126:21845
[2019-03-05 15:51:58.418] [exthost] [error] [ms-python.python] provider FAILED
[2019-03-05 15:51:58.418] [exthost] [error] TypeError: Cannot read property 'map' of undefined
    at asCompletionResult (/home/agabey/.vscode/extensions/ms-python.python-2019.2.5433/out/client/extension.js:83:96829)
    at i (/home/agabey/.vscode/extensions/vscjava.vscode-maven-0.14.2/dist/extension.js:126:21501)
    at /home/agabey/.vscode/extensions/vscjava.vscode-maven-0.14.2/dist/extension.js:126:21845
[2019-03-05 15:52:03.985] [exthost] [error] [ms-python.python] provider FAILED
[2019-03-05 15:52:03.985] [exthost] [error] TypeError: Cannot read property 'map' of undefined
    at asCompletionResult (/home/agabey/.vscode/extensions/ms-python.python-2019.2.5433/out/client/extension.js:83:96829)
    at i (/home/agabey/.vscode/extensions/vscjava.vscode-maven-0.14.2/dist/extension.js:126:21501)
    at /home/agabey/.vscode/extensions/vscjava.vscode-maven-0.14.2/dist/extension.js:126:21845
[2019-03-05 15:53:58.678] [exthost] [error] [ms-python.python] provider FAILED
[2019-03-05 15:53:58.678] [exthost] [error] TypeError: Cannot read property 'map' of undefined
    at asCompletionResult (/home/agabey/.vscode/extensions/ms-python.python-2019.2.5433/out/client/extension.js:83:96829)
    at i (/home/agabey/.vscode/extensions/vscjava.vscode-maven-0.14.2/dist/extension.js:126:21501)
    at /home/agabey/.vscode/extensions/vscjava.vscode-maven-0.14.2/dist/extension.js:126:21845
[2019-03-05 15:57:38.488] [exthost] [error] [ms-python.python] provider FAILED
[2019-03-05 15:57:38.489] [exthost] [error] TypeError: Cannot read property 'map' of undefined
    at asCompletionResult (/home/agabey/.vscode/extensions/ms-python.python-2019.2.5433/out/client/extension.js:83:96829)
    at i (/home/agabey/.vscode/extensions/vscjava.vscode-maven-0.14.2/dist/extension.js:126:21501)
    at /home/agabey/.vscode/extensions/vscjava.vscode-maven-0.14.2/dist/extension.js:126:21845
[2019-03-05 16:19:39.434] [exthost] [error] [ms-python.python] provider FAILED
[2019-03-05 16:19:39.437] [exthost] [error] TypeError: Cannot read property 'map' of undefined
    at asCompletionResult (/home/agabey/.vscode/extensions/ms-python.python-2019.2.5433/out/client/extension.js:83:96829)
    at i (/home/agabey/.vscode/extensions/vscjava.vscode-maven-0.14.2/dist/extension.js:126:21501)
    at /home/agabey/.vscode/extensions/vscjava.vscode-maven-0.14.2/dist/extension.js:126:21845
[2019-03-05 16:19:44.226] [exthost] [error] [ms-python.python] provider FAILED
[2019-03-05 16:19:44.226] [exthost] [error] TypeError: Cannot read property 'map' of undefined
    at asCompletionResult (/home/agabey/.vscode/extensions/ms-python.python-2019.2.5433/out/client/extension.js:83:96829)
    at i (/home/agabey/.vscode/extensions/vscjava.vscode-maven-0.14.2/dist/extension.js:126:21501)
    at /home/agabey/.vscode/extensions/vscjava.vscode-maven-0.14.2/dist/extension.js:126:21845
[2019-03-05 16:19:46.684] [exthost] [error] [ms-python.python] provider FAILED
[2019-03-05 16:19:46.684] [exthost] [error] TypeError: Cannot read property 'map' of undefined
    at asCompletionResult (/home/agabey/.vscode/extensions/ms-python.python-2019.2.5433/out/client/extension.js:83:96829)
    at i (/home/agabey/.vscode/extensions/vscjava.vscode-maven-0.14.2/dist/extension.js:126:21501)
    at /home/agabey/.vscode/extensions/vscjava.vscode-maven-0.14.2/dist/extension.js:126:21845
[2019-03-05 16:19:55.463] [exthost] [error] [ms-python.python] provider FAILED
[2019-03-05 16:19:55.464] [exthost] [error] TypeError: Cannot read property 'map' of undefined
    at asCompletionResult (/home/agabey/.vscode/extensions/ms-python.python-2019.2.5433/out/client/extension.js:83:96829)
    at i (/home/agabey/.vscode/extensions/vscjava.vscode-maven-0.14.2/dist/extension.js:126:21501)
    at /home/agabey/.vscode/extensions/vscjava.vscode-maven-0.14.2/dist/extension.js:126:21845
[2019-03-05 16:21:41.670] [exthost] [error] [ms-python.python] provider FAILED
[2019-03-05 16:21:41.671] [exthost] [error] TypeError: Cannot read property 'map' of undefined
    at asCompletionResult (/home/agabey/.vscode/extensions/ms-python.python-2019.2.5433/out/client/extension.js:83:96829)
    at i (/home/agabey/.vscode/extensions/vscjava.vscode-maven-0.14.2/dist/extension.js:126:21501)
    at /home/agabey/.vscode/extensions/vscjava.vscode-maven-0.14.2/dist/extension.js:126:21845
[2019-03-05 16:27:25.222] [exthost] [error] [ms-python.python] provider FAILED
[2019-03-05 16:27:25.223] [exthost] [error] TypeError: Cannot read property 'map' of undefined
    at asCompletionResult (/home/agabey/.vscode/extensions/ms-python.python-2019.2.5433/out/client/extension.js:83:96829)
    at i (/home/agabey/.vscode/extensions/vscjava.vscode-maven-0.14.2/dist/extension.js:126:21501)
    at /home/agabey/.vscode/extensions/vscjava.vscode-maven-0.14.2/dist/extension.js:126:21845
[2019-03-05 16:31:37.910] [exthost] [error] [ms-python.python] provider FAILED
[2019-03-05 16:31:37.910] [exthost] [error] TypeError: Cannot read property 'map' of undefined
    at asCompletionResult (/home/agabey/.vscode/extensions/ms-python.python-2019.2.5433/out/client/extension.js:83:96829)
    at i (/home/agabey/.vscode/extensions/vscjava.vscode-maven-0.14.2/dist/extension.js:126:21501)
    at /home/agabey/.vscode/extensions/vscjava.vscode-maven-0.14.2/dist/extension.js:126:21845
[2019-03-05 16:31:38.487] [exthost] [error] [ms-python.python] provider FAILED
[2019-03-05 16:31:38.487] [exthost] [error] TypeError: Cannot read property 'map' of undefined
    at asCompletionResult (/home/agabey/.vscode/extensions/ms-python.python-2019.2.5433/out/client/extension.js:83:96829)
    at i (/home/agabey/.vscode/extensions/vscjava.vscode-maven-0.14.2/dist/extension.js:126:21501)
    at /home/agabey/.vscode/extensions/vscjava.vscode-maven-0.14.2/dist/extension.js:126:21845
[2019-03-05 16:31:38.589] [exthost] [error] [ms-python.python] provider FAILED
[2019-03-05 16:31:38.589] [exthost] [error] TypeError: Cannot read property 'map' of undefined
    at asCompletionResult (/home/agabey/.vscode/extensions/ms-python.python-2019.2.5433/out/client/extension.js:83:96829)
    at i (/home/agabey/.vscode/extensions/vscjava.vscode-maven-0.14.2/dist/extension.js:126:21501)
    at /home/agabey/.vscode/extensions/vscjava.vscode-maven-0.14.2/dist/extension.js:126:21845
