[2019-02-27 19:33:04.089] [exthost] [info] extension host started
[2019-02-27 19:33:04.131] [exthost] [info] ExtensionService#_doActivateExtension vscode.debug-auto-launch {"startup":true,"activationEvent":"*"}
[2019-02-27 19:33:04.131] [exthost] [info] ExtensionService#loadCommonJSModule /opt/visual-studio-code/resources/app/extensions/debug-auto-launch/dist/extension
[2019-02-27 19:33:04.225] [exthost] [info] ExtensionService#_doActivateExtension vscode.emmet {"startup":true,"activationEvent":"*"}
[2019-02-27 19:33:04.225] [exthost] [info] ExtensionService#loadCommonJSModule /opt/visual-studio-code/resources/app/extensions/emmet/dist/extension
[2019-02-27 19:33:04.272] [exthost] [info] ExtensionService#_doActivateExtension vscode.git {"startup":true,"activationEvent":"*"}
[2019-02-27 19:33:04.272] [exthost] [info] ExtensionService#loadCommonJSModule /opt/visual-studio-code/resources/app/extensions/git/dist/main
[2019-02-27 19:33:04.505] [exthost] [info] ExtensionService#_doActivateExtension vscode.merge-conflict {"startup":true,"activationEvent":"*"}
[2019-02-27 19:33:04.505] [exthost] [info] ExtensionService#loadCommonJSModule /opt/visual-studio-code/resources/app/extensions/merge-conflict/dist/extension
[2019-02-27 19:33:04.599] [exthost] [info] ExtensionService#_doActivateExtension eamodio.gitlens {"startup":true,"activationEvent":"*"}
[2019-02-27 19:33:04.599] [exthost] [info] ExtensionService#loadCommonJSModule /home/agabey/.vscode/extensions/eamodio.gitlens-9.5.1/dist/extension
[2019-02-27 19:33:04.749] [exthost] [info] ExtensionService#_doActivateExtension esbenp.prettier-vscode {"startup":true,"activationEvent":"*"}
[2019-02-27 19:33:04.749] [exthost] [info] ExtensionService#loadCommonJSModule /home/agabey/.vscode/extensions/esbenp.prettier-vscode-1.8.1/out/src/extension
[2019-02-27 19:33:05.999] [exthost] [info] ExtensionService#_doActivateExtension ms-vsliveshare.vsliveshare {"startup":true,"activationEvent":"*"}
[2019-02-27 19:33:05.999] [exthost] [info] ExtensionService#loadCommonJSModule /home/agabey/.vscode/extensions/ms-vsliveshare.vsliveshare-0.3.1225/out/prod/extension-prod
[2019-02-27 19:33:06.429] [exthost] [info] ExtensionService#_doActivateExtension robertohuertasm.vscode-icons {"startup":true,"activationEvent":"*"}
[2019-02-27 19:33:06.429] [exthost] [info] ExtensionService#loadCommonJSModule /home/agabey/.vscode/extensions/robertohuertasm.vscode-icons-8.2.0/out/src/
[2019-02-27 19:33:09.098] [exthost] [info] eager extensions activated
[2019-02-27 19:33:51.734] [exthost] [info] extension host started
[2019-02-27 19:33:51.894] [exthost] [info] ExtensionService#_doActivateExtension vscode.debug-auto-launch {"startup":true,"activationEvent":"*"}
[2019-02-27 19:33:51.895] [exthost] [info] ExtensionService#loadCommonJSModule /opt/visual-studio-code/resources/app/extensions/debug-auto-launch/dist/extension
[2019-02-27 19:33:51.897] [exthost] [info] ExtensionService#_doActivateExtension vscode.emmet {"startup":true,"activationEvent":"*"}
[2019-02-27 19:33:51.897] [exthost] [info] ExtensionService#loadCommonJSModule /opt/visual-studio-code/resources/app/extensions/emmet/dist/extension
[2019-02-27 19:33:51.902] [exthost] [info] ExtensionService#_doActivateExtension vscode.git {"startup":true,"activationEvent":"*"}
[2019-02-27 19:33:51.902] [exthost] [info] ExtensionService#loadCommonJSModule /opt/visual-studio-code/resources/app/extensions/git/dist/main
[2019-02-27 19:33:51.934] [exthost] [info] ExtensionService#_doActivateExtension vscode.merge-conflict {"startup":true,"activationEvent":"*"}
[2019-02-27 19:33:51.934] [exthost] [info] ExtensionService#loadCommonJSModule /opt/visual-studio-code/resources/app/extensions/merge-conflict/dist/extension
[2019-02-27 19:33:51.936] [exthost] [info] ExtensionService#_doActivateExtension eamodio.gitlens {"startup":true,"activationEvent":"*"}
[2019-02-27 19:33:51.936] [exthost] [info] ExtensionService#loadCommonJSModule /home/agabey/.vscode/extensions/eamodio.gitlens-9.5.1/dist/extension
[2019-02-27 19:33:51.965] [exthost] [info] ExtensionService#_doActivateExtension esbenp.prettier-vscode {"startup":true,"activationEvent":"*"}
[2019-02-27 19:33:51.965] [exthost] [info] ExtensionService#loadCommonJSModule /home/agabey/.vscode/extensions/esbenp.prettier-vscode-1.8.1/out/src/extension
[2019-02-27 19:33:52.023] [exthost] [info] ExtensionService#_doActivateExtension ms-vsliveshare.vsliveshare {"startup":true,"activationEvent":"*"}
[2019-02-27 19:33:52.023] [exthost] [info] ExtensionService#loadCommonJSModule /home/agabey/.vscode/extensions/ms-vsliveshare.vsliveshare-0.3.1256/out/prod/extension-prod
[2019-02-27 19:33:52.629] [exthost] [info] ExtensionService#_doActivateExtension robertohuertasm.vscode-icons {"startup":true,"activationEvent":"*"}
[2019-02-27 19:33:52.629] [exthost] [info] ExtensionService#loadCommonJSModule /home/agabey/.vscode/extensions/robertohuertasm.vscode-icons-8.2.0/out/src/
[2019-02-27 19:33:52.689] [exthost] [info] ExtensionService#_doActivateExtension vscode.typescript-language-features {"startup":false,"activationEvent":"onLanguage:javascript"}
[2019-02-27 19:33:52.689] [exthost] [info] ExtensionService#loadCommonJSModule /opt/visual-studio-code/resources/app/extensions/typescript-language-features/dist/extension
[2019-02-27 19:33:53.085] [exthost] [info] ExtensionService#_doActivateExtension VisualStudioExptTeam.vscodeintellicode {"startup":false,"activationEvent":"onLanguage:javascript"}
[2019-02-27 19:33:53.085] [exthost] [info] ExtensionService#loadCommonJSModule /home/agabey/.vscode/extensions/visualstudioexptteam.vscodeintellicode-1.1.3/out/extension
[2019-02-27 19:34:02.265] [exthost] [info] ExtensionService#_doActivateExtension ms-vscode.csharp {"startup":true,"activationEvent":"workspaceContainsTimeout:*.csproj,*.sln,*.csx,*.cake,**/*.csproj,**/*.sln,**/*.csx,**/*.cake"}
[2019-02-27 19:34:02.265] [exthost] [info] ExtensionService#loadCommonJSModule /home/agabey/.vscode/extensions/ms-vscode.csharp-1.17.1/out/src/main
[2019-02-27 19:34:08.182] [exthost] [info] ExtensionService#_doActivateExtension vscjava.vscode-maven {"startup":true,"activationEvent":"workspaceContainsTimeout:**/pom.xml"}
[2019-02-27 19:34:08.182] [exthost] [info] ExtensionService#loadCommonJSModule /home/agabey/.vscode/extensions/vscjava.vscode-maven-0.14.2/dist/extension
[2019-02-27 19:34:08.694] [exthost] [info] eager extensions activated
[2019-02-27 19:39:26.173] [exthost] [info] ExtensionService#_doActivateExtension vscode.extension-editing {"startup":false,"activationEvent":"onLanguage:typescript"}
[2019-02-27 19:39:26.173] [exthost] [info] ExtensionService#loadCommonJSModule /opt/visual-studio-code/resources/app/extensions/extension-editing/dist/extension
[2019-02-27 19:40:57.419] [exthost] [info] ExtensionService#_doActivateExtension ms-vscode.references-view {"startup":false,"activationEvent":"onCommand:references-view.find"}
[2019-02-27 19:40:57.419] [exthost] [info] ExtensionService#loadCommonJSModule /opt/visual-studio-code/resources/app/extensions/ms-vscode.references-view/out/src/extension
[2019-02-27 22:25:13.438] [exthost] [error] [vscode.typescript-language-features] provider FAILED
[2019-02-27 22:25:13.510] [exthost] [error] Error: TypeScript Server Error (3.3.1)
Error processing request. Debug Failure. False expression.
Error: Debug Failure. False expression.
    at Object.getImportCompletionAction (tsserver.js:111993:22)
    at getCompletionEntryCodeActionsAndSourceDisplay (tsserver.js:96996:33)
    at Object.getCompletionEntryDetails (tsserver.js:96960:30)
    at Object.getCompletionEntryDetails (tsserver.js:118487:35)
    at getCompletionEntryDetails (/home/agabey/.vscode/extensions/visualstudioexptteam.vscodeintellicode-1.1.3/node_modules/@vsintellicode/typescript-intellicode-plugin/lib/vscode/index.js:255:42)
    at Object.proxy.getCompletionEntryDetails (/home/agabey/.vscode/extensions/visualstudioexptteam.vscodeintellicode-1.1.3/node_modules/@vsintellicode/typescript-intellicode-plugin/lib/vscode/index.js:52:109)
    at tsserver.js:126645:57
    at Object.mapDefined (tsserver.js:601:30)
    at IOSession.Session.getCompletionEntryDetails (tsserver.js:126643:33)
    at Session.handlers.ts.createMapFromTemplate._a.(anonymous function) (tsserver.js:125628:61)
    at tsserver.js:127107:88
    at IOSession.Session.executeWithRequestId (tsserver.js:127098:28)
    at IOSession.Session.executeCommand (tsserver.js:127107:33)
    at IOSession.Session.onMessage (tsserver.js:127129:35)
    at Interface.<anonymous> (tsserver.js:128390:27)
    at Interface.emit (events.js:182:13)
    at Interface._onLine (readline.js:290:10)
    at Interface._normalWrite (readline.js:433:12)
    at Socket.ondata (readline.js:149:10)
    at Socket.emit (events.js:182:13)
    at addChunk (_stream_readable.js:279:12)
    at readableAddChunk (_stream_readable.js:264:11)
    at Socket.Readable.push (_stream_readable.js:219:10)
    at Pipe.onread (net.js:636:20)
    at v.dispatchResponse (/opt/visual-studio-code/resources/app/extensions/typescript-language-features/dist/extension.js:1:178041)
    at v.dispatchMessage (/opt/visual-studio-code/resources/app/extensions/typescript-language-features/dist/extension.js:1:176795)
    at constructor._reader.onData.e (/opt/visual-studio-code/resources/app/extensions/typescript-language-features/dist/extension.js:1:176151)
    at e.fire (/opt/visual-studio-code/resources/app/out/vs/workbench/services/extensions/node/extensionHostProcess.js:44:113)
    at t.Reader.onLengthData (/opt/visual-studio-code/resources/app/extensions/typescript-language-features/dist/extension.js:1:182224)
    at Socket.t.Reader.constructor.e.on.e (/opt/visual-studio-code/resources/app/extensions/typescript-language-features/dist/extension.js:1:181872)
    at Socket.emit (events.js:182:13)
    at addChunk (_stream_readable.js:279:12)
    at readableAddChunk (_stream_readable.js:264:11)
    at Socket.Readable.push (_stream_readable.js:219:10)
    at Pipe.onread (net.js:636:20)
[2019-02-27 22:29:37.229] [exthost] [error] [vscode.typescript-language-features] provider FAILED
[2019-02-27 22:29:37.231] [exthost] [error] Error: TypeScript Server Error (3.3.1)
Error processing request. Debug Failure. Did not expect JsxExpression to have an Identifier in its trivia
Error: Debug Failure. Did not expect JsxExpression to have an Identifier in its trivia
    at addSyntheticNodes (tsserver.js:117495:30)
    at createChildren (tsserver.js:117484:9)
    at NodeObject.getChildren (tsserver.js:117428:56)
    at getTokenAtPositionWorker (tsserver.js:93895:43)
    at Object.getTokenAtPosition (tsserver.js:93887:16)
    at getInfo (tsserver.js:114584:28)
    at Object.getAvailableActions (tsserver.js:114568:28)
    at tsserver.js:109632:128
    at getIterator (tsserver.js:558:23)
    at Object.flatMapIterator (tsserver.js:541:27)
    at Object.getApplicableRefactors (tsserver.js:109631:36)
    at Object.getApplicableRefactors (tsserver.js:119035:32)
    at Object.proxy.(anonymous function).args [as getApplicableRefactors] (/home/agabey/.vscode/extensions/visualstudioexptteam.vscodeintellicode-1.1.3/node_modules/@vsintellicode/typescript-intellicode-plugin/lib/vscode/index.js:24:43)
    at IOSession.Session.getApplicableRefactors (tsserver.js:126888:53)
    at Session.handlers.ts.createMapFromTemplate._a.(anonymous function) (tsserver.js:125761:61)
    at tsserver.js:127107:88
    at IOSession.Session.executeWithRequestId (tsserver.js:127098:28)
    at IOSession.Session.executeCommand (tsserver.js:127107:33)
    at IOSession.Session.onMessage (tsserver.js:127129:35)
    at Interface.<anonymous> (tsserver.js:128390:27)
    at Interface.emit (events.js:182:13)
    at Interface._onLine (readline.js:290:10)
    at Interface._normalWrite (readline.js:433:12)
    at Socket.ondata (readline.js:149:10)
    at Socket.emit (events.js:182:13)
    at addChunk (_stream_readable.js:279:12)
    at readableAddChunk (_stream_readable.js:264:11)
    at Socket.Readable.push (_stream_readable.js:219:10)
    at Pipe.onread (net.js:636:20)
    at v.dispatchResponse (/opt/visual-studio-code/resources/app/extensions/typescript-language-features/dist/extension.js:1:178041)
    at v.dispatchMessage (/opt/visual-studio-code/resources/app/extensions/typescript-language-features/dist/extension.js:1:176795)
    at constructor._reader.onData.e (/opt/visual-studio-code/resources/app/extensions/typescript-language-features/dist/extension.js:1:176151)
    at e.fire (/opt/visual-studio-code/resources/app/out/vs/workbench/services/extensions/node/extensionHostProcess.js:44:113)
    at t.Reader.onLengthData (/opt/visual-studio-code/resources/app/extensions/typescript-language-features/dist/extension.js:1:182224)
    at Socket.t.Reader.constructor.e.on.e (/opt/visual-studio-code/resources/app/extensions/typescript-language-features/dist/extension.js:1:181872)
    at Socket.emit (events.js:182:13)
    at addChunk (_stream_readable.js:279:12)
    at readableAddChunk (_stream_readable.js:264:11)
    at Socket.Readable.push (_stream_readable.js:219:10)
    at Pipe.onread (net.js:636:20)
[2019-02-27 22:29:37.589] [exthost] [error] [vscode.typescript-language-features] provider FAILED
[2019-02-27 22:29:37.589] [exthost] [error] Error: TypeScript Server Error (3.3.1)
Error processing request. Debug Failure. Did not expect JsxExpression to have an Identifier in its trivia
Error: Debug Failure. Did not expect JsxExpression to have an Identifier in its trivia
    at addSyntheticNodes (tsserver.js:117495:30)
    at createChildren (tsserver.js:117484:9)
    at NodeObject.getChildren (tsserver.js:117428:56)
    at getTokenAtPositionWorker (tsserver.js:93895:43)
    at Object.getTokenAtPosition (tsserver.js:93887:16)
    at getInfo (tsserver.js:114584:28)
    at Object.getAvailableActions (tsserver.js:114568:28)
    at tsserver.js:109632:128
    at getIterator (tsserver.js:558:23)
    at Object.flatMapIterator (tsserver.js:541:27)
    at Object.getApplicableRefactors (tsserver.js:109631:36)
    at Object.getApplicableRefactors (tsserver.js:119035:32)
    at Object.proxy.(anonymous function).args [as getApplicableRefactors] (/home/agabey/.vscode/extensions/visualstudioexptteam.vscodeintellicode-1.1.3/node_modules/@vsintellicode/typescript-intellicode-plugin/lib/vscode/index.js:24:43)
    at IOSession.Session.getApplicableRefactors (tsserver.js:126888:53)
    at Session.handlers.ts.createMapFromTemplate._a.(anonymous function) (tsserver.js:125761:61)
    at tsserver.js:127107:88
    at IOSession.Session.executeWithRequestId (tsserver.js:127098:28)
    at IOSession.Session.executeCommand (tsserver.js:127107:33)
    at IOSession.Session.onMessage (tsserver.js:127129:35)
    at Interface.<anonymous> (tsserver.js:128390:27)
    at Interface.emit (events.js:182:13)
    at Interface._onLine (readline.js:290:10)
    at Interface._normalWrite (readline.js:433:12)
    at Socket.ondata (readline.js:149:10)
    at Socket.emit (events.js:182:13)
    at addChunk (_stream_readable.js:279:12)
    at readableAddChunk (_stream_readable.js:264:11)
    at Socket.Readable.push (_stream_readable.js:219:10)
    at Pipe.onread (net.js:636:20)
    at v.dispatchResponse (/opt/visual-studio-code/resources/app/extensions/typescript-language-features/dist/extension.js:1:178041)
    at v.dispatchMessage (/opt/visual-studio-code/resources/app/extensions/typescript-language-features/dist/extension.js:1:176795)
    at constructor._reader.onData.e (/opt/visual-studio-code/resources/app/extensions/typescript-language-features/dist/extension.js:1:176151)
    at e.fire (/opt/visual-studio-code/resources/app/out/vs/workbench/services/extensions/node/extensionHostProcess.js:44:113)
    at t.Reader.onLengthData (/opt/visual-studio-code/resources/app/extensions/typescript-language-features/dist/extension.js:1:182224)
    at Socket.t.Reader.constructor.e.on.e (/opt/visual-studio-code/resources/app/extensions/typescript-language-features/dist/extension.js:1:181872)
    at Socket.emit (events.js:182:13)
    at addChunk (_stream_readable.js:279:12)
    at readableAddChunk (_stream_readable.js:264:11)
    at Socket.Readable.push (_stream_readable.js:219:10)
    at Pipe.onread (net.js:636:20)
