[2019-03-07 17:12:35.724] [sharedprocess] [info] main {"machineId":"0339e6760a1d417640ba89f5de3cd574725a889735b192a46090624192436a6d"}
[2019-03-07 17:12:36.782] [sharedprocess] [info] Scanned user extensions: 17
[2019-03-07 17:12:36.971] [sharedprocess] [info] Scanned system extensions: 71
[2019-03-07 17:12:36.998] [sharedprocess] [info] Deleted from disk vscjava.vscode-maven /home/agabey/.vscode/extensions/vscjava.vscode-maven-0.14.2
[2019-03-07 17:12:38.364] [sharedprocess] [info] Scanned user extensions: 17
[2019-03-07 17:12:38.379] [sharedprocess] [info] Scanned system extensions: 71
[2019-03-07 17:12:40.868] [sharedprocess] [info] Scanned user extensions: 17
[2019-03-07 17:12:41.354] [sharedprocess] [info] Installing extension: ms-python.python
[2019-03-07 17:12:41.355] [sharedprocess] [info] Installing extension: vscjava.vscode-java-debug
[2019-03-07 17:12:41.425] [sharedprocess] [info] Scanned user extensions: 17
[2019-03-07 17:12:41.431] [sharedprocess] [info] Scanned user extensions: 17
[2019-03-07 17:12:45.937] [sharedprocess] [info] Downloaded extension: vscjava.vscode-java-debug /tmp/36d92c75-d762-445b-a00c-c8132f2c53bd
[2019-03-07 17:12:46.083] [sharedprocess] [info] Extracted extension to /home/agabey/.vscode/extensions/.vscjava.vscode-java-debug-0.17.0: vscjava.vscode-java-debug
[2019-03-07 17:12:46.084] [sharedprocess] [info] Renamed to /home/agabey/.vscode/extensions/vscjava.vscode-java-debug-0.17.0
[2019-03-07 17:12:46.086] [sharedprocess] [info] Installation completed. vscjava.vscode-java-debug
[2019-03-07 17:12:46.219] [sharedprocess] [info] Scanned user extensions: 17
[2019-03-07 17:12:46.231] [sharedprocess] [info] Scanned system extensions: 71
[2019-03-07 17:12:46.231] [sharedprocess] [info] Extensions installed successfully: vscjava.vscode-java-debug
[2019-03-07 17:12:49.523] [sharedprocess] [info] Downloaded extension: ms-python.python /tmp/335b8e20-f02e-41b5-a5cb-2674a0325e79
[2019-03-07 17:12:50.790] [sharedprocess] [info] Extracted extension to /home/agabey/.vscode/extensions/.ms-python.python-2019.2.5558: ms-python.python
[2019-03-07 17:12:50.790] [sharedprocess] [info] Renamed to /home/agabey/.vscode/extensions/ms-python.python-2019.2.5558
[2019-03-07 17:12:50.795] [sharedprocess] [info] Installation completed. ms-python.python
[2019-03-07 17:12:50.874] [sharedprocess] [info] Extensions installed successfully: ms-python.python
[2019-03-07 17:13:01.126] [sharedprocess] [info] Scanned user extensions: 17
[2019-03-07 17:13:01.138] [sharedprocess] [info] Scanned system extensions: 71
[2019-03-07 17:13:01.408] [sharedprocess] [info] Scanned user extensions: 17
[2019-03-07 17:13:01.446] [sharedprocess] [info] Scanned system extensions: 71
[2019-03-07 17:13:03.441] [sharedprocess] [info] Scanned user extensions: 17
[2019-03-07 17:13:15.736] [sharedprocess] [info] Starting to clean up unused language packs.
[2019-03-07 17:18:03.522] [sharedprocess] [info] Scanned user extensions: 17
[2019-03-07 17:23:03.603] [sharedprocess] [info] Scanned user extensions: 17
[2019-03-07 17:28:03.671] [sharedprocess] [info] Scanned user extensions: 17
[2019-03-07 17:33:03.741] [sharedprocess] [info] Scanned user extensions: 17
[2019-03-07 17:38:03.824] [sharedprocess] [info] Scanned user extensions: 17
[2019-03-07 17:43:03.903] [sharedprocess] [info] Scanned user extensions: 17
[2019-03-07 17:48:03.979] [sharedprocess] [info] Scanned user extensions: 17
[2019-03-07 17:53:04.064] [sharedprocess] [info] Scanned user extensions: 17
[2019-03-07 17:58:04.138] [sharedprocess] [info] Scanned user extensions: 17
[2019-03-07 18:03:04.222] [sharedprocess] [info] Scanned user extensions: 17
[2019-03-07 18:08:04.287] [sharedprocess] [info] Scanned user extensions: 17
[2019-03-07 18:13:04.496] [sharedprocess] [info] Scanned user extensions: 17
[2019-03-07 18:18:04.555] [sharedprocess] [info] Scanned user extensions: 17
[2019-03-07 18:23:04.646] [sharedprocess] [info] Scanned user extensions: 17
[2019-03-07 18:28:04.721] [sharedprocess] [info] Scanned user extensions: 17
[2019-03-07 18:33:04.927] [sharedprocess] [info] Scanned user extensions: 17
[2019-03-07 18:38:05.008] [sharedprocess] [info] Scanned user extensions: 17
[2019-03-07 18:43:05.141] [sharedprocess] [info] Scanned user extensions: 17
[2019-03-07 18:48:05.211] [sharedprocess] [info] Scanned user extensions: 17
[2019-03-07 18:53:05.280] [sharedprocess] [info] Scanned user extensions: 17
[2019-03-07 18:58:05.348] [sharedprocess] [info] Scanned user extensions: 17
[2019-03-07 19:03:05.438] [sharedprocess] [info] Scanned user extensions: 17
[2019-03-07 19:08:05.501] [sharedprocess] [info] Scanned user extensions: 17
[2019-03-07 19:13:05.716] [sharedprocess] [info] Scanned user extensions: 17
[2019-03-07 19:18:05.880] [sharedprocess] [info] Scanned user extensions: 17
[2019-03-07 19:23:05.954] [sharedprocess] [info] Scanned user extensions: 17
[2019-03-07 19:28:06.059] [sharedprocess] [info] Scanned user extensions: 17
[2019-03-07 19:33:06.152] [sharedprocess] [info] Scanned user extensions: 17
[2019-03-07 19:38:06.227] [sharedprocess] [info] Scanned user extensions: 17
[2019-03-07 19:43:06.323] [sharedprocess] [info] Scanned user extensions: 17
[2019-03-07 19:48:06.392] [sharedprocess] [info] Scanned user extensions: 17
[2019-03-07 19:53:06.491] [sharedprocess] [info] Scanned user extensions: 17
[2019-03-07 20:03:17.039] [sharedprocess] [info] Scanned user extensions: 17
[2019-03-07 20:08:17.160] [sharedprocess] [info] Scanned user extensions: 17
[2019-03-07 20:13:17.361] [sharedprocess] [info] Scanned user extensions: 17
[2019-03-07 20:18:17.481] [sharedprocess] [info] Scanned user extensions: 17
[2019-03-07 20:23:17.575] [sharedprocess] [info] Scanned user extensions: 17
[2019-03-07 20:28:17.647] [sharedprocess] [info] Scanned user extensions: 17
[2019-03-07 20:33:17.725] [sharedprocess] [info] Scanned user extensions: 17
[2019-03-07 20:38:17.874] [sharedprocess] [info] Scanned user extensions: 17
[2019-03-07 20:43:18.007] [sharedprocess] [info] Scanned user extensions: 17
[2019-03-07 20:48:18.084] [sharedprocess] [info] Scanned user extensions: 17
[2019-03-07 20:53:18.175] [sharedprocess] [info] Scanned user extensions: 17
[2019-03-07 20:58:18.270] [sharedprocess] [info] Scanned user extensions: 17
[2019-03-07 21:03:18.351] [sharedprocess] [info] Scanned user extensions: 17
[2019-03-07 21:08:18.514] [sharedprocess] [info] Scanned user extensions: 17
[2019-03-07 21:13:18.732] [sharedprocess] [info] Scanned user extensions: 17
[2019-03-07 21:18:18.803] [sharedprocess] [info] Scanned user extensions: 17
[2019-03-07 21:23:18.870] [sharedprocess] [info] Scanned user extensions: 17
[2019-03-07 21:28:18.943] [sharedprocess] [info] Scanned user extensions: 17
[2019-03-07 21:33:19.032] [sharedprocess] [info] Scanned user extensions: 17
[2019-03-07 21:38:19.134] [sharedprocess] [info] Scanned user extensions: 17
[2019-03-07 21:43:19.232] [sharedprocess] [info] Scanned user extensions: 17
[2019-03-07 21:48:19.309] [sharedprocess] [info] Scanned user extensions: 17
