[2019-02-25 16:05:37.479] [exthost] [info] extension host started
[2019-02-25 16:05:37.652] [exthost] [info] ExtensionService#_doActivateExtension vscode.debug-auto-launch {"startup":true,"activationEvent":"*"}
[2019-02-25 16:05:37.652] [exthost] [info] ExtensionService#loadCommonJSModule /opt/visual-studio-code/resources/app/extensions/debug-auto-launch/dist/extension
[2019-02-25 16:05:37.757] [exthost] [info] ExtensionService#_doActivateExtension vscode.emmet {"startup":true,"activationEvent":"*"}
[2019-02-25 16:05:37.757] [exthost] [info] ExtensionService#loadCommonJSModule /opt/visual-studio-code/resources/app/extensions/emmet/dist/extension
[2019-02-25 16:05:37.799] [exthost] [info] ExtensionService#_doActivateExtension vscode.git {"startup":true,"activationEvent":"*"}
[2019-02-25 16:05:37.800] [exthost] [info] ExtensionService#loadCommonJSModule /opt/visual-studio-code/resources/app/extensions/git/dist/main
[2019-02-25 16:05:38.073] [exthost] [info] ExtensionService#_doActivateExtension vscode.merge-conflict {"startup":true,"activationEvent":"*"}
[2019-02-25 16:05:38.073] [exthost] [info] ExtensionService#loadCommonJSModule /opt/visual-studio-code/resources/app/extensions/merge-conflict/dist/extension
[2019-02-25 16:05:38.219] [exthost] [info] ExtensionService#_doActivateExtension eamodio.gitlens {"startup":true,"activationEvent":"*"}
[2019-02-25 16:05:38.219] [exthost] [info] ExtensionService#loadCommonJSModule /home/agabey/.vscode/extensions/eamodio.gitlens-9.5.1/dist/extension
[2019-02-25 16:05:38.466] [exthost] [info] ExtensionService#_doActivateExtension esbenp.prettier-vscode {"startup":true,"activationEvent":"*"}
[2019-02-25 16:05:38.466] [exthost] [info] ExtensionService#loadCommonJSModule /home/agabey/.vscode/extensions/esbenp.prettier-vscode-1.8.1/out/src/extension
[2019-02-25 16:05:40.093] [exthost] [info] ExtensionService#_doActivateExtension ms-vsliveshare.vsliveshare {"startup":true,"activationEvent":"*"}
[2019-02-25 16:05:40.093] [exthost] [info] ExtensionService#loadCommonJSModule /home/agabey/.vscode/extensions/ms-vsliveshare.vsliveshare-0.3.1225/out/prod/extension-prod
[2019-02-25 16:05:41.432] [exthost] [info] ExtensionService#_doActivateExtension robertohuertasm.vscode-icons {"startup":true,"activationEvent":"*"}
[2019-02-25 16:05:41.433] [exthost] [info] ExtensionService#loadCommonJSModule /home/agabey/.vscode/extensions/robertohuertasm.vscode-icons-8.2.0/out/src/
[2019-02-25 16:05:42.910] [exthost] [info] ExtensionService#_doActivateExtension ms-vscode.cpptools {"startup":false,"activationEvent":"onLanguage:c"}
[2019-02-25 16:05:42.910] [exthost] [info] ExtensionService#loadCommonJSModule /home/agabey/.vscode/extensions/ms-vscode.cpptools-0.21.0/out/src/main
[2019-02-25 16:05:44.436] [exthost] [info] ExtensionService#_doActivateExtension vscode.configuration-editing {"startup":false,"activationEvent":"onLanguage:json"}
[2019-02-25 16:05:44.436] [exthost] [info] ExtensionService#loadCommonJSModule /opt/visual-studio-code/resources/app/extensions/configuration-editing/dist/extension
[2019-02-25 16:05:44.481] [exthost] [info] ExtensionService#_doActivateExtension vscode.extension-editing {"startup":false,"activationEvent":"onLanguage:json"}
[2019-02-25 16:05:44.481] [exthost] [info] ExtensionService#loadCommonJSModule /opt/visual-studio-code/resources/app/extensions/extension-editing/dist/extension
[2019-02-25 16:05:44.554] [exthost] [info] ExtensionService#_doActivateExtension vscode.json-language-features {"startup":false,"activationEvent":"onLanguage:json"}
[2019-02-25 16:05:44.555] [exthost] [info] ExtensionService#loadCommonJSModule /opt/visual-studio-code/resources/app/extensions/json-language-features/client/dist/jsonMain
[2019-02-25 16:05:44.687] [exthost] [info] ExtensionService#_doActivateExtension vscode.npm {"startup":false,"activationEvent":"onLanguage:json"}
[2019-02-25 16:05:44.688] [exthost] [info] ExtensionService#loadCommonJSModule /opt/visual-studio-code/resources/app/extensions/npm/dist/main
[2019-02-25 16:05:44.747] [exthost] [info] ExtensionService#_doActivateExtension vscode.typescript-language-features {"startup":false,"activationEvent":"onLanguage:typescript"}
[2019-02-25 16:05:44.747] [exthost] [info] ExtensionService#loadCommonJSModule /opt/visual-studio-code/resources/app/extensions/typescript-language-features/dist/extension
[2019-02-25 16:05:44.875] [exthost] [info] ExtensionService#_doActivateExtension VisualStudioExptTeam.vscodeintellicode {"startup":false,"activationEvent":"onLanguage:typescript"}
[2019-02-25 16:05:44.875] [exthost] [info] ExtensionService#loadCommonJSModule /home/agabey/.vscode/extensions/visualstudioexptteam.vscodeintellicode-1.1.3/out/extension
[2019-02-25 16:05:49.909] [exthost] [info] ExtensionService#_doActivateExtension ms-vscode.csharp {"startup":true,"activationEvent":"workspaceContainsTimeout:*.csproj,*.sln,*.csx,*.cake,**/*.csproj,**/*.sln,**/*.csx,**/*.cake"}
[2019-02-25 16:05:49.909] [exthost] [info] ExtensionService#loadCommonJSModule /home/agabey/.vscode/extensions/ms-vscode.csharp-1.17.1/out/src/main
[2019-02-25 16:05:57.103] [exthost] [info] ExtensionService#_doActivateExtension vscjava.vscode-maven {"startup":true,"activationEvent":"workspaceContainsTimeout:**/pom.xml"}
[2019-02-25 16:05:57.103] [exthost] [info] ExtensionService#loadCommonJSModule /home/agabey/.vscode/extensions/vscjava.vscode-maven-0.14.2/dist/extension
[2019-02-25 16:05:57.375] [exthost] [info] eager extensions activated
[2019-02-25 16:09:58.928] [exthost] [info] extension host started
[2019-02-25 16:09:58.991] [exthost] [info] ExtensionService#_doActivateExtension vscode.debug-auto-launch {"startup":true,"activationEvent":"*"}
[2019-02-25 16:09:58.991] [exthost] [info] ExtensionService#loadCommonJSModule /opt/visual-studio-code/resources/app/extensions/debug-auto-launch/dist/extension
[2019-02-25 16:09:58.995] [exthost] [info] ExtensionService#_doActivateExtension vscode.emmet {"startup":true,"activationEvent":"*"}
[2019-02-25 16:09:58.995] [exthost] [info] ExtensionService#loadCommonJSModule /opt/visual-studio-code/resources/app/extensions/emmet/dist/extension
[2019-02-25 16:09:59.005] [exthost] [info] ExtensionService#_doActivateExtension vscode.git {"startup":true,"activationEvent":"*"}
[2019-02-25 16:09:59.005] [exthost] [info] ExtensionService#loadCommonJSModule /opt/visual-studio-code/resources/app/extensions/git/dist/main
[2019-02-25 16:09:59.037] [exthost] [info] ExtensionService#_doActivateExtension vscode.merge-conflict {"startup":true,"activationEvent":"*"}
[2019-02-25 16:09:59.038] [exthost] [info] ExtensionService#loadCommonJSModule /opt/visual-studio-code/resources/app/extensions/merge-conflict/dist/extension
[2019-02-25 16:09:59.040] [exthost] [info] ExtensionService#_doActivateExtension eamodio.gitlens {"startup":true,"activationEvent":"*"}
[2019-02-25 16:09:59.040] [exthost] [info] ExtensionService#loadCommonJSModule /home/agabey/.vscode/extensions/eamodio.gitlens-9.5.1/dist/extension
[2019-02-25 16:09:59.079] [exthost] [info] ExtensionService#_doActivateExtension esbenp.prettier-vscode {"startup":true,"activationEvent":"*"}
[2019-02-25 16:09:59.079] [exthost] [info] ExtensionService#loadCommonJSModule /home/agabey/.vscode/extensions/esbenp.prettier-vscode-1.8.1/out/src/extension
[2019-02-25 16:09:59.257] [exthost] [info] ExtensionService#_doActivateExtension ms-vsliveshare.vsliveshare {"startup":true,"activationEvent":"*"}
[2019-02-25 16:09:59.257] [exthost] [info] ExtensionService#loadCommonJSModule /home/agabey/.vscode/extensions/ms-vsliveshare.vsliveshare-0.3.1225/out/prod/extension-prod
[2019-02-25 16:09:59.499] [exthost] [info] ExtensionService#_doActivateExtension robertohuertasm.vscode-icons {"startup":true,"activationEvent":"*"}
[2019-02-25 16:09:59.499] [exthost] [info] ExtensionService#loadCommonJSModule /home/agabey/.vscode/extensions/robertohuertasm.vscode-icons-8.2.0/out/src/
[2019-02-25 16:09:59.554] [exthost] [info] ExtensionService#_doActivateExtension vscode.python {"startup":false,"activationEvent":"onLanguage:python"}
[2019-02-25 16:09:59.554] [exthost] [info] ExtensionService#loadCommonJSModule /opt/visual-studio-code/resources/app/extensions/python/out/pythonMain
[2019-02-25 16:09:59.747] [exthost] [info] ExtensionService#_doActivateExtension ms-python.python {"startup":false,"activationEvent":"onLanguage:python"}
[2019-02-25 16:09:59.747] [exthost] [info] ExtensionService#loadCommonJSModule /home/agabey/.vscode/extensions/ms-python.python-2019.1.0/out/client/extension
[2019-02-25 16:10:00.732] [exthost] [info] ExtensionService#_doActivateExtension VisualStudioExptTeam.vscodeintellicode {"startup":false,"activationEvent":"onLanguage:python"}
[2019-02-25 16:10:00.732] [exthost] [info] ExtensionService#loadCommonJSModule /home/agabey/.vscode/extensions/visualstudioexptteam.vscodeintellicode-1.1.3/out/extension
[2019-02-25 16:10:02.626] [exthost] [info] eager extensions activated
[2019-02-25 16:10:14.614] [exthost] [info] ExtensionService#_doActivateExtension vscode.configuration-editing {"startup":false,"activationEvent":"onLanguage:jsonc"}
[2019-02-25 16:10:14.614] [exthost] [info] ExtensionService#loadCommonJSModule /opt/visual-studio-code/resources/app/extensions/configuration-editing/dist/extension
[2019-02-25 16:10:14.618] [exthost] [info] ExtensionService#_doActivateExtension vscode.json-language-features {"startup":false,"activationEvent":"onLanguage:jsonc"}
[2019-02-25 16:10:14.618] [exthost] [info] ExtensionService#loadCommonJSModule /opt/visual-studio-code/resources/app/extensions/json-language-features/client/dist/jsonMain
[2019-02-25 16:10:14.630] [exthost] [info] ExtensionService#_doActivateExtension vscode.typescript-language-features {"startup":false,"activationEvent":"onLanguage:jsonc"}
[2019-02-25 16:10:14.630] [exthost] [info] ExtensionService#loadCommonJSModule /opt/visual-studio-code/resources/app/extensions/typescript-language-features/dist/extension
[2019-02-25 16:10:19.389] [exthost] [info] extension host started
[2019-02-25 16:10:19.553] [exthost] [info] ExtensionService#_doActivateExtension vscode.debug-auto-launch {"startup":true,"activationEvent":"*"}
[2019-02-25 16:10:19.553] [exthost] [info] ExtensionService#loadCommonJSModule /opt/visual-studio-code/resources/app/extensions/debug-auto-launch/dist/extension
[2019-02-25 16:10:19.557] [exthost] [info] ExtensionService#_doActivateExtension vscode.emmet {"startup":true,"activationEvent":"*"}
[2019-02-25 16:10:19.557] [exthost] [info] ExtensionService#loadCommonJSModule /opt/visual-studio-code/resources/app/extensions/emmet/dist/extension
[2019-02-25 16:10:19.564] [exthost] [info] ExtensionService#_doActivateExtension vscode.git {"startup":true,"activationEvent":"*"}
[2019-02-25 16:10:19.564] [exthost] [info] ExtensionService#loadCommonJSModule /opt/visual-studio-code/resources/app/extensions/git/dist/main
[2019-02-25 16:10:19.593] [exthost] [info] ExtensionService#_doActivateExtension vscode.merge-conflict {"startup":true,"activationEvent":"*"}
[2019-02-25 16:10:19.593] [exthost] [info] ExtensionService#loadCommonJSModule /opt/visual-studio-code/resources/app/extensions/merge-conflict/dist/extension
[2019-02-25 16:10:19.596] [exthost] [info] ExtensionService#_doActivateExtension eamodio.gitlens {"startup":true,"activationEvent":"*"}
[2019-02-25 16:10:19.596] [exthost] [info] ExtensionService#loadCommonJSModule /home/agabey/.vscode/extensions/eamodio.gitlens-9.5.1/dist/extension
[2019-02-25 16:10:19.625] [exthost] [info] ExtensionService#_doActivateExtension esbenp.prettier-vscode {"startup":true,"activationEvent":"*"}
[2019-02-25 16:10:19.625] [exthost] [info] ExtensionService#loadCommonJSModule /home/agabey/.vscode/extensions/esbenp.prettier-vscode-1.8.1/out/src/extension
[2019-02-25 16:10:19.782] [exthost] [info] ExtensionService#_doActivateExtension ms-vsliveshare.vsliveshare {"startup":true,"activationEvent":"*"}
[2019-02-25 16:10:19.782] [exthost] [info] ExtensionService#loadCommonJSModule /home/agabey/.vscode/extensions/ms-vsliveshare.vsliveshare-0.3.1225/out/prod/extension-prod
[2019-02-25 16:10:19.969] [exthost] [info] ExtensionService#_doActivateExtension robertohuertasm.vscode-icons {"startup":true,"activationEvent":"*"}
[2019-02-25 16:10:19.969] [exthost] [info] ExtensionService#loadCommonJSModule /home/agabey/.vscode/extensions/robertohuertasm.vscode-icons-8.2.0/out/src/
[2019-02-25 16:10:20.012] [exthost] [info] ExtensionService#_doActivateExtension vscode.python {"startup":false,"activationEvent":"onLanguage:python"}
[2019-02-25 16:10:20.012] [exthost] [info] ExtensionService#loadCommonJSModule /opt/visual-studio-code/resources/app/extensions/python/out/pythonMain
[2019-02-25 16:10:20.012] [exthost] [info] ExtensionService#_doActivateExtension ms-python.python {"startup":false,"activationEvent":"onLanguage:python"}
[2019-02-25 16:10:20.012] [exthost] [info] ExtensionService#loadCommonJSModule /home/agabey/.vscode/extensions/ms-python.python-2019.1.0/out/client/extension
[2019-02-25 16:10:20.174] [exthost] [info] ExtensionService#_doActivateExtension VisualStudioExptTeam.vscodeintellicode {"startup":false,"activationEvent":"onLanguage:python"}
[2019-02-25 16:10:20.174] [exthost] [info] ExtensionService#loadCommonJSModule /home/agabey/.vscode/extensions/visualstudioexptteam.vscodeintellicode-1.1.3/out/extension
[2019-02-25 16:10:21.167] [exthost] [info] eager extensions activated
[2019-02-25 16:10:27.622] [exthost] [info] ExtensionService#_doActivateExtension vscode.configuration-editing {"startup":false,"activationEvent":"onLanguage:jsonc"}
[2019-02-25 16:10:27.622] [exthost] [info] ExtensionService#loadCommonJSModule /opt/visual-studio-code/resources/app/extensions/configuration-editing/dist/extension
[2019-02-25 16:10:27.631] [exthost] [info] ExtensionService#_doActivateExtension vscode.json-language-features {"startup":false,"activationEvent":"onLanguage:jsonc"}
[2019-02-25 16:10:27.632] [exthost] [info] ExtensionService#loadCommonJSModule /opt/visual-studio-code/resources/app/extensions/json-language-features/client/dist/jsonMain
[2019-02-25 16:10:27.669] [exthost] [info] ExtensionService#_doActivateExtension vscode.typescript-language-features {"startup":false,"activationEvent":"onLanguage:jsonc"}
[2019-02-25 16:10:27.669] [exthost] [info] ExtensionService#loadCommonJSModule /opt/visual-studio-code/resources/app/extensions/typescript-language-features/dist/extension
[2019-02-25 16:14:19.281] [exthost] [error] [ms-python.python] provider FAILED
[2019-02-25 16:14:19.305] [exthost] [error] TypeError: Cannot read property 'map' of undefined
    at asCompletionResult (/home/agabey/.vscode/extensions/ms-python.python-2019.1.0/out/client/extension.js:83:96546)
[2019-02-25 16:26:40.168] [exthost] [error] [ms-python.python] provider FAILED
[2019-02-25 16:26:40.168] [exthost] [error] TypeError: Cannot read property 'map' of undefined
    at asCompletionResult (/home/agabey/.vscode/extensions/ms-python.python-2019.1.0/out/client/extension.js:83:96546)
[2019-02-25 16:26:54.026] [exthost] [error] [ms-python.python] provider FAILED
[2019-02-25 16:26:54.026] [exthost] [error] TypeError: Cannot read property 'map' of undefined
    at asCompletionResult (/home/agabey/.vscode/extensions/ms-python.python-2019.1.0/out/client/extension.js:83:96546)
[2019-02-25 16:26:54.535] [exthost] [error] [ms-python.python] provider FAILED
[2019-02-25 16:26:54.535] [exthost] [error] TypeError: Cannot read property 'map' of undefined
    at asCompletionResult (/home/agabey/.vscode/extensions/ms-python.python-2019.1.0/out/client/extension.js:83:96546)
[2019-02-25 16:26:54.627] [exthost] [error] [ms-python.python] provider FAILED
[2019-02-25 16:26:54.628] [exthost] [error] TypeError: Cannot read property 'map' of undefined
    at asCompletionResult (/home/agabey/.vscode/extensions/ms-python.python-2019.1.0/out/client/extension.js:83:96546)
[2019-02-25 16:28:57.377] [exthost] [error] [ms-python.python] provider FAILED
[2019-02-25 16:28:57.377] [exthost] [error] TypeError: Cannot read property 'map' of undefined
    at asCompletionResult (/home/agabey/.vscode/extensions/ms-python.python-2019.1.0/out/client/extension.js:83:96546)
[2019-02-25 16:29:00.287] [exthost] [error] [ms-python.python] provider FAILED
[2019-02-25 16:29:00.287] [exthost] [error] TypeError: Cannot read property 'map' of undefined
    at asCompletionResult (/home/agabey/.vscode/extensions/ms-python.python-2019.1.0/out/client/extension.js:83:96546)
[2019-02-25 16:33:42.266] [exthost] [error] [ms-python.python] provider FAILED
[2019-02-25 16:33:42.266] [exthost] [error] TypeError: Cannot read property 'map' of undefined
    at asCompletionResult (/home/agabey/.vscode/extensions/ms-python.python-2019.1.0/out/client/extension.js:83:96546)
[2019-02-25 16:33:44.020] [exthost] [error] [ms-python.python] provider FAILED
[2019-02-25 16:33:44.021] [exthost] [error] TypeError: Cannot read property 'map' of undefined
    at asCompletionResult (/home/agabey/.vscode/extensions/ms-python.python-2019.1.0/out/client/extension.js:83:96546)
[2019-02-25 16:33:44.226] [exthost] [error] [ms-python.python] provider FAILED
[2019-02-25 16:33:44.226] [exthost] [error] TypeError: Cannot read property 'map' of undefined
    at asCompletionResult (/home/agabey/.vscode/extensions/ms-python.python-2019.1.0/out/client/extension.js:83:96546)
[2019-02-25 16:33:44.401] [exthost] [error] [ms-python.python] provider FAILED
[2019-02-25 16:33:44.401] [exthost] [error] TypeError: Cannot read property 'map' of undefined
    at asCompletionResult (/home/agabey/.vscode/extensions/ms-python.python-2019.1.0/out/client/extension.js:83:96546)
[2019-02-25 16:33:44.586] [exthost] [error] [ms-python.python] provider FAILED
[2019-02-25 16:33:44.586] [exthost] [error] TypeError: Cannot read property 'map' of undefined
    at asCompletionResult (/home/agabey/.vscode/extensions/ms-python.python-2019.1.0/out/client/extension.js:83:96546)
[2019-02-25 16:33:44.928] [exthost] [error] [ms-python.python] provider FAILED
[2019-02-25 16:33:44.929] [exthost] [error] TypeError: Cannot read property 'map' of undefined
    at asCompletionResult (/home/agabey/.vscode/extensions/ms-python.python-2019.1.0/out/client/extension.js:83:96546)
[2019-02-25 16:33:45.119] [exthost] [error] [ms-python.python] provider FAILED
[2019-02-25 16:33:45.120] [exthost] [error] TypeError: Cannot read property 'map' of undefined
    at asCompletionResult (/home/agabey/.vscode/extensions/ms-python.python-2019.1.0/out/client/extension.js:83:96546)
[2019-02-25 16:34:27.974] [exthost] [error] [ms-python.python] provider FAILED
[2019-02-25 16:34:27.974] [exthost] [error] TypeError: Cannot read property 'map' of undefined
    at asCompletionResult (/home/agabey/.vscode/extensions/ms-python.python-2019.1.0/out/client/extension.js:83:96546)
