[2019-03-02 13:15:16.131] [exthost] [info] extension host started
[2019-03-02 13:15:16.196] [exthost] [info] ExtensionService#_doActivateExtension vscode.debug-auto-launch {"startup":true,"activationEvent":"*"}
[2019-03-02 13:15:16.196] [exthost] [info] ExtensionService#loadCommonJSModule /opt/visual-studio-code/resources/app/extensions/debug-auto-launch/dist/extension
[2019-03-02 13:15:16.567] [exthost] [info] ExtensionService#_doActivateExtension vscode.emmet {"startup":true,"activationEvent":"*"}
[2019-03-02 13:15:16.568] [exthost] [info] ExtensionService#loadCommonJSModule /opt/visual-studio-code/resources/app/extensions/emmet/dist/extension
[2019-03-02 13:15:16.760] [exthost] [info] ExtensionService#_doActivateExtension vscode.git {"startup":true,"activationEvent":"*"}
[2019-03-02 13:15:16.760] [exthost] [info] ExtensionService#loadCommonJSModule /opt/visual-studio-code/resources/app/extensions/git/dist/main
[2019-03-02 13:15:17.226] [exthost] [info] ExtensionService#_doActivateExtension vscode.merge-conflict {"startup":true,"activationEvent":"*"}
[2019-03-02 13:15:17.226] [exthost] [info] ExtensionService#loadCommonJSModule /opt/visual-studio-code/resources/app/extensions/merge-conflict/dist/extension
[2019-03-02 13:15:17.403] [exthost] [info] ExtensionService#_doActivateExtension eamodio.gitlens {"startup":true,"activationEvent":"*"}
[2019-03-02 13:15:17.403] [exthost] [info] ExtensionService#loadCommonJSModule /home/agabey/.vscode/extensions/eamodio.gitlens-9.5.1/dist/extension
[2019-03-02 13:15:17.764] [exthost] [info] ExtensionService#_doActivateExtension esbenp.prettier-vscode {"startup":true,"activationEvent":"*"}
[2019-03-02 13:15:17.764] [exthost] [info] ExtensionService#loadCommonJSModule /home/agabey/.vscode/extensions/esbenp.prettier-vscode-1.8.1/out/src/extension
[2019-03-02 13:15:22.758] [exthost] [info] ExtensionService#_doActivateExtension ms-vsliveshare.vsliveshare {"startup":true,"activationEvent":"*"}
[2019-03-02 13:15:22.758] [exthost] [info] ExtensionService#loadCommonJSModule /home/agabey/.vscode/extensions/ms-vsliveshare.vsliveshare-0.3.1256/out/prod/extension-prod
[2019-03-02 13:15:24.278] [exthost] [info] ExtensionService#_doActivateExtension robertohuertasm.vscode-icons {"startup":true,"activationEvent":"*"}
[2019-03-02 13:15:24.278] [exthost] [info] ExtensionService#loadCommonJSModule /home/agabey/.vscode/extensions/robertohuertasm.vscode-icons-8.2.0/out/src/
[2019-03-02 13:15:25.389] [exthost] [info] ExtensionService#_doActivateExtension vscode.typescript-language-features {"startup":false,"activationEvent":"onLanguage:javascript"}
[2019-03-02 13:15:25.389] [exthost] [info] ExtensionService#loadCommonJSModule /opt/visual-studio-code/resources/app/extensions/typescript-language-features/dist/extension
[2019-03-02 13:15:25.694] [exthost] [info] ExtensionService#_doActivateExtension VisualStudioExptTeam.vscodeintellicode {"startup":false,"activationEvent":"onLanguage:javascript"}
[2019-03-02 13:15:25.694] [exthost] [info] ExtensionService#loadCommonJSModule /home/agabey/.vscode/extensions/visualstudioexptteam.vscodeintellicode-1.1.3/out/extension
[2019-03-02 13:15:32.434] [exthost] [info] ExtensionService#_doActivateExtension ms-vscode.csharp {"startup":true,"activationEvent":"workspaceContainsTimeout:*.csproj,*.sln,*.csx,*.cake,**/*.csproj,**/*.sln,**/*.csx,**/*.cake"}
[2019-03-02 13:15:32.434] [exthost] [info] ExtensionService#loadCommonJSModule /home/agabey/.vscode/extensions/ms-vscode.csharp-1.17.1/out/src/main
[2019-03-02 13:16:08.229] [exthost] [info] ExtensionService#_doActivateExtension vscjava.vscode-maven {"startup":true,"activationEvent":"workspaceContainsTimeout:**/pom.xml"}
[2019-03-02 13:16:08.229] [exthost] [info] ExtensionService#loadCommonJSModule /home/agabey/.vscode/extensions/vscjava.vscode-maven-0.14.2/dist/extension
[2019-03-02 13:16:09.409] [exthost] [info] extension host started
[2019-03-02 13:16:09.511] [exthost] [info] ExtensionService#_doActivateExtension vscode.debug-auto-launch {"startup":true,"activationEvent":"*"}
[2019-03-02 13:16:09.511] [exthost] [info] ExtensionService#loadCommonJSModule /opt/visual-studio-code/resources/app/extensions/debug-auto-launch/dist/extension
[2019-03-02 13:16:09.515] [exthost] [info] ExtensionService#_doActivateExtension vscode.emmet {"startup":true,"activationEvent":"*"}
[2019-03-02 13:16:09.516] [exthost] [info] ExtensionService#loadCommonJSModule /opt/visual-studio-code/resources/app/extensions/emmet/dist/extension
[2019-03-02 13:16:09.524] [exthost] [info] ExtensionService#_doActivateExtension vscode.git {"startup":true,"activationEvent":"*"}
[2019-03-02 13:16:09.524] [exthost] [info] ExtensionService#loadCommonJSModule /opt/visual-studio-code/resources/app/extensions/git/dist/main
[2019-03-02 13:16:09.565] [exthost] [info] ExtensionService#_doActivateExtension vscode.merge-conflict {"startup":true,"activationEvent":"*"}
[2019-03-02 13:16:09.565] [exthost] [info] ExtensionService#loadCommonJSModule /opt/visual-studio-code/resources/app/extensions/merge-conflict/dist/extension
[2019-03-02 13:16:09.567] [exthost] [info] ExtensionService#_doActivateExtension eamodio.gitlens {"startup":true,"activationEvent":"*"}
[2019-03-02 13:16:09.567] [exthost] [info] ExtensionService#loadCommonJSModule /home/agabey/.vscode/extensions/eamodio.gitlens-9.5.1/dist/extension
[2019-03-02 13:16:09.598] [exthost] [info] ExtensionService#_doActivateExtension esbenp.prettier-vscode {"startup":true,"activationEvent":"*"}
[2019-03-02 13:16:09.598] [exthost] [info] ExtensionService#loadCommonJSModule /home/agabey/.vscode/extensions/esbenp.prettier-vscode-1.8.1/out/src/extension
[2019-03-02 13:16:09.690] [exthost] [info] ExtensionService#_doActivateExtension ms-vsliveshare.vsliveshare {"startup":true,"activationEvent":"*"}
[2019-03-02 13:16:09.690] [exthost] [info] ExtensionService#loadCommonJSModule /home/agabey/.vscode/extensions/ms-vsliveshare.vsliveshare-0.3.1256/out/prod/extension-prod
[2019-03-02 13:16:09.873] [exthost] [info] ExtensionService#_doActivateExtension robertohuertasm.vscode-icons {"startup":true,"activationEvent":"*"}
[2019-03-02 13:16:09.873] [exthost] [info] ExtensionService#loadCommonJSModule /home/agabey/.vscode/extensions/robertohuertasm.vscode-icons-8.2.0/out/src/
[2019-03-02 13:16:09.942] [exthost] [info] ExtensionService#_doActivateExtension ms-vscode.cpptools {"startup":false,"activationEvent":"onLanguage:c"}
[2019-03-02 13:16:09.942] [exthost] [info] ExtensionService#loadCommonJSModule /home/agabey/.vscode/extensions/ms-vscode.cpptools-0.21.0/out/src/main
[2019-03-02 13:16:17.157] [exthost] [info] ExtensionService#_doActivateExtension ms-vscode.csharp {"startup":true,"activationEvent":"workspaceContainsTimeout:*.csproj,*.sln,*.csx,*.cake,**/*.csproj,**/*.sln,**/*.csx,**/*.cake"}
[2019-03-02 13:16:17.157] [exthost] [info] ExtensionService#loadCommonJSModule /home/agabey/.vscode/extensions/ms-vscode.csharp-1.17.1/out/src/main
[2019-03-02 13:16:17.538] [exthost] [info] ExtensionService#_doActivateExtension vscjava.vscode-maven {"startup":true,"activationEvent":"workspaceContainsTimeout:**/pom.xml"}
[2019-03-02 13:16:17.538] [exthost] [info] ExtensionService#loadCommonJSModule /home/agabey/.vscode/extensions/vscjava.vscode-maven-0.14.2/dist/extension
[2019-03-02 13:16:17.621] [exthost] [info] eager extensions activated
[2019-03-02 14:23:38.958] [exthost] [error] [eamodio.gitlens] provider FAILED
[2019-03-02 14:23:39.612] [exthost] [error] Error: Illegal value for `line`
    at t._lineAt (/opt/visual-studio-code/resources/app/out/vs/workbench/services/extensions/node/extensionHostProcess.js:364:537)
    at Object.lineAt (/opt/visual-studio-code/resources/app/out/vs/workbench/services/extensions/node/extensionHostProcess.js:363:320)
    at codeLensProvider_GitCodeLensProvider.provideCodeLens (/home/agabey/.vscode/extensions/eamodio.gitlens-9.5.1/dist/webpack:/src/codelens/codeLensProvider.ts:388:17)
    at codeLensProvider_GitCodeLensProvider.provideCodeLenses (/home/agabey/.vscode/extensions/eamodio.gitlens-9.5.1/dist/webpack:/src/codelens/codeLensProvider.ts:208:99)
[2019-03-02 14:23:39.758] [exthost] [error] [eamodio.gitlens] provider FAILED
[2019-03-02 14:23:39.759] [exthost] [error] Error: Illegal value for `line`
    at t._lineAt (/opt/visual-studio-code/resources/app/out/vs/workbench/services/extensions/node/extensionHostProcess.js:364:537)
    at Object.lineAt (/opt/visual-studio-code/resources/app/out/vs/workbench/services/extensions/node/extensionHostProcess.js:363:320)
    at codeLensProvider_GitCodeLensProvider.provideCodeLens (/home/agabey/.vscode/extensions/eamodio.gitlens-9.5.1/dist/webpack:/src/codelens/codeLensProvider.ts:388:17)
    at codeLensProvider_GitCodeLensProvider.provideCodeLenses (/home/agabey/.vscode/extensions/eamodio.gitlens-9.5.1/dist/webpack:/src/codelens/codeLensProvider.ts:208:99)
[2019-03-02 14:26:54.757] [exthost] [error] [eamodio.gitlens] provider FAILED
[2019-03-02 14:26:54.757] [exthost] [error] Error: Illegal value for `line`
    at t._lineAt (/opt/visual-studio-code/resources/app/out/vs/workbench/services/extensions/node/extensionHostProcess.js:364:537)
    at Object.lineAt (/opt/visual-studio-code/resources/app/out/vs/workbench/services/extensions/node/extensionHostProcess.js:363:320)
    at codeLensProvider_GitCodeLensProvider.provideCodeLens (/home/agabey/.vscode/extensions/eamodio.gitlens-9.5.1/dist/webpack:/src/codelens/codeLensProvider.ts:388:17)
    at codeLensProvider_GitCodeLensProvider.provideCodeLenses (/home/agabey/.vscode/extensions/eamodio.gitlens-9.5.1/dist/webpack:/src/codelens/codeLensProvider.ts:208:99)
[2019-03-02 14:26:54.777] [exthost] [error] [eamodio.gitlens] provider FAILED
[2019-03-02 14:26:54.777] [exthost] [error] Error: Illegal value for `line`
    at t._lineAt (/opt/visual-studio-code/resources/app/out/vs/workbench/services/extensions/node/extensionHostProcess.js:364:537)
    at Object.lineAt (/opt/visual-studio-code/resources/app/out/vs/workbench/services/extensions/node/extensionHostProcess.js:363:320)
    at codeLensProvider_GitCodeLensProvider.provideCodeLens (/home/agabey/.vscode/extensions/eamodio.gitlens-9.5.1/dist/webpack:/src/codelens/codeLensProvider.ts:388:17)
    at codeLensProvider_GitCodeLensProvider.provideCodeLenses (/home/agabey/.vscode/extensions/eamodio.gitlens-9.5.1/dist/webpack:/src/codelens/codeLensProvider.ts:208:99)
