[2019-02-27 19:33:03.798] [renderer1] [info] no standard startup: panel is active
[2019-02-27 19:33:52.620] [renderer1] [info] no standard startup: not a new window
[2019-02-27 19:34:01.861] [renderer1] [warning] UNRESPONSIVE extension host, 'VisualStudioExptTeam.vscodeintellicode' took 100% of 5374.664ms, saved PROFILE here: '/tmp/exthost-148783.cpuprofile' [{"id":"gc","total":491,"percentage":0},{"id":"program","total":1109,"percentage":0},{"id":"VisualStudioExptTeam.vscodeintellicode","total":5369234,"percentage":100}]
[2019-02-27 22:29:37.232] [renderer1] [error] TypeScript Server Error (3.3.1)
Error processing request. Debug Failure. Did not expect JsxExpression to have an Identifier in its trivia
Error: Debug Failure. Did not expect JsxExpression to have an Identifier in its trivia
    at addSyntheticNodes (tsserver.js:117495:30)
    at createChildren (tsserver.js:117484:9)
    at NodeObject.getChildren (tsserver.js:117428:56)
    at getTokenAtPositionWorker (tsserver.js:93895:43)
    at Object.getTokenAtPosition (tsserver.js:93887:16)
    at getInfo (tsserver.js:114584:28)
    at Object.getAvailableActions (tsserver.js:114568:28)
    at tsserver.js:109632:128
    at getIterator (tsserver.js:558:23)
    at Object.flatMapIterator (tsserver.js:541:27)
    at Object.getApplicableRefactors (tsserver.js:109631:36)
    at Object.getApplicableRefactors (tsserver.js:119035:32)
    at Object.proxy.(anonymous function).args [as getApplicableRefactors] (/home/agabey/.vscode/extensions/visualstudioexptteam.vscodeintellicode-1.1.3/node_modules/@vsintellicode/typescript-intellicode-plugin/lib/vscode/index.js:24:43)
    at IOSession.Session.getApplicableRefactors (tsserver.js:126888:53)
    at Session.handlers.ts.createMapFromTemplate._a.(anonymous function) (tsserver.js:125761:61)
    at tsserver.js:127107:88
    at IOSession.Session.executeWithRequestId (tsserver.js:127098:28)
    at IOSession.Session.executeCommand (tsserver.js:127107:33)
    at IOSession.Session.onMessage (tsserver.js:127129:35)
    at Interface.<anonymous> (tsserver.js:128390:27)
    at Interface.emit (events.js:182:13)
    at Interface._onLine (readline.js:290:10)
    at Interface._normalWrite (readline.js:433:12)
    at Socket.ondata (readline.js:149:10)
    at Socket.emit (events.js:182:13)
    at addChunk (_stream_readable.js:279:12)
    at readableAddChunk (_stream_readable.js:264:11)
    at Socket.Readable.push (_stream_readable.js:219:10)
    at Pipe.onread (net.js:636:20): Error: TypeScript Server Error (3.3.1)
Error processing request. Debug Failure. Did not expect JsxExpression to have an Identifier in its trivia
Error: Debug Failure. Did not expect JsxExpression to have an Identifier in its trivia
    at addSyntheticNodes (tsserver.js:117495:30)
    at createChildren (tsserver.js:117484:9)
    at NodeObject.getChildren (tsserver.js:117428:56)
    at getTokenAtPositionWorker (tsserver.js:93895:43)
    at Object.getTokenAtPosition (tsserver.js:93887:16)
    at getInfo (tsserver.js:114584:28)
    at Object.getAvailableActions (tsserver.js:114568:28)
    at tsserver.js:109632:128
    at getIterator (tsserver.js:558:23)
    at Object.flatMapIterator (tsserver.js:541:27)
    at Object.getApplicableRefactors (tsserver.js:109631:36)
    at Object.getApplicableRefactors (tsserver.js:119035:32)
    at Object.proxy.(anonymous function).args [as getApplicableRefactors] (/home/agabey/.vscode/extensions/visualstudioexptteam.vscodeintellicode-1.1.3/node_modules/@vsintellicode/typescript-intellicode-plugin/lib/vscode/index.js:24:43)
    at IOSession.Session.getApplicableRefactors (tsserver.js:126888:53)
    at Session.handlers.ts.createMapFromTemplate._a.(anonymous function) (tsserver.js:125761:61)
    at tsserver.js:127107:88
    at IOSession.Session.executeWithRequestId (tsserver.js:127098:28)
    at IOSession.Session.executeCommand (tsserver.js:127107:33)
    at IOSession.Session.onMessage (tsserver.js:127129:35)
    at Interface.<anonymous> (tsserver.js:128390:27)
    at Interface.emit (events.js:182:13)
    at Interface._onLine (readline.js:290:10)
    at Interface._normalWrite (readline.js:433:12)
    at Socket.ondata (readline.js:149:10)
    at Socket.emit (events.js:182:13)
    at addChunk (_stream_readable.js:279:12)
    at readableAddChunk (_stream_readable.js:264:11)
    at Socket.Readable.push (_stream_readable.js:219:10)
    at Pipe.onread (net.js:636:20)
    at v.dispatchResponse (/opt/visual-studio-code/resources/app/extensions/typescript-language-features/dist/extension.js:1:178041)
    at v.dispatchMessage (/opt/visual-studio-code/resources/app/extensions/typescript-language-features/dist/extension.js:1:176795)
    at constructor._reader.onData.e (/opt/visual-studio-code/resources/app/extensions/typescript-language-features/dist/extension.js:1:176151)
    at e.fire (/opt/visual-studio-code/resources/app/out/vs/workbench/services/extensions/node/extensionHostProcess.js:44:113)
    at t.Reader.onLengthData (/opt/visual-studio-code/resources/app/extensions/typescript-language-features/dist/extension.js:1:182224)
    at Socket.t.Reader.constructor.e.on.e (/opt/visual-studio-code/resources/app/extensions/typescript-language-features/dist/extension.js:1:181872)
    at Socket.emit (events.js:182:13)
    at addChunk (_stream_readable.js:279:12)
    at readableAddChunk (_stream_readable.js:264:11)
    at Socket.Readable.push (_stream_readable.js:219:10)
    at Pipe.onread (net.js:636:20)
