[2019-02-27 19:32:57.381] [sharedprocess] [info] main {"machineId":"0339e6760a1d417640ba89f5de3cd574725a889735b192a46090624192436a6d"}
[2019-02-27 19:32:58.880] [sharedprocess] [info] Scanned user extensions: 16
[2019-02-27 19:32:59.174] [sharedprocess] [info] Scanned system extensions: 71
[2019-02-27 19:33:01.261] [sharedprocess] [info] Scanned user extensions: 16
[2019-02-27 19:33:01.276] [sharedprocess] [info] Scanned system extensions: 71
[2019-02-27 19:33:03.815] [sharedprocess] [info] Scanned user extensions: 16
[2019-02-27 19:33:05.139] [sharedprocess] [info] Installing extension: ms-python.python
[2019-02-27 19:33:05.140] [sharedprocess] [info] Installing extension: ms-vsliveshare.vsliveshare
[2019-02-27 19:33:05.214] [sharedprocess] [info] Scanned user extensions: 16
[2019-02-27 19:33:05.224] [sharedprocess] [info] Scanned user extensions: 16
[2019-02-27 19:33:14.296] [sharedprocess] [info] Downloaded extension: ms-python.python /tmp/8580ee5f-8afc-420d-a94f-d7ec50bbc21c
[2019-02-27 19:33:15.685] [sharedprocess] [info] Extracted extension to /home/agabey/.vscode/extensions/.ms-python.python-2019.2.5416: ms-python.python
[2019-02-27 19:33:15.686] [sharedprocess] [info] Renamed to /home/agabey/.vscode/extensions/ms-python.python-2019.2.5416
[2019-02-27 19:33:15.690] [sharedprocess] [info] Installation completed. ms-python.python
[2019-02-27 19:33:15.758] [sharedprocess] [info] Extensions installed successfully: ms-python.python
[2019-02-27 19:33:16.180] [sharedprocess] [info] Downloaded extension: ms-vsliveshare.vsliveshare /tmp/fcc5b7ab-16f0-488e-a3ac-bd4e8398ae40
[2019-02-27 19:33:17.222] [sharedprocess] [info] Extracted extension to /home/agabey/.vscode/extensions/.ms-vsliveshare.vsliveshare-0.3.1256: ms-vsliveshare.vsliveshare
[2019-02-27 19:33:17.222] [sharedprocess] [info] Renamed to /home/agabey/.vscode/extensions/ms-vsliveshare.vsliveshare-0.3.1256
[2019-02-27 19:33:17.224] [sharedprocess] [info] Installation completed. ms-vsliveshare.vsliveshare
[2019-02-27 19:33:17.320] [sharedprocess] [info] Extensions installed successfully: ms-vsliveshare.vsliveshare
[2019-02-27 19:33:37.392] [sharedprocess] [info] Starting to clean up unused language packs.
[2019-02-27 19:33:50.247] [sharedprocess] [info] Scanned user extensions: 16
[2019-02-27 19:33:50.272] [sharedprocess] [info] Scanned system extensions: 71
[2019-02-27 19:33:52.710] [sharedprocess] [info] Scanned user extensions: 16
[2019-02-27 19:38:52.815] [sharedprocess] [info] Scanned user extensions: 16
[2019-02-27 19:43:52.892] [sharedprocess] [info] Scanned user extensions: 16
[2019-02-27 19:48:52.962] [sharedprocess] [info] Scanned user extensions: 16
[2019-02-27 19:53:53.028] [sharedprocess] [info] Scanned user extensions: 16
[2019-02-27 19:58:53.120] [sharedprocess] [info] Scanned user extensions: 16
[2019-02-27 20:03:53.190] [sharedprocess] [info] Scanned user extensions: 16
[2019-02-27 20:08:53.250] [sharedprocess] [info] Scanned user extensions: 16
[2019-02-27 20:13:53.305] [sharedprocess] [info] Scanned user extensions: 16
[2019-02-27 20:18:53.385] [sharedprocess] [info] Scanned user extensions: 16
[2019-02-27 20:23:53.477] [sharedprocess] [info] Scanned user extensions: 16
[2019-02-27 20:28:53.601] [sharedprocess] [info] Scanned user extensions: 16
[2019-02-27 20:33:53.761] [sharedprocess] [info] Scanned user extensions: 16
[2019-02-27 20:38:53.829] [sharedprocess] [info] Scanned user extensions: 16
[2019-02-27 20:43:53.971] [sharedprocess] [info] Scanned user extensions: 16
[2019-02-27 20:48:54.051] [sharedprocess] [info] Scanned user extensions: 16
[2019-02-27 20:53:54.147] [sharedprocess] [info] Scanned user extensions: 16
[2019-02-27 20:58:54.215] [sharedprocess] [info] Scanned user extensions: 16
[2019-02-27 21:03:54.288] [sharedprocess] [info] Scanned user extensions: 16
[2019-02-27 21:08:54.417] [sharedprocess] [info] Scanned user extensions: 16
[2019-02-27 21:13:54.492] [sharedprocess] [info] Scanned user extensions: 16
[2019-02-27 21:18:54.572] [sharedprocess] [info] Scanned user extensions: 16
[2019-02-27 21:23:54.668] [sharedprocess] [info] Scanned user extensions: 16
[2019-02-27 21:28:54.804] [sharedprocess] [info] Scanned user extensions: 16
[2019-02-27 21:33:55.068] [sharedprocess] [info] Scanned user extensions: 16
[2019-02-27 21:38:55.145] [sharedprocess] [info] Scanned user extensions: 16
[2019-02-27 21:43:55.201] [sharedprocess] [info] Scanned user extensions: 16
[2019-02-27 21:48:55.302] [sharedprocess] [info] Scanned user extensions: 16
[2019-02-27 21:53:55.374] [sharedprocess] [info] Scanned user extensions: 16
[2019-02-27 21:58:55.438] [sharedprocess] [info] Scanned user extensions: 16
[2019-02-27 22:03:55.511] [sharedprocess] [info] Scanned user extensions: 16
[2019-02-27 22:08:55.612] [sharedprocess] [info] Scanned user extensions: 16
[2019-02-27 22:13:55.676] [sharedprocess] [info] Scanned user extensions: 16
[2019-02-27 22:18:55.750] [sharedprocess] [info] Scanned user extensions: 16
[2019-02-27 22:23:55.820] [sharedprocess] [info] Scanned user extensions: 16
[2019-02-27 22:28:55.904] [sharedprocess] [info] Scanned user extensions: 16
