[2019-03-05 23:17:57.627] [sharedprocess] [info] main {"machineId":"0339e6760a1d417640ba89f5de3cd574725a889735b192a46090624192436a6d"}
[2019-03-05 23:17:57.829] [sharedprocess] [info] Scanned user extensions: 16
[2019-03-05 23:17:57.858] [sharedprocess] [info] Scanned user extensions: 16
[2019-03-05 23:17:57.868] [sharedprocess] [info] Scanned user extensions: 16
[2019-03-05 23:17:57.895] [sharedprocess] [info] Scanned system extensions: 71
[2019-03-05 23:17:57.901] [sharedprocess] [info] Scanned system extensions: 71
[2019-03-05 23:17:57.916] [sharedprocess] [info] Scanned system extensions: 71
[2019-03-05 23:17:58.044] [sharedprocess] [info] Deleted from disk ms-vsliveshare.vsliveshare /home/agabey/.vscode/extensions/ms-vsliveshare.vsliveshare-0.3.1256
[2019-03-05 23:17:58.608] [sharedprocess] [info] Scanned user extensions: 16
[2019-03-05 23:17:59.696] [sharedprocess] [info] Installing extension: vscjava.vscode-maven
[2019-03-05 23:17:59.791] [sharedprocess] [info] Scanned user extensions: 16
[2019-03-05 23:18:00.803] [sharedprocess] [info] Downloaded extension: vscjava.vscode-maven /tmp/e6d8801c-bfe6-4dc6-8374-795f57b7b928
[2019-03-05 23:18:01.089] [sharedprocess] [info] Extracted extension to /home/agabey/.vscode/extensions/.vscjava.vscode-maven-0.15.0: vscjava.vscode-maven
[2019-03-05 23:18:01.090] [sharedprocess] [info] Renamed to /home/agabey/.vscode/extensions/vscjava.vscode-maven-0.15.0
[2019-03-05 23:18:01.092] [sharedprocess] [info] Installation completed. vscjava.vscode-maven
[2019-03-05 23:18:01.149] [sharedprocess] [info] Extensions installed successfully: vscjava.vscode-maven
[2019-03-05 23:18:16.862] [sharedprocess] [info] Scanned user extensions: 16
[2019-03-05 23:18:16.874] [sharedprocess] [info] Scanned system extensions: 71
[2019-03-05 23:18:19.095] [sharedprocess] [info] Scanned user extensions: 16
[2019-03-05 23:18:37.636] [sharedprocess] [info] Starting to clean up unused language packs.
[2019-03-05 23:18:39.974] [sharedprocess] [info] Scanned user extensions: 16
[2019-03-05 23:18:39.989] [sharedprocess] [info] Scanned user extensions: 16
[2019-03-05 23:18:39.995] [sharedprocess] [info] Scanned user extensions: 16
[2019-03-05 23:18:40.006] [sharedprocess] [info] Scanned user extensions: 16
[2019-03-05 23:18:40.052] [sharedprocess] [info] Scanned system extensions: 71
[2019-03-05 23:18:40.064] [sharedprocess] [info] Scanned system extensions: 71
[2019-03-05 23:18:40.077] [sharedprocess] [info] Scanned system extensions: 71
[2019-03-05 23:18:53.371] [sharedprocess] [info] Installing extension: james-yu.latex-workshop
[2019-03-05 23:18:53.404] [sharedprocess] [info] Scanned user extensions: 16
[2019-03-05 23:19:00.211] [sharedprocess] [info] Downloaded extension: james-yu.latex-workshop /tmp/0a44ed88-b1a7-457b-a77c-c532fc0b0a90
[2019-03-05 23:19:08.449] [sharedprocess] [info] Extracted extension to /home/agabey/.vscode/extensions/.james-yu.latex-workshop-6.1.0: james-yu.latex-workshop
[2019-03-05 23:19:08.449] [sharedprocess] [info] Renamed to /home/agabey/.vscode/extensions/james-yu.latex-workshop-6.1.0
[2019-03-05 23:19:08.453] [sharedprocess] [info] Installation completed. james-yu.latex-workshop
[2019-03-05 23:19:08.516] [sharedprocess] [info] Extensions installed successfully: james-yu.latex-workshop
[2019-03-05 23:23:19.159] [sharedprocess] [info] Scanned user extensions: 17
[2019-03-05 23:28:19.222] [sharedprocess] [info] Scanned user extensions: 17
[2019-03-05 23:33:19.284] [sharedprocess] [info] Scanned user extensions: 17
[2019-03-05 23:38:19.344] [sharedprocess] [info] Scanned user extensions: 17
[2019-03-05 23:43:19.414] [sharedprocess] [info] Scanned user extensions: 17
[2019-03-05 23:48:19.494] [sharedprocess] [info] Scanned user extensions: 17
[2019-03-05 23:53:19.555] [sharedprocess] [info] Scanned user extensions: 17
[2019-03-05 23:58:19.610] [sharedprocess] [info] Scanned user extensions: 17
[2019-03-06 00:03:19.685] [sharedprocess] [info] Scanned user extensions: 17
[2019-03-06 00:08:19.762] [sharedprocess] [info] Scanned user extensions: 17
[2019-03-06 00:13:19.829] [sharedprocess] [info] Scanned user extensions: 17
[2019-03-06 00:18:20.065] [sharedprocess] [info] Scanned user extensions: 17
[2019-03-06 00:23:20.121] [sharedprocess] [info] Scanned user extensions: 17
[2019-03-06 00:28:20.181] [sharedprocess] [info] Scanned user extensions: 17
[2019-03-06 00:33:20.247] [sharedprocess] [info] Scanned user extensions: 17
[2019-03-06 00:38:20.306] [sharedprocess] [info] Scanned user extensions: 17
[2019-03-06 00:43:20.375] [sharedprocess] [info] Scanned user extensions: 17
[2019-03-06 00:48:20.435] [sharedprocess] [info] Scanned user extensions: 17
[2019-03-06 00:53:20.487] [sharedprocess] [info] Scanned user extensions: 17
[2019-03-06 00:58:20.554] [sharedprocess] [info] Scanned user extensions: 17
[2019-03-06 01:03:20.658] [sharedprocess] [info] Scanned user extensions: 17
[2019-03-06 01:08:20.721] [sharedprocess] [info] Scanned user extensions: 17
[2019-03-06 01:13:20.781] [sharedprocess] [info] Scanned user extensions: 17
[2019-03-06 01:18:20.960] [sharedprocess] [info] Scanned user extensions: 17
[2019-03-06 01:23:21.025] [sharedprocess] [info] Scanned user extensions: 17
[2019-03-06 01:28:21.091] [sharedprocess] [info] Scanned user extensions: 17
[2019-03-06 01:33:21.142] [sharedprocess] [info] Scanned user extensions: 17
[2019-03-06 01:38:21.199] [sharedprocess] [info] Scanned user extensions: 17
[2019-03-06 01:43:21.325] [sharedprocess] [info] Scanned user extensions: 17
[2019-03-06 01:48:21.395] [sharedprocess] [info] Scanned user extensions: 17
