[2019-03-02 15:22:07.722] [renderer1] [info] no standard startup: panel is active
[2019-03-02 15:31:47.908] [renderer1] [error] Data tree node not found: [object Object]: Error: Data tree node not found: [object Object]
    at i.e.getDataNode (file:///opt/visual-studio-code/resources/app/out/vs/workbench/workbench.main.js:1037:266)
    at i.<anonymous> (file:///opt/visual-studio-code/resources/app/out/vs/workbench/workbench.main.js:1034:703)
    at file:///opt/visual-studio-code/resources/app/out/vs/workbench/workbench.main.js:33:935
    at Object.next (file:///opt/visual-studio-code/resources/app/out/vs/workbench/workbench.main.js:34:33)
    at file:///opt/visual-studio-code/resources/app/out/vs/workbench/workbench.main.js:33:160
    at new Promise (<anonymous>)
    at i (file:///opt/visual-studio-code/resources/app/out/vs/workbench/workbench.main.js:32:952)
    at i.e.expand (file:///opt/visual-studio-code/resources/app/out/vs/workbench/workbench.main.js:1034:342)
    at Array.<anonymous> (file:///opt/visual-studio-code/resources/app/out/vs/workbench/workbench.main.js:5627:417)
    at t (file:///opt/visual-studio-code/resources/app/out/vs/workbench/workbench.main.js:105:891)
    at process._tickCallback (internal/process/next_tick.js:68:7)
[2019-03-02 15:31:55.616] [renderer1] [error] Data tree node not found: [object Object]: Error: Data tree node not found: [object Object]
    at i.e.getDataNode (file:///opt/visual-studio-code/resources/app/out/vs/workbench/workbench.main.js:1037:266)
    at i.<anonymous> (file:///opt/visual-studio-code/resources/app/out/vs/workbench/workbench.main.js:1034:703)
    at file:///opt/visual-studio-code/resources/app/out/vs/workbench/workbench.main.js:33:935
    at Object.next (file:///opt/visual-studio-code/resources/app/out/vs/workbench/workbench.main.js:34:33)
    at file:///opt/visual-studio-code/resources/app/out/vs/workbench/workbench.main.js:33:160
    at new Promise (<anonymous>)
    at i (file:///opt/visual-studio-code/resources/app/out/vs/workbench/workbench.main.js:32:952)
    at i.e.expand (file:///opt/visual-studio-code/resources/app/out/vs/workbench/workbench.main.js:1034:342)
    at Array.<anonymous> (file:///opt/visual-studio-code/resources/app/out/vs/workbench/workbench.main.js:5627:417)
    at t (file:///opt/visual-studio-code/resources/app/out/vs/workbench/workbench.main.js:105:891)
[2019-03-02 16:43:38.206] [renderer1] [error] Data tree node not found: [object Object]: Error: Data tree node not found: [object Object]
    at i.e.getDataNode (file:///opt/visual-studio-code/resources/app/out/vs/workbench/workbench.main.js:1037:266)
    at i.<anonymous> (file:///opt/visual-studio-code/resources/app/out/vs/workbench/workbench.main.js:1034:703)
    at file:///opt/visual-studio-code/resources/app/out/vs/workbench/workbench.main.js:33:935
    at Object.next (file:///opt/visual-studio-code/resources/app/out/vs/workbench/workbench.main.js:34:33)
    at file:///opt/visual-studio-code/resources/app/out/vs/workbench/workbench.main.js:33:160
    at new Promise (<anonymous>)
    at i (file:///opt/visual-studio-code/resources/app/out/vs/workbench/workbench.main.js:32:952)
    at i.e.expand (file:///opt/visual-studio-code/resources/app/out/vs/workbench/workbench.main.js:1034:342)
    at Array.<anonymous> (file:///opt/visual-studio-code/resources/app/out/vs/workbench/workbench.main.js:5627:417)
    at t (file:///opt/visual-studio-code/resources/app/out/vs/workbench/workbench.main.js:105:891)
    at process._tickCallback (internal/process/next_tick.js:68:7)
[2019-03-02 16:44:07.881] [renderer1] [info] no standard startup: not a new window
[2019-03-02 16:44:15.902] [renderer1] [info] no standard startup: not a new window
[2019-03-02 16:46:39.968] [renderer1] [error] Data tree node not found: [object Object]: Error: Data tree node not found: [object Object]
    at i.e.getDataNode (file:///opt/visual-studio-code/resources/app/out/vs/workbench/workbench.main.js:1037:266)
    at i.<anonymous> (file:///opt/visual-studio-code/resources/app/out/vs/workbench/workbench.main.js:1034:703)
    at file:///opt/visual-studio-code/resources/app/out/vs/workbench/workbench.main.js:33:935
    at Object.next (file:///opt/visual-studio-code/resources/app/out/vs/workbench/workbench.main.js:34:33)
    at file:///opt/visual-studio-code/resources/app/out/vs/workbench/workbench.main.js:33:160
    at new Promise (<anonymous>)
    at i (file:///opt/visual-studio-code/resources/app/out/vs/workbench/workbench.main.js:32:952)
    at i.e.expand (file:///opt/visual-studio-code/resources/app/out/vs/workbench/workbench.main.js:1034:342)
    at Array.<anonymous> (file:///opt/visual-studio-code/resources/app/out/vs/workbench/workbench.main.js:5627:417)
    at t (file:///opt/visual-studio-code/resources/app/out/vs/workbench/workbench.main.js:105:891)
    at process._tickCallback (internal/process/next_tick.js:68:7)
