[2019-03-02 15:22:06.198] [sharedprocess] [info] main {"machineId":"0339e6760a1d417640ba89f5de3cd574725a889735b192a46090624192436a6d"}
[2019-03-02 15:22:06.576] [sharedprocess] [info] Scanned user extensions: 16
[2019-03-02 15:22:06.767] [sharedprocess] [info] Scanned system extensions: 71
[2019-03-02 15:22:06.806] [sharedprocess] [info] Scanned user extensions: 16
[2019-03-02 15:22:06.824] [sharedprocess] [info] Scanned user extensions: 16
[2019-03-02 15:22:07.096] [sharedprocess] [info] Scanned system extensions: 71
[2019-03-02 15:22:07.122] [sharedprocess] [info] Scanned system extensions: 71
[2019-03-02 15:22:07.145] [sharedprocess] [info] Deleted from disk redhat.java /home/agabey/.vscode/extensions/redhat.java-0.39.0
[2019-03-02 15:22:07.193] [sharedprocess] [info] Deleted from disk ms-python.python /home/agabey/.vscode/extensions/ms-python.python-2019.2.5416
[2019-03-02 15:22:08.066] [sharedprocess] [info] Scanned user extensions: 16
[2019-03-02 15:22:46.206] [sharedprocess] [info] Starting to clean up unused language packs.
[2019-03-02 15:27:08.349] [sharedprocess] [info] Scanned user extensions: 16
[2019-03-02 15:32:08.411] [sharedprocess] [info] Scanned user extensions: 16
[2019-03-02 15:37:08.472] [sharedprocess] [info] Scanned user extensions: 16
[2019-03-02 15:42:08.555] [sharedprocess] [info] Scanned user extensions: 16
[2019-03-02 15:47:08.610] [sharedprocess] [info] Scanned user extensions: 16
[2019-03-02 15:52:08.682] [sharedprocess] [info] Scanned user extensions: 16
[2019-03-02 15:57:08.754] [sharedprocess] [info] Scanned user extensions: 16
[2019-03-02 16:02:08.858] [sharedprocess] [info] Scanned user extensions: 16
[2019-03-02 16:07:08.978] [sharedprocess] [info] Scanned user extensions: 16
[2019-03-02 16:12:09.066] [sharedprocess] [info] Scanned user extensions: 16
[2019-03-02 16:17:09.130] [sharedprocess] [info] Scanned user extensions: 16
[2019-03-02 16:22:09.675] [sharedprocess] [info] Scanned user extensions: 16
[2019-03-02 16:27:09.760] [sharedprocess] [info] Scanned user extensions: 16
[2019-03-02 16:32:09.860] [sharedprocess] [info] Scanned user extensions: 16
[2019-03-02 16:37:09.912] [sharedprocess] [info] Scanned user extensions: 16
[2019-03-02 16:42:09.978] [sharedprocess] [info] Scanned user extensions: 16
[2019-03-02 16:44:05.621] [sharedprocess] [info] Scanned user extensions: 16
[2019-03-02 16:44:05.656] [sharedprocess] [info] Scanned system extensions: 71
[2019-03-02 16:44:07.922] [sharedprocess] [info] Scanned user extensions: 16
[2019-03-02 16:44:13.432] [sharedprocess] [info] Scanned user extensions: 16
[2019-03-02 16:44:13.566] [sharedprocess] [info] Scanned system extensions: 71
[2019-03-02 16:44:13.661] [sharedprocess] [info] Scanned user extensions: 16
[2019-03-02 16:44:13.695] [sharedprocess] [info] Scanned system extensions: 71
[2019-03-02 16:44:15.975] [sharedprocess] [info] Scanned user extensions: 16
[2019-03-02 16:49:16.075] [sharedprocess] [info] Scanned user extensions: 16
