[2019-03-02 15:22:06.157] [exthost] [info] extension host started
[2019-03-02 15:22:06.434] [exthost] [info] ExtensionService#_doActivateExtension vscode.debug-auto-launch {"startup":true,"activationEvent":"*"}
[2019-03-02 15:22:06.435] [exthost] [info] ExtensionService#loadCommonJSModule /opt/visual-studio-code/resources/app/extensions/debug-auto-launch/dist/extension
[2019-03-02 15:22:06.440] [exthost] [info] ExtensionService#_doActivateExtension vscode.emmet {"startup":true,"activationEvent":"*"}
[2019-03-02 15:22:06.440] [exthost] [info] ExtensionService#loadCommonJSModule /opt/visual-studio-code/resources/app/extensions/emmet/dist/extension
[2019-03-02 15:22:06.453] [exthost] [info] ExtensionService#_doActivateExtension vscode.git {"startup":true,"activationEvent":"*"}
[2019-03-02 15:22:06.453] [exthost] [info] ExtensionService#loadCommonJSModule /opt/visual-studio-code/resources/app/extensions/git/dist/main
[2019-03-02 15:22:06.525] [exthost] [info] ExtensionService#_doActivateExtension vscode.merge-conflict {"startup":true,"activationEvent":"*"}
[2019-03-02 15:22:06.525] [exthost] [info] ExtensionService#loadCommonJSModule /opt/visual-studio-code/resources/app/extensions/merge-conflict/dist/extension
[2019-03-02 15:22:06.534] [exthost] [info] ExtensionService#_doActivateExtension eamodio.gitlens {"startup":true,"activationEvent":"*"}
[2019-03-02 15:22:06.534] [exthost] [info] ExtensionService#loadCommonJSModule /home/agabey/.vscode/extensions/eamodio.gitlens-9.5.1/dist/extension
[2019-03-02 15:22:06.594] [exthost] [info] ExtensionService#_doActivateExtension esbenp.prettier-vscode {"startup":true,"activationEvent":"*"}
[2019-03-02 15:22:06.594] [exthost] [info] ExtensionService#loadCommonJSModule /home/agabey/.vscode/extensions/esbenp.prettier-vscode-1.8.1/out/src/extension
[2019-03-02 15:22:06.729] [exthost] [info] ExtensionService#_doActivateExtension ms-vsliveshare.vsliveshare {"startup":true,"activationEvent":"*"}
[2019-03-02 15:22:06.729] [exthost] [info] ExtensionService#loadCommonJSModule /home/agabey/.vscode/extensions/ms-vsliveshare.vsliveshare-0.3.1256/out/prod/extension-prod
[2019-03-02 15:22:06.961] [exthost] [info] ExtensionService#_doActivateExtension robertohuertasm.vscode-icons {"startup":true,"activationEvent":"*"}
[2019-03-02 15:22:06.961] [exthost] [info] ExtensionService#loadCommonJSModule /home/agabey/.vscode/extensions/robertohuertasm.vscode-icons-8.2.0/out/src/
[2019-03-02 15:22:07.029] [exthost] [info] ExtensionService#_doActivateExtension ms-vscode.cpptools {"startup":false,"activationEvent":"onLanguage:c"}
[2019-03-02 15:22:07.029] [exthost] [info] ExtensionService#loadCommonJSModule /home/agabey/.vscode/extensions/ms-vscode.cpptools-0.21.0/out/src/main
[2019-03-02 15:22:08.229] [exthost] [info] eager extensions activated
[2019-03-02 16:44:06.508] [exthost] [info] extension host started
[2019-03-02 16:44:06.658] [exthost] [info] ExtensionService#_doActivateExtension vscode.debug-auto-launch {"startup":true,"activationEvent":"*"}
[2019-03-02 16:44:06.658] [exthost] [info] ExtensionService#loadCommonJSModule /opt/visual-studio-code/resources/app/extensions/debug-auto-launch/dist/extension
[2019-03-02 16:44:06.665] [exthost] [info] ExtensionService#_doActivateExtension vscode.emmet {"startup":true,"activationEvent":"*"}
[2019-03-02 16:44:06.665] [exthost] [info] ExtensionService#loadCommonJSModule /opt/visual-studio-code/resources/app/extensions/emmet/dist/extension
[2019-03-02 16:44:06.672] [exthost] [info] ExtensionService#_doActivateExtension vscode.git {"startup":true,"activationEvent":"*"}
[2019-03-02 16:44:06.672] [exthost] [info] ExtensionService#loadCommonJSModule /opt/visual-studio-code/resources/app/extensions/git/dist/main
[2019-03-02 16:44:06.732] [exthost] [info] ExtensionService#_doActivateExtension vscode.merge-conflict {"startup":true,"activationEvent":"*"}
[2019-03-02 16:44:06.732] [exthost] [info] ExtensionService#loadCommonJSModule /opt/visual-studio-code/resources/app/extensions/merge-conflict/dist/extension
[2019-03-02 16:44:06.736] [exthost] [info] ExtensionService#_doActivateExtension eamodio.gitlens {"startup":true,"activationEvent":"*"}
[2019-03-02 16:44:06.736] [exthost] [info] ExtensionService#loadCommonJSModule /home/agabey/.vscode/extensions/eamodio.gitlens-9.5.1/dist/extension
[2019-03-02 16:44:06.774] [exthost] [info] ExtensionService#_doActivateExtension esbenp.prettier-vscode {"startup":true,"activationEvent":"*"}
[2019-03-02 16:44:06.774] [exthost] [info] ExtensionService#loadCommonJSModule /home/agabey/.vscode/extensions/esbenp.prettier-vscode-1.8.1/out/src/extension
[2019-03-02 16:44:06.839] [exthost] [info] ExtensionService#_doActivateExtension ms-vsliveshare.vsliveshare {"startup":true,"activationEvent":"*"}
[2019-03-02 16:44:06.839] [exthost] [info] ExtensionService#loadCommonJSModule /home/agabey/.vscode/extensions/ms-vsliveshare.vsliveshare-0.3.1256/out/prod/extension-prod
[2019-03-02 16:44:07.010] [exthost] [info] ExtensionService#_doActivateExtension robertohuertasm.vscode-icons {"startup":true,"activationEvent":"*"}
[2019-03-02 16:44:07.010] [exthost] [info] ExtensionService#loadCommonJSModule /home/agabey/.vscode/extensions/robertohuertasm.vscode-icons-8.2.0/out/src/
[2019-03-02 16:44:07.463] [exthost] [info] eager extensions activated
[2019-03-02 16:44:14.507] [exthost] [info] extension host started
[2019-03-02 16:44:14.696] [exthost] [info] ExtensionService#_doActivateExtension vscode.debug-auto-launch {"startup":true,"activationEvent":"*"}
[2019-03-02 16:44:14.696] [exthost] [info] ExtensionService#loadCommonJSModule /opt/visual-studio-code/resources/app/extensions/debug-auto-launch/dist/extension
[2019-03-02 16:44:14.699] [exthost] [info] ExtensionService#_doActivateExtension vscode.emmet {"startup":true,"activationEvent":"*"}
[2019-03-02 16:44:14.699] [exthost] [info] ExtensionService#loadCommonJSModule /opt/visual-studio-code/resources/app/extensions/emmet/dist/extension
[2019-03-02 16:44:14.706] [exthost] [info] ExtensionService#_doActivateExtension vscode.git {"startup":true,"activationEvent":"*"}
[2019-03-02 16:44:14.706] [exthost] [info] ExtensionService#loadCommonJSModule /opt/visual-studio-code/resources/app/extensions/git/dist/main
[2019-03-02 16:44:14.745] [exthost] [info] ExtensionService#_doActivateExtension vscode.merge-conflict {"startup":true,"activationEvent":"*"}
[2019-03-02 16:44:14.745] [exthost] [info] ExtensionService#loadCommonJSModule /opt/visual-studio-code/resources/app/extensions/merge-conflict/dist/extension
[2019-03-02 16:44:14.748] [exthost] [info] ExtensionService#_doActivateExtension eamodio.gitlens {"startup":true,"activationEvent":"*"}
[2019-03-02 16:44:14.748] [exthost] [info] ExtensionService#loadCommonJSModule /home/agabey/.vscode/extensions/eamodio.gitlens-9.5.1/dist/extension
[2019-03-02 16:44:14.776] [exthost] [info] ExtensionService#_doActivateExtension esbenp.prettier-vscode {"startup":true,"activationEvent":"*"}
[2019-03-02 16:44:14.776] [exthost] [info] ExtensionService#loadCommonJSModule /home/agabey/.vscode/extensions/esbenp.prettier-vscode-1.8.1/out/src/extension
[2019-03-02 16:44:14.837] [exthost] [info] ExtensionService#_doActivateExtension ms-vsliveshare.vsliveshare {"startup":true,"activationEvent":"*"}
[2019-03-02 16:44:14.837] [exthost] [info] ExtensionService#loadCommonJSModule /home/agabey/.vscode/extensions/ms-vsliveshare.vsliveshare-0.3.1256/out/prod/extension-prod
[2019-03-02 16:44:14.982] [exthost] [info] ExtensionService#_doActivateExtension robertohuertasm.vscode-icons {"startup":true,"activationEvent":"*"}
[2019-03-02 16:44:14.982] [exthost] [info] ExtensionService#loadCommonJSModule /home/agabey/.vscode/extensions/robertohuertasm.vscode-icons-8.2.0/out/src/
[2019-03-02 16:44:15.032] [exthost] [info] ExtensionService#_doActivateExtension ms-vscode.cpptools {"startup":false,"activationEvent":"onLanguage:c"}
[2019-03-02 16:44:15.032] [exthost] [info] ExtensionService#loadCommonJSModule /home/agabey/.vscode/extensions/ms-vscode.cpptools-0.21.0/out/src/main
[2019-03-02 16:44:15.835] [exthost] [info] eager extensions activated
