[2019-03-02 13:15:14.571] [renderer1] [info] no standard startup: panel is active
[2019-03-02 13:15:41.554] [renderer1] [warning] UNRESPONSIVE extension host, 'ms-vscode.csharp' took 100% of 5543.27ms, saved PROFILE here: '/tmp/exthost-7b07e4.cpuprofile' [{"id":"gc","total":158,"percentage":0},{"id":"ms-vscode.csharp","total":5534008,"percentage":100}]
[2019-03-02 13:16:09.936] [renderer1] [info] no standard startup: not a new window
[2019-03-02 13:16:17.297] [renderer1] [warning] UNRESPONSIVE extension host, 'ms-vscode.cpptools' took 99% of 4268.736ms, saved PROFILE here: '/tmp/exthost-4959fd.cpuprofile' [{"id":"gc","total":17590,"percentage":0},{"id":"ms-vscode.cpptools","total":4233214,"percentage":99},{"id":"ms-vscode.csharp","total":6340,"percentage":0},{"id":"ms-vsliveshare.vsliveshare","total":2421,"percentage":0},{"id":"program","total":283,"percentage":0},{"id":"self","total":4467,"percentage":0}]
[2019-03-02 14:23:39.614] [renderer1] [error] Illegal value for `line`: Error: Illegal value for `line`
    at t._lineAt (/opt/visual-studio-code/resources/app/out/vs/workbench/services/extensions/node/extensionHostProcess.js:364:537)
    at Object.lineAt (/opt/visual-studio-code/resources/app/out/vs/workbench/services/extensions/node/extensionHostProcess.js:363:320)
    at codeLensProvider_GitCodeLensProvider.provideCodeLens (/home/agabey/.vscode/extensions/eamodio.gitlens-9.5.1/dist/webpack:/src/codelens/codeLensProvider.ts:388:17)
    at codeLensProvider_GitCodeLensProvider.provideCodeLenses (/home/agabey/.vscode/extensions/eamodio.gitlens-9.5.1/dist/webpack:/src/codelens/codeLensProvider.ts:208:99)
[2019-03-02 14:26:54.469] [renderer1] [error] Data tree node not found: [object Object]: Error: Data tree node not found: [object Object]
    at i.e.getDataNode (file:///opt/visual-studio-code/resources/app/out/vs/workbench/workbench.main.js:1037:266)
    at i.<anonymous> (file:///opt/visual-studio-code/resources/app/out/vs/workbench/workbench.main.js:1034:703)
    at file:///opt/visual-studio-code/resources/app/out/vs/workbench/workbench.main.js:33:935
    at Object.next (file:///opt/visual-studio-code/resources/app/out/vs/workbench/workbench.main.js:34:33)
    at file:///opt/visual-studio-code/resources/app/out/vs/workbench/workbench.main.js:33:160
    at new Promise (<anonymous>)
    at i (file:///opt/visual-studio-code/resources/app/out/vs/workbench/workbench.main.js:32:952)
    at i.e.expand (file:///opt/visual-studio-code/resources/app/out/vs/workbench/workbench.main.js:1034:342)
    at Array.<anonymous> (file:///opt/visual-studio-code/resources/app/out/vs/workbench/workbench.main.js:5627:417)
    at t (file:///opt/visual-studio-code/resources/app/out/vs/workbench/workbench.main.js:105:891)
    at process._tickCallback (internal/process/next_tick.js:68:7)
[2019-03-02 14:26:54.758] [renderer1] [error] Illegal value for `line`: Error: Illegal value for `line`
    at t._lineAt (/opt/visual-studio-code/resources/app/out/vs/workbench/services/extensions/node/extensionHostProcess.js:364:537)
    at Object.lineAt (/opt/visual-studio-code/resources/app/out/vs/workbench/services/extensions/node/extensionHostProcess.js:363:320)
    at codeLensProvider_GitCodeLensProvider.provideCodeLens (/home/agabey/.vscode/extensions/eamodio.gitlens-9.5.1/dist/webpack:/src/codelens/codeLensProvider.ts:388:17)
    at codeLensProvider_GitCodeLensProvider.provideCodeLenses (/home/agabey/.vscode/extensions/eamodio.gitlens-9.5.1/dist/webpack:/src/codelens/codeLensProvider.ts:208:99)
