[2019-03-02 13:15:06.990] [sharedprocess] [info] main {"machineId":"0339e6760a1d417640ba89f5de3cd574725a889735b192a46090624192436a6d"}
[2019-03-02 13:15:08.200] [sharedprocess] [info] Scanned user extensions: 16
[2019-03-02 13:15:08.455] [sharedprocess] [info] Scanned system extensions: 71
[2019-03-02 13:15:10.738] [sharedprocess] [info] Deleted from disk ms-python.python /home/agabey/.vscode/extensions/ms-python.python-2019.1.0
[2019-03-02 13:15:10.757] [sharedprocess] [info] Deleted from disk ms-vsliveshare.vsliveshare /home/agabey/.vscode/extensions/ms-vsliveshare.vsliveshare-0.3.1225
[2019-03-02 13:15:11.871] [sharedprocess] [info] Scanned user extensions: 16
[2019-03-02 13:15:11.878] [sharedprocess] [info] Scanned system extensions: 71
[2019-03-02 13:15:14.808] [sharedprocess] [info] Scanned user extensions: 16
[2019-03-02 13:15:16.338] [sharedprocess] [info] Installing extension: ms-python.python
[2019-03-02 13:15:16.338] [sharedprocess] [info] Installing extension: redhat.java
[2019-03-02 13:15:16.430] [sharedprocess] [info] Scanned user extensions: 16
[2019-03-02 13:15:16.442] [sharedprocess] [info] Scanned user extensions: 16
[2019-03-02 13:15:24.327] [sharedprocess] [info] Downloaded extension: ms-python.python /tmp/99708e41-2efc-4a2e-b7df-8bfc34b005fa
[2019-03-02 13:15:27.052] [sharedprocess] [info] Extracted extension to /home/agabey/.vscode/extensions/.ms-python.python-2019.2.5433: ms-python.python
[2019-03-02 13:15:27.054] [sharedprocess] [info] Renamed to /home/agabey/.vscode/extensions/ms-python.python-2019.2.5433
[2019-03-02 13:15:27.062] [sharedprocess] [info] Installation completed. ms-python.python
[2019-03-02 13:15:27.174] [sharedprocess] [info] Extensions installed successfully: ms-python.python
[2019-03-02 13:15:37.742] [sharedprocess] [info] Downloaded extension: redhat.java /tmp/5378ae54-440a-47c2-a436-3fa34b61f4e2
[2019-03-02 13:15:38.837] [sharedprocess] [info] Extracted extension to /home/agabey/.vscode/extensions/.redhat.java-0.40.0: redhat.java
[2019-03-02 13:15:38.837] [sharedprocess] [info] Renamed to /home/agabey/.vscode/extensions/redhat.java-0.40.0
[2019-03-02 13:15:38.838] [sharedprocess] [info] Installation completed. redhat.java
[2019-03-02 13:15:39.003] [sharedprocess] [info] Extensions installed successfully: redhat.java
[2019-03-02 13:15:46.998] [sharedprocess] [info] Starting to clean up unused language packs.
[2019-03-02 13:16:07.630] [sharedprocess] [info] Scanned user extensions: 16
[2019-03-02 13:16:07.728] [sharedprocess] [info] Scanned system extensions: 71
[2019-03-02 13:16:07.769] [sharedprocess] [info] Scanned user extensions: 16
[2019-03-02 13:16:07.834] [sharedprocess] [info] Scanned system extensions: 71
[2019-03-02 13:16:10.010] [sharedprocess] [info] Scanned user extensions: 16
[2019-03-02 13:21:10.070] [sharedprocess] [info] Scanned user extensions: 16
[2019-03-02 13:26:10.146] [sharedprocess] [info] Scanned user extensions: 16
[2019-03-02 13:31:10.235] [sharedprocess] [info] Scanned user extensions: 16
[2019-03-02 13:36:10.357] [sharedprocess] [info] Scanned user extensions: 16
[2019-03-02 13:41:10.446] [sharedprocess] [info] Scanned user extensions: 16
[2019-03-02 13:46:10.530] [sharedprocess] [info] Scanned user extensions: 16
[2019-03-02 13:51:10.615] [sharedprocess] [info] Scanned user extensions: 16
[2019-03-02 13:56:10.686] [sharedprocess] [info] Scanned user extensions: 16
[2019-03-02 14:01:10.769] [sharedprocess] [info] Scanned user extensions: 16
[2019-03-02 14:06:10.859] [sharedprocess] [info] Scanned user extensions: 16
[2019-03-02 14:11:10.921] [sharedprocess] [info] Scanned user extensions: 16
[2019-03-02 14:16:11.159] [sharedprocess] [info] Scanned user extensions: 16
[2019-03-02 14:21:11.237] [sharedprocess] [info] Scanned user extensions: 16
[2019-03-02 14:26:11.403] [sharedprocess] [info] Scanned user extensions: 16
[2019-03-02 14:31:11.458] [sharedprocess] [info] Scanned user extensions: 16
[2019-03-02 14:36:11.518] [sharedprocess] [info] Scanned user extensions: 16
[2019-03-02 14:41:11.587] [sharedprocess] [info] Scanned user extensions: 16
[2019-03-02 14:46:11.645] [sharedprocess] [info] Scanned user extensions: 16
[2019-03-02 14:51:11.697] [sharedprocess] [info] Scanned user extensions: 16
[2019-03-02 14:56:11.771] [sharedprocess] [info] Scanned user extensions: 16
