[2019-03-10 16:59:00.832] [sharedprocess] [info] main {"machineId":"0339e6760a1d417640ba89f5de3cd574725a889735b192a46090624192436a6d"}
[2019-03-10 16:59:02.404] [sharedprocess] [info] Scanned user extensions: 17
[2019-03-10 16:59:02.736] [sharedprocess] [info] Scanned system extensions: 71
[2019-03-10 16:59:05.764] [sharedprocess] [info] Deleted from disk ms-python.python /home/agabey/.vscode/extensions/ms-python.python-2019.2.5433
[2019-03-10 16:59:05.784] [sharedprocess] [info] Deleted from disk vscjava.vscode-java-debug /home/agabey/.vscode/extensions/vscjava.vscode-java-debug-0.16.0
[2019-03-10 16:59:08.378] [sharedprocess] [info] Scanned user extensions: 17
[2019-03-10 16:59:08.385] [sharedprocess] [info] Scanned system extensions: 71
[2019-03-10 16:59:08.493] [sharedprocess] [info] Scanned user extensions: 17
[2019-03-10 16:59:08.501] [sharedprocess] [info] Scanned system extensions: 71
[2019-03-10 16:59:11.236] [sharedprocess] [info] Scanned user extensions: 17
[2019-03-10 16:59:12.399] [sharedprocess] [info] Installing extension: dsznajder.es7-react-js-snippets
[2019-03-10 16:59:12.399] [sharedprocess] [info] Installing extension: visualstudioexptteam.vscodeintellicode
[2019-03-10 16:59:12.436] [sharedprocess] [info] Scanned user extensions: 17
[2019-03-10 16:59:12.442] [sharedprocess] [info] Scanned user extensions: 17
[2019-03-10 16:59:12.994] [sharedprocess] [info] Downloaded extension: dsznajder.es7-react-js-snippets /tmp/0f93c1c8-11da-4ec5-95d3-70eb717ef455
[2019-03-10 16:59:13.042] [sharedprocess] [info] Extracted extension to /home/agabey/.vscode/extensions/.dsznajder.es7-react-js-snippets-2.1.1: dsznajder.es7-react-js-snippets
[2019-03-10 16:59:13.042] [sharedprocess] [info] Renamed to /home/agabey/.vscode/extensions/dsznajder.es7-react-js-snippets-2.1.1
[2019-03-10 16:59:13.043] [sharedprocess] [info] Installation completed. dsznajder.es7-react-js-snippets
[2019-03-10 16:59:13.119] [sharedprocess] [info] Extensions installed successfully: dsznajder.es7-react-js-snippets
[2019-03-10 16:59:13.126] [sharedprocess] [info] Downloaded extension: visualstudioexptteam.vscodeintellicode /tmp/e4ca03e4-cdc2-4a4a-bdf9-4380924bb14e
[2019-03-10 16:59:13.170] [sharedprocess] [info] Extracted extension to /home/agabey/.vscode/extensions/.visualstudioexptteam.vscodeintellicode-1.1.4: visualstudioexptteam.vscodeintellicode
[2019-03-10 16:59:13.170] [sharedprocess] [info] Renamed to /home/agabey/.vscode/extensions/visualstudioexptteam.vscodeintellicode-1.1.4
[2019-03-10 16:59:13.171] [sharedprocess] [info] Installation completed. visualstudioexptteam.vscodeintellicode
[2019-03-10 16:59:13.253] [sharedprocess] [info] Extensions installed successfully: visualstudioexptteam.vscodeintellicode
[2019-03-10 16:59:40.861] [sharedprocess] [info] Starting to clean up unused language packs.
[2019-03-10 16:59:46.660] [sharedprocess] [info] Scanned user extensions: 17
[2019-03-10 16:59:46.694] [sharedprocess] [info] Scanned system extensions: 71
[2019-03-10 16:59:48.740] [sharedprocess] [info] Scanned user extensions: 17
[2019-03-10 16:59:48.763] [sharedprocess] [info] Scanned system extensions: 71
[2019-03-10 16:59:48.996] [sharedprocess] [info] Scanned user extensions: 17
[2019-03-10 17:04:49.274] [sharedprocess] [info] Scanned user extensions: 17
[2019-03-10 17:05:35.767] [sharedprocess] [info] Scanned user extensions: 17
[2019-03-10 17:09:49.353] [sharedprocess] [info] Scanned user extensions: 17
[2019-03-10 17:14:49.416] [sharedprocess] [info] Scanned user extensions: 17
[2019-03-10 17:19:49.524] [sharedprocess] [info] Scanned user extensions: 17
[2019-03-10 17:24:49.591] [sharedprocess] [info] Scanned user extensions: 17
[2019-03-10 17:29:49.684] [sharedprocess] [info] Scanned user extensions: 17
[2019-03-10 17:34:49.797] [sharedprocess] [info] Scanned user extensions: 17
[2019-03-10 17:39:49.942] [sharedprocess] [info] Scanned user extensions: 17
[2019-03-10 17:44:50.014] [sharedprocess] [info] Scanned user extensions: 17
[2019-03-10 17:49:50.072] [sharedprocess] [info] Scanned user extensions: 17
[2019-03-10 17:54:50.130] [sharedprocess] [info] Scanned user extensions: 17
[2019-03-10 17:59:50.195] [sharedprocess] [info] Scanned user extensions: 17
[2019-03-10 18:04:50.405] [sharedprocess] [info] Scanned user extensions: 17
[2019-03-10 18:25:42.467] [sharedprocess] [info] Scanned user extensions: 17
[2019-03-10 18:30:42.537] [sharedprocess] [info] Scanned user extensions: 17
[2019-03-10 18:35:42.607] [sharedprocess] [info] Scanned user extensions: 17
[2019-03-10 18:40:42.675] [sharedprocess] [info] Scanned user extensions: 17
[2019-03-10 18:50:22.281] [sharedprocess] [info] Scanned user extensions: 17
[2019-03-10 18:55:22.422] [sharedprocess] [info] Scanned user extensions: 17
[2019-03-10 19:00:22.507] [sharedprocess] [info] Scanned user extensions: 17
[2019-03-10 19:05:22.747] [sharedprocess] [info] Scanned user extensions: 17
[2019-03-10 19:10:22.808] [sharedprocess] [info] Scanned user extensions: 17
[2019-03-10 19:23:29.413] [sharedprocess] [info] Scanned user extensions: 17
[2019-03-10 19:28:29.486] [sharedprocess] [info] Scanned user extensions: 17
[2019-03-10 19:33:29.547] [sharedprocess] [info] Scanned user extensions: 17
[2019-03-10 19:38:29.625] [sharedprocess] [info] Scanned user extensions: 17
[2019-03-10 19:43:29.798] [sharedprocess] [info] Scanned user extensions: 17
[2019-03-10 19:48:29.866] [sharedprocess] [info] Scanned user extensions: 17
[2019-03-10 19:53:29.940] [sharedprocess] [info] Scanned user extensions: 17
[2019-03-10 19:58:30.000] [sharedprocess] [info] Scanned user extensions: 17
[2019-03-10 20:03:30.091] [sharedprocess] [info] Scanned user extensions: 17
[2019-03-10 20:08:30.301] [sharedprocess] [info] Scanned user extensions: 17
[2019-03-10 20:13:30.356] [sharedprocess] [info] Scanned user extensions: 17
[2019-03-10 20:18:30.418] [sharedprocess] [info] Scanned user extensions: 17
[2019-03-10 20:23:30.472] [sharedprocess] [info] Scanned user extensions: 17
[2019-03-10 20:28:30.536] [sharedprocess] [info] Scanned user extensions: 17
[2019-03-10 20:33:30.606] [sharedprocess] [info] Scanned user extensions: 17
[2019-03-10 20:38:30.659] [sharedprocess] [info] Scanned user extensions: 17
