[2019-03-05 23:17:56.899] [exthost] [info] extension host started
[2019-03-05 23:17:57.020] [exthost] [info] ExtensionService#_doActivateExtension vscode.debug-auto-launch {"startup":true,"activationEvent":"*"}
[2019-03-05 23:17:57.021] [exthost] [info] ExtensionService#loadCommonJSModule /opt/visual-studio-code/resources/app/extensions/debug-auto-launch/dist/extension
[2019-03-05 23:17:57.023] [exthost] [info] ExtensionService#_doActivateExtension vscode.emmet {"startup":true,"activationEvent":"*"}
[2019-03-05 23:17:57.023] [exthost] [info] ExtensionService#loadCommonJSModule /opt/visual-studio-code/resources/app/extensions/emmet/dist/extension
[2019-03-05 23:17:57.026] [exthost] [info] ExtensionService#_doActivateExtension vscode.git {"startup":true,"activationEvent":"*"}
[2019-03-05 23:17:57.026] [exthost] [info] ExtensionService#loadCommonJSModule /opt/visual-studio-code/resources/app/extensions/git/dist/main
[2019-03-05 23:17:57.063] [exthost] [info] ExtensionService#_doActivateExtension vscode.merge-conflict {"startup":true,"activationEvent":"*"}
[2019-03-05 23:17:57.063] [exthost] [info] ExtensionService#loadCommonJSModule /opt/visual-studio-code/resources/app/extensions/merge-conflict/dist/extension
[2019-03-05 23:17:57.066] [exthost] [info] ExtensionService#_doActivateExtension eamodio.gitlens {"startup":true,"activationEvent":"*"}
[2019-03-05 23:17:57.066] [exthost] [info] ExtensionService#loadCommonJSModule /home/agabey/.vscode/extensions/eamodio.gitlens-9.5.1/dist/extension
[2019-03-05 23:17:57.097] [exthost] [info] ExtensionService#_doActivateExtension esbenp.prettier-vscode {"startup":true,"activationEvent":"*"}
[2019-03-05 23:17:57.097] [exthost] [info] ExtensionService#loadCommonJSModule /home/agabey/.vscode/extensions/esbenp.prettier-vscode-1.8.1/out/src/extension
[2019-03-05 23:17:57.283] [exthost] [info] ExtensionService#_doActivateExtension ms-vsliveshare.vsliveshare {"startup":true,"activationEvent":"*"}
[2019-03-05 23:17:57.283] [exthost] [info] ExtensionService#loadCommonJSModule /home/agabey/.vscode/extensions/ms-vsliveshare.vsliveshare-0.3.1284/out/prod/extension-prod
[2019-03-05 23:17:58.106] [exthost] [info] ExtensionService#_doActivateExtension robertohuertasm.vscode-icons {"startup":true,"activationEvent":"*"}
[2019-03-05 23:17:58.106] [exthost] [info] ExtensionService#loadCommonJSModule /home/agabey/.vscode/extensions/robertohuertasm.vscode-icons-8.2.0/out/src/
[2019-03-05 23:17:58.170] [exthost] [info] ExtensionService#_doActivateExtension vscode.python {"startup":false,"activationEvent":"onLanguage:python"}
[2019-03-05 23:17:58.170] [exthost] [info] ExtensionService#loadCommonJSModule /opt/visual-studio-code/resources/app/extensions/python/out/pythonMain
[2019-03-05 23:17:58.171] [exthost] [info] ExtensionService#_doActivateExtension ms-python.python {"startup":false,"activationEvent":"onLanguage:python"}
[2019-03-05 23:17:58.171] [exthost] [info] ExtensionService#loadCommonJSModule /home/agabey/.vscode/extensions/ms-python.python-2019.2.5433/out/client/extension
[2019-03-05 23:17:58.283] [exthost] [info] ExtensionService#_doActivateExtension VisualStudioExptTeam.vscodeintellicode {"startup":false,"activationEvent":"onLanguage:python"}
[2019-03-05 23:17:58.283] [exthost] [info] ExtensionService#loadCommonJSModule /home/agabey/.vscode/extensions/visualstudioexptteam.vscodeintellicode-1.1.3/out/extension
[2019-03-05 23:17:59.165] [exthost] [info] eager extensions activated
[2019-03-05 23:18:17.687] [exthost] [info] extension host started
[2019-03-05 23:18:17.719] [exthost] [info] ExtensionService#_doActivateExtension vscode.debug-auto-launch {"startup":true,"activationEvent":"*"}
[2019-03-05 23:18:17.719] [exthost] [info] ExtensionService#loadCommonJSModule /opt/visual-studio-code/resources/app/extensions/debug-auto-launch/dist/extension
[2019-03-05 23:18:17.721] [exthost] [info] ExtensionService#_doActivateExtension vscode.emmet {"startup":true,"activationEvent":"*"}
[2019-03-05 23:18:17.721] [exthost] [info] ExtensionService#loadCommonJSModule /opt/visual-studio-code/resources/app/extensions/emmet/dist/extension
[2019-03-05 23:18:17.724] [exthost] [info] ExtensionService#_doActivateExtension vscode.git {"startup":true,"activationEvent":"*"}
[2019-03-05 23:18:17.724] [exthost] [info] ExtensionService#loadCommonJSModule /opt/visual-studio-code/resources/app/extensions/git/dist/main
[2019-03-05 23:18:17.747] [exthost] [info] ExtensionService#_doActivateExtension vscode.merge-conflict {"startup":true,"activationEvent":"*"}
[2019-03-05 23:18:17.747] [exthost] [info] ExtensionService#loadCommonJSModule /opt/visual-studio-code/resources/app/extensions/merge-conflict/dist/extension
[2019-03-05 23:18:17.749] [exthost] [info] ExtensionService#_doActivateExtension eamodio.gitlens {"startup":true,"activationEvent":"*"}
[2019-03-05 23:18:17.749] [exthost] [info] ExtensionService#loadCommonJSModule /home/agabey/.vscode/extensions/eamodio.gitlens-9.5.1/dist/extension
[2019-03-05 23:18:17.773] [exthost] [info] ExtensionService#_doActivateExtension esbenp.prettier-vscode {"startup":true,"activationEvent":"*"}
[2019-03-05 23:18:17.773] [exthost] [info] ExtensionService#loadCommonJSModule /home/agabey/.vscode/extensions/esbenp.prettier-vscode-1.8.1/out/src/extension
[2019-03-05 23:18:17.837] [exthost] [info] ExtensionService#_doActivateExtension ms-vsliveshare.vsliveshare {"startup":true,"activationEvent":"*"}
[2019-03-05 23:18:17.837] [exthost] [info] ExtensionService#loadCommonJSModule /home/agabey/.vscode/extensions/ms-vsliveshare.vsliveshare-0.3.1284/out/prod/extension-prod
[2019-03-05 23:18:17.980] [exthost] [info] ExtensionService#_doActivateExtension robertohuertasm.vscode-icons {"startup":true,"activationEvent":"*"}
[2019-03-05 23:18:17.980] [exthost] [info] ExtensionService#loadCommonJSModule /home/agabey/.vscode/extensions/robertohuertasm.vscode-icons-8.2.0/out/src/
[2019-03-05 23:18:18.405] [exthost] [info] eager extensions activated
[2019-03-05 23:19:08.872] [exthost] [info] ExtensionService#_doActivateExtension James-Yu.latex-workshop {"startup":false,"activationEvent":"onLanguage:latex"}
[2019-03-05 23:19:08.872] [exthost] [info] ExtensionService#loadCommonJSModule /home/agabey/.vscode/extensions/james-yu.latex-workshop-6.1.0/out/src/main.js
