[2019-03-05 13:17:37.190] [renderer1] [info] no standard startup: panel is active
[2019-03-05 13:17:51.627] [renderer1] [warning] UNRESPONSIVE extension host, 'esbenp.prettier-vscode' took 58% of 5207.294ms, saved PROFILE here: '/tmp/exthost-935565.cpuprofile' [{"id":"esbenp.prettier-vscode","total":3041351,"percentage":58},{"id":"gc","total":14698,"percentage":0},{"id":"ms-vsliveshare.vsliveshare","total":194254,"percentage":4},{"id":"robertohuertasm.vscode-icons","total":356646,"percentage":7},{"id":"self","total":1596792,"percentage":31}]
[2019-03-05 13:27:11.287] [renderer1] [error] Cannot read property 'map' of undefined: TypeError: Cannot read property 'map' of undefined
    at asCompletionResult (/home/agabey/.vscode/extensions/ms-python.python-2019.2.5433/out/client/extension.js:83:96829)
    at i (/home/agabey/.vscode/extensions/vscjava.vscode-maven-0.14.2/dist/extension.js:126:21501)
    at /home/agabey/.vscode/extensions/vscjava.vscode-maven-0.14.2/dist/extension.js:126:21845
[2019-03-05 13:27:30.952] [renderer1] [error] Tree element not found: [object Object]: Error: Tree element not found: [object Object]
    at e.getElementLocation (file:///opt/visual-studio-code/resources/app/out/vs/workbench/workbench.main.js:99:985)
    at e.isCollapsed (file:///opt/visual-studio-code/resources/app/out/vs/workbench/workbench.main.js:99:340)
    at i.e.isCollapsed (file:///opt/visual-studio-code/resources/app/out/vs/workbench/workbench.main.js:1017:981)
    at t.revealMarkersForCurrentActiveEditor (file:///opt/visual-studio-code/resources/app/out/vs/workbench/workbench.main.js:4900:276)
    at t.autoReveal (file:///opt/visual-studio-code/resources/app/out/vs/workbench/workbench.main.js:4900:95)
    at t.onActiveEditorChanged (file:///opt/visual-studio-code/resources/app/out/vs/workbench/workbench.main.js:4897:212)
    at e.fire (file:///opt/visual-studio-code/resources/app/out/vs/workbench/workbench.main.js:81:332)
    at t.doEmitActiveEditorChangeEvent (file:///opt/visual-studio-code/resources/app/out/vs/workbench/workbench.main.js:4911:709)
    at t.handleActiveEditorChange (file:///opt/visual-studio-code/resources/app/out/vs/workbench/workbench.main.js:4911:485)
    at file:///opt/visual-studio-code/resources/app/out/vs/workbench/workbench.main.js:4911:833
    at e.fire (file:///opt/visual-studio-code/resources/app/out/vs/workbench/workbench.main.js:81:312)
    at file:///opt/visual-studio-code/resources/app/out/vs/workbench/workbench.main.js:5348:314
[2019-03-05 13:32:45.103] [renderer1] [error] Cannot read property 'map' of undefined: TypeError: Cannot read property 'map' of undefined
    at asCompletionResult (/home/agabey/.vscode/extensions/ms-python.python-2019.2.5433/out/client/extension.js:83:96829)
    at i (/home/agabey/.vscode/extensions/vscjava.vscode-maven-0.14.2/dist/extension.js:126:21501)
    at /home/agabey/.vscode/extensions/vscjava.vscode-maven-0.14.2/dist/extension.js:126:21845
[2019-03-05 13:32:52.775] [renderer1] [error] Cannot read property 'map' of undefined: TypeError: Cannot read property 'map' of undefined
    at asCompletionResult (/home/agabey/.vscode/extensions/ms-python.python-2019.2.5433/out/client/extension.js:83:96829)
    at i (/home/agabey/.vscode/extensions/vscjava.vscode-maven-0.14.2/dist/extension.js:126:21501)
    at /home/agabey/.vscode/extensions/vscjava.vscode-maven-0.14.2/dist/extension.js:126:21845
[2019-03-05 13:33:40.183] [renderer1] [error] Cannot read property 'map' of undefined: TypeError: Cannot read property 'map' of undefined
    at asCompletionResult (/home/agabey/.vscode/extensions/ms-python.python-2019.2.5433/out/client/extension.js:83:96829)
    at i (/home/agabey/.vscode/extensions/vscjava.vscode-maven-0.14.2/dist/extension.js:126:21501)
    at /home/agabey/.vscode/extensions/vscjava.vscode-maven-0.14.2/dist/extension.js:126:21845
[2019-03-05 13:36:44.134] [renderer1] [error] Cannot read property 'map' of undefined: TypeError: Cannot read property 'map' of undefined
    at asCompletionResult (/home/agabey/.vscode/extensions/ms-python.python-2019.2.5433/out/client/extension.js:83:96829)
    at i (/home/agabey/.vscode/extensions/vscjava.vscode-maven-0.14.2/dist/extension.js:126:21501)
    at /home/agabey/.vscode/extensions/vscjava.vscode-maven-0.14.2/dist/extension.js:126:21845
[2019-03-05 13:36:55.320] [renderer1] [error] Cannot read property 'map' of undefined: TypeError: Cannot read property 'map' of undefined
    at asCompletionResult (/home/agabey/.vscode/extensions/ms-python.python-2019.2.5433/out/client/extension.js:83:96829)
    at i (/home/agabey/.vscode/extensions/vscjava.vscode-maven-0.14.2/dist/extension.js:126:21501)
    at /home/agabey/.vscode/extensions/vscjava.vscode-maven-0.14.2/dist/extension.js:126:21845
[2019-03-05 13:43:55.898] [renderer1] [error] Cannot read property 'map' of undefined: TypeError: Cannot read property 'map' of undefined
    at asCompletionResult (/home/agabey/.vscode/extensions/ms-python.python-2019.2.5433/out/client/extension.js:83:96829)
    at i (/home/agabey/.vscode/extensions/vscjava.vscode-maven-0.14.2/dist/extension.js:126:21501)
    at /home/agabey/.vscode/extensions/vscjava.vscode-maven-0.14.2/dist/extension.js:126:21845
[2019-03-05 14:13:42.423] [renderer1] [error] Cannot read property 'map' of undefined: TypeError: Cannot read property 'map' of undefined
    at asCompletionResult (/home/agabey/.vscode/extensions/ms-python.python-2019.2.5433/out/client/extension.js:83:96829)
    at i (/home/agabey/.vscode/extensions/vscjava.vscode-maven-0.14.2/dist/extension.js:126:21501)
    at /home/agabey/.vscode/extensions/vscjava.vscode-maven-0.14.2/dist/extension.js:126:21845
[2019-03-05 14:14:51.692] [renderer1] [error] Cannot read property 'map' of undefined: TypeError: Cannot read property 'map' of undefined
    at asCompletionResult (/home/agabey/.vscode/extensions/ms-python.python-2019.2.5433/out/client/extension.js:83:96829)
    at i (/home/agabey/.vscode/extensions/vscjava.vscode-maven-0.14.2/dist/extension.js:126:21501)
    at /home/agabey/.vscode/extensions/vscjava.vscode-maven-0.14.2/dist/extension.js:126:21845
[2019-03-05 14:14:54.398] [renderer1] [error] Cannot read property 'map' of undefined: TypeError: Cannot read property 'map' of undefined
    at asCompletionResult (/home/agabey/.vscode/extensions/ms-python.python-2019.2.5433/out/client/extension.js:83:96829)
    at i (/home/agabey/.vscode/extensions/vscjava.vscode-maven-0.14.2/dist/extension.js:126:21501)
    at /home/agabey/.vscode/extensions/vscjava.vscode-maven-0.14.2/dist/extension.js:126:21845
[2019-03-05 14:14:56.190] [renderer1] [error] Cannot read property 'map' of undefined: TypeError: Cannot read property 'map' of undefined
    at asCompletionResult (/home/agabey/.vscode/extensions/ms-python.python-2019.2.5433/out/client/extension.js:83:96829)
    at i (/home/agabey/.vscode/extensions/vscjava.vscode-maven-0.14.2/dist/extension.js:126:21501)
    at /home/agabey/.vscode/extensions/vscjava.vscode-maven-0.14.2/dist/extension.js:126:21845
[2019-03-05 14:54:21.886] [renderer1] [error] Cannot read property 'map' of undefined: TypeError: Cannot read property 'map' of undefined
    at asCompletionResult (/home/agabey/.vscode/extensions/ms-python.python-2019.2.5433/out/client/extension.js:83:96829)
    at i (/home/agabey/.vscode/extensions/vscjava.vscode-maven-0.14.2/dist/extension.js:126:21501)
    at /home/agabey/.vscode/extensions/vscjava.vscode-maven-0.14.2/dist/extension.js:126:21845
[2019-03-05 14:56:51.443] [renderer1] [error] Cannot read property 'map' of undefined: TypeError: Cannot read property 'map' of undefined
    at asCompletionResult (/home/agabey/.vscode/extensions/ms-python.python-2019.2.5433/out/client/extension.js:83:96829)
    at i (/home/agabey/.vscode/extensions/vscjava.vscode-maven-0.14.2/dist/extension.js:126:21501)
    at /home/agabey/.vscode/extensions/vscjava.vscode-maven-0.14.2/dist/extension.js:126:21845
[2019-03-05 14:56:53.795] [renderer1] [error] Cannot read property 'map' of undefined: TypeError: Cannot read property 'map' of undefined
    at asCompletionResult (/home/agabey/.vscode/extensions/ms-python.python-2019.2.5433/out/client/extension.js:83:96829)
    at i (/home/agabey/.vscode/extensions/vscjava.vscode-maven-0.14.2/dist/extension.js:126:21501)
    at /home/agabey/.vscode/extensions/vscjava.vscode-maven-0.14.2/dist/extension.js:126:21845
[2019-03-05 14:56:59.807] [renderer1] [error] Cannot read property 'map' of undefined: TypeError: Cannot read property 'map' of undefined
    at asCompletionResult (/home/agabey/.vscode/extensions/ms-python.python-2019.2.5433/out/client/extension.js:83:96829)
    at i (/home/agabey/.vscode/extensions/vscjava.vscode-maven-0.14.2/dist/extension.js:126:21501)
    at /home/agabey/.vscode/extensions/vscjava.vscode-maven-0.14.2/dist/extension.js:126:21845
[2019-03-05 14:57:01.460] [renderer1] [error] Cannot read property 'map' of undefined: TypeError: Cannot read property 'map' of undefined
    at asCompletionResult (/home/agabey/.vscode/extensions/ms-python.python-2019.2.5433/out/client/extension.js:83:96829)
    at i (/home/agabey/.vscode/extensions/vscjava.vscode-maven-0.14.2/dist/extension.js:126:21501)
    at /home/agabey/.vscode/extensions/vscjava.vscode-maven-0.14.2/dist/extension.js:126:21845
[2019-03-05 14:57:02.781] [renderer1] [error] Cannot read property 'map' of undefined: TypeError: Cannot read property 'map' of undefined
    at asCompletionResult (/home/agabey/.vscode/extensions/ms-python.python-2019.2.5433/out/client/extension.js:83:96829)
    at i (/home/agabey/.vscode/extensions/vscjava.vscode-maven-0.14.2/dist/extension.js:126:21501)
    at /home/agabey/.vscode/extensions/vscjava.vscode-maven-0.14.2/dist/extension.js:126:21845
[2019-03-05 15:00:46.277] [renderer1] [error] Cannot read property 'map' of undefined: TypeError: Cannot read property 'map' of undefined
    at asCompletionResult (/home/agabey/.vscode/extensions/ms-python.python-2019.2.5433/out/client/extension.js:83:96829)
    at i (/home/agabey/.vscode/extensions/vscjava.vscode-maven-0.14.2/dist/extension.js:126:21501)
    at /home/agabey/.vscode/extensions/vscjava.vscode-maven-0.14.2/dist/extension.js:126:21845
[2019-03-05 15:37:29.330] [renderer1] [error] Cannot read property 'map' of undefined: TypeError: Cannot read property 'map' of undefined
    at asCompletionResult (/home/agabey/.vscode/extensions/ms-python.python-2019.2.5433/out/client/extension.js:83:96829)
    at i (/home/agabey/.vscode/extensions/vscjava.vscode-maven-0.14.2/dist/extension.js:126:21501)
    at /home/agabey/.vscode/extensions/vscjava.vscode-maven-0.14.2/dist/extension.js:126:21845
[2019-03-05 15:40:28.406] [renderer1] [error] Cannot read property 'map' of undefined: TypeError: Cannot read property 'map' of undefined
    at asCompletionResult (/home/agabey/.vscode/extensions/ms-python.python-2019.2.5433/out/client/extension.js:83:96829)
    at i (/home/agabey/.vscode/extensions/vscjava.vscode-maven-0.14.2/dist/extension.js:126:21501)
    at /home/agabey/.vscode/extensions/vscjava.vscode-maven-0.14.2/dist/extension.js:126:21845
[2019-03-05 15:45:27.605] [renderer1] [error] Cannot read property 'map' of undefined: TypeError: Cannot read property 'map' of undefined
    at asCompletionResult (/home/agabey/.vscode/extensions/ms-python.python-2019.2.5433/out/client/extension.js:83:96829)
    at i (/home/agabey/.vscode/extensions/vscjava.vscode-maven-0.14.2/dist/extension.js:126:21501)
    at /home/agabey/.vscode/extensions/vscjava.vscode-maven-0.14.2/dist/extension.js:126:21845
[2019-03-05 15:51:28.201] [renderer1] [error] Cannot read property 'map' of undefined: TypeError: Cannot read property 'map' of undefined
    at asCompletionResult (/home/agabey/.vscode/extensions/ms-python.python-2019.2.5433/out/client/extension.js:83:96829)
    at i (/home/agabey/.vscode/extensions/vscjava.vscode-maven-0.14.2/dist/extension.js:126:21501)
    at /home/agabey/.vscode/extensions/vscjava.vscode-maven-0.14.2/dist/extension.js:126:21845
[2019-03-05 15:51:36.422] [renderer1] [error] Cannot read property 'map' of undefined: TypeError: Cannot read property 'map' of undefined
    at asCompletionResult (/home/agabey/.vscode/extensions/ms-python.python-2019.2.5433/out/client/extension.js:83:96829)
    at i (/home/agabey/.vscode/extensions/vscjava.vscode-maven-0.14.2/dist/extension.js:126:21501)
    at /home/agabey/.vscode/extensions/vscjava.vscode-maven-0.14.2/dist/extension.js:126:21845
[2019-03-05 15:51:58.421] [renderer1] [error] Cannot read property 'map' of undefined: TypeError: Cannot read property 'map' of undefined
    at asCompletionResult (/home/agabey/.vscode/extensions/ms-python.python-2019.2.5433/out/client/extension.js:83:96829)
    at i (/home/agabey/.vscode/extensions/vscjava.vscode-maven-0.14.2/dist/extension.js:126:21501)
    at /home/agabey/.vscode/extensions/vscjava.vscode-maven-0.14.2/dist/extension.js:126:21845
[2019-03-05 15:52:03.987] [renderer1] [error] Cannot read property 'map' of undefined: TypeError: Cannot read property 'map' of undefined
    at asCompletionResult (/home/agabey/.vscode/extensions/ms-python.python-2019.2.5433/out/client/extension.js:83:96829)
    at i (/home/agabey/.vscode/extensions/vscjava.vscode-maven-0.14.2/dist/extension.js:126:21501)
    at /home/agabey/.vscode/extensions/vscjava.vscode-maven-0.14.2/dist/extension.js:126:21845
[2019-03-05 15:53:58.679] [renderer1] [error] Cannot read property 'map' of undefined: TypeError: Cannot read property 'map' of undefined
    at asCompletionResult (/home/agabey/.vscode/extensions/ms-python.python-2019.2.5433/out/client/extension.js:83:96829)
    at i (/home/agabey/.vscode/extensions/vscjava.vscode-maven-0.14.2/dist/extension.js:126:21501)
    at /home/agabey/.vscode/extensions/vscjava.vscode-maven-0.14.2/dist/extension.js:126:21845
[2019-03-05 15:57:38.490] [renderer1] [error] Cannot read property 'map' of undefined: TypeError: Cannot read property 'map' of undefined
    at asCompletionResult (/home/agabey/.vscode/extensions/ms-python.python-2019.2.5433/out/client/extension.js:83:96829)
    at i (/home/agabey/.vscode/extensions/vscjava.vscode-maven-0.14.2/dist/extension.js:126:21501)
    at /home/agabey/.vscode/extensions/vscjava.vscode-maven-0.14.2/dist/extension.js:126:21845
[2019-03-05 16:19:39.439] [renderer1] [error] Cannot read property 'map' of undefined: TypeError: Cannot read property 'map' of undefined
    at asCompletionResult (/home/agabey/.vscode/extensions/ms-python.python-2019.2.5433/out/client/extension.js:83:96829)
    at i (/home/agabey/.vscode/extensions/vscjava.vscode-maven-0.14.2/dist/extension.js:126:21501)
    at /home/agabey/.vscode/extensions/vscjava.vscode-maven-0.14.2/dist/extension.js:126:21845
[2019-03-05 16:19:44.226] [renderer1] [error] Cannot read property 'map' of undefined: TypeError: Cannot read property 'map' of undefined
    at asCompletionResult (/home/agabey/.vscode/extensions/ms-python.python-2019.2.5433/out/client/extension.js:83:96829)
    at i (/home/agabey/.vscode/extensions/vscjava.vscode-maven-0.14.2/dist/extension.js:126:21501)
    at /home/agabey/.vscode/extensions/vscjava.vscode-maven-0.14.2/dist/extension.js:126:21845
[2019-03-05 16:19:46.686] [renderer1] [error] Cannot read property 'map' of undefined: TypeError: Cannot read property 'map' of undefined
    at asCompletionResult (/home/agabey/.vscode/extensions/ms-python.python-2019.2.5433/out/client/extension.js:83:96829)
    at i (/home/agabey/.vscode/extensions/vscjava.vscode-maven-0.14.2/dist/extension.js:126:21501)
    at /home/agabey/.vscode/extensions/vscjava.vscode-maven-0.14.2/dist/extension.js:126:21845
[2019-03-05 16:19:55.467] [renderer1] [error] Cannot read property 'map' of undefined: TypeError: Cannot read property 'map' of undefined
    at asCompletionResult (/home/agabey/.vscode/extensions/ms-python.python-2019.2.5433/out/client/extension.js:83:96829)
    at i (/home/agabey/.vscode/extensions/vscjava.vscode-maven-0.14.2/dist/extension.js:126:21501)
    at /home/agabey/.vscode/extensions/vscjava.vscode-maven-0.14.2/dist/extension.js:126:21845
[2019-03-05 16:21:41.671] [renderer1] [error] Cannot read property 'map' of undefined: TypeError: Cannot read property 'map' of undefined
    at asCompletionResult (/home/agabey/.vscode/extensions/ms-python.python-2019.2.5433/out/client/extension.js:83:96829)
    at i (/home/agabey/.vscode/extensions/vscjava.vscode-maven-0.14.2/dist/extension.js:126:21501)
    at /home/agabey/.vscode/extensions/vscjava.vscode-maven-0.14.2/dist/extension.js:126:21845
[2019-03-05 16:27:25.227] [renderer1] [error] Cannot read property 'map' of undefined: TypeError: Cannot read property 'map' of undefined
    at asCompletionResult (/home/agabey/.vscode/extensions/ms-python.python-2019.2.5433/out/client/extension.js:83:96829)
    at i (/home/agabey/.vscode/extensions/vscjava.vscode-maven-0.14.2/dist/extension.js:126:21501)
    at /home/agabey/.vscode/extensions/vscjava.vscode-maven-0.14.2/dist/extension.js:126:21845
[2019-03-05 16:31:37.911] [renderer1] [error] Cannot read property 'map' of undefined: TypeError: Cannot read property 'map' of undefined
    at asCompletionResult (/home/agabey/.vscode/extensions/ms-python.python-2019.2.5433/out/client/extension.js:83:96829)
    at i (/home/agabey/.vscode/extensions/vscjava.vscode-maven-0.14.2/dist/extension.js:126:21501)
    at /home/agabey/.vscode/extensions/vscjava.vscode-maven-0.14.2/dist/extension.js:126:21845
