[2019-03-05 13:17:26.616] [sharedprocess] [info] main {"machineId":"0339e6760a1d417640ba89f5de3cd574725a889735b192a46090624192436a6d"}
[2019-03-05 13:17:27.899] [sharedprocess] [info] Scanned user extensions: 16
[2019-03-05 13:17:28.251] [sharedprocess] [info] Scanned system extensions: 71
[2019-03-05 13:17:34.534] [sharedprocess] [info] Scanned user extensions: 16
[2019-03-05 13:17:34.545] [sharedprocess] [info] Scanned system extensions: 71
[2019-03-05 13:17:35.036] [sharedprocess] [info] Scanned user extensions: 16
[2019-03-05 13:17:35.046] [sharedprocess] [info] Scanned system extensions: 71
[2019-03-05 13:17:37.307] [sharedprocess] [info] Scanned user extensions: 16
[2019-03-05 13:17:38.574] [sharedprocess] [info] Installing extension: ms-vsliveshare.vsliveshare
[2019-03-05 13:17:38.610] [sharedprocess] [info] Scanned user extensions: 16
[2019-03-05 13:17:45.439] [sharedprocess] [info] Downloaded extension: ms-vsliveshare.vsliveshare /tmp/63324307-e0f0-49b8-8dd9-12ffff81d43d
[2019-03-05 13:17:47.058] [sharedprocess] [info] Extracted extension to /home/agabey/.vscode/extensions/.ms-vsliveshare.vsliveshare-0.3.1284: ms-vsliveshare.vsliveshare
[2019-03-05 13:17:47.058] [sharedprocess] [info] Renamed to /home/agabey/.vscode/extensions/ms-vsliveshare.vsliveshare-0.3.1284
[2019-03-05 13:17:47.062] [sharedprocess] [info] Installation completed. ms-vsliveshare.vsliveshare
[2019-03-05 13:17:47.300] [sharedprocess] [info] Extensions installed successfully: ms-vsliveshare.vsliveshare
[2019-03-05 13:18:06.623] [sharedprocess] [info] Starting to clean up unused language packs.
[2019-03-05 13:22:37.614] [sharedprocess] [info] Scanned user extensions: 16
[2019-03-05 13:27:37.693] [sharedprocess] [info] Scanned user extensions: 16
[2019-03-05 13:32:37.795] [sharedprocess] [info] Scanned user extensions: 16
[2019-03-05 13:37:37.909] [sharedprocess] [info] Scanned user extensions: 16
[2019-03-05 13:42:37.985] [sharedprocess] [info] Scanned user extensions: 16
[2019-03-05 13:47:38.041] [sharedprocess] [info] Scanned user extensions: 16
[2019-03-05 13:52:38.097] [sharedprocess] [info] Scanned user extensions: 16
[2019-03-05 13:57:38.154] [sharedprocess] [info] Scanned user extensions: 16
[2019-03-05 14:02:38.248] [sharedprocess] [info] Scanned user extensions: 16
[2019-03-05 14:07:38.374] [sharedprocess] [info] Scanned user extensions: 16
[2019-03-05 14:12:38.464] [sharedprocess] [info] Scanned user extensions: 16
[2019-03-05 14:45:42.096] [sharedprocess] [info] Scanned user extensions: 16
[2019-03-05 14:50:42.196] [sharedprocess] [info] Scanned user extensions: 16
[2019-03-05 14:55:42.312] [sharedprocess] [info] Scanned user extensions: 16
[2019-03-05 15:00:42.518] [sharedprocess] [info] Scanned user extensions: 16
[2019-03-05 15:05:42.661] [sharedprocess] [info] Scanned user extensions: 16
[2019-03-05 15:10:42.735] [sharedprocess] [info] Scanned user extensions: 16
[2019-03-05 15:15:42.845] [sharedprocess] [info] Scanned user extensions: 16
[2019-03-05 15:20:42.974] [sharedprocess] [info] Scanned user extensions: 16
[2019-03-05 15:25:43.117] [sharedprocess] [info] Scanned user extensions: 16
[2019-03-05 15:30:43.180] [sharedprocess] [info] Scanned user extensions: 16
[2019-03-05 15:35:43.294] [sharedprocess] [info] Scanned user extensions: 16
[2019-03-05 15:40:43.414] [sharedprocess] [info] Scanned user extensions: 16
[2019-03-05 15:45:43.603] [sharedprocess] [info] Scanned user extensions: 16
[2019-03-05 15:50:43.663] [sharedprocess] [info] Scanned user extensions: 16
[2019-03-05 15:55:43.731] [sharedprocess] [info] Scanned user extensions: 16
[2019-03-05 16:00:43.784] [sharedprocess] [info] Scanned user extensions: 16
[2019-03-05 16:05:43.847] [sharedprocess] [info] Scanned user extensions: 16
[2019-03-05 16:10:43.922] [sharedprocess] [info] Scanned user extensions: 16
[2019-03-05 16:15:43.994] [sharedprocess] [info] Scanned user extensions: 16
[2019-03-05 16:20:44.086] [sharedprocess] [info] Scanned user extensions: 16
[2019-03-05 16:25:44.168] [sharedprocess] [info] Scanned user extensions: 16
[2019-03-05 16:30:44.229] [sharedprocess] [info] Scanned user extensions: 16
[2019-03-05 16:35:44.287] [sharedprocess] [info] Scanned user extensions: 16
[2019-03-05 16:40:44.396] [sharedprocess] [info] Scanned user extensions: 16
[2019-03-05 16:45:44.602] [sharedprocess] [info] Scanned user extensions: 16
[2019-03-05 16:50:44.673] [sharedprocess] [info] Scanned user extensions: 16
[2019-03-05 16:55:44.749] [sharedprocess] [info] Scanned user extensions: 16
[2019-03-05 17:00:44.820] [sharedprocess] [info] Scanned user extensions: 16
[2019-03-05 17:05:44.870] [sharedprocess] [info] Scanned user extensions: 16
[2019-03-05 17:10:44.919] [sharedprocess] [info] Scanned user extensions: 16
