Looking for git in: git
Using git 2.20.1 from git
> git rev-parse --show-toplevel
> git config --get commit.template
Open repository: /home/agabey/Documents/Code/React/TripRouter
> git status -z -u
> git symbolic-ref --short HEAD
> git rev-parse develop/reducers
> git rev-parse --symbolic-full-name develop/reducers@{u}
fatal: no upstream configured for branch 'develop/reducers'
> git for-each-ref --format %(refname) %(objectname) --sort -committerdate
> git remote --verbose
> git show :reducers/UserReducer.js
> git check-ignore -z --stdin
> git config --global user.email
> git config --global user.name
> git status -z -u
> git symbolic-ref --short HEAD
> git rev-parse develop/reducers
> git rev-parse --symbolic-full-name develop/reducers@{u}
fatal: no upstream configured for branch 'develop/reducers'
> git for-each-ref --format %(refname) %(objectname) --sort -committerdate
> git remote --verbose
> git show -s --format=%an <%ae> 91b478775f2fb5eaa74451937a3567a4af1cd8bf
> git show -s --format=%H
%ae
%P
%B 91b478775f2fb5eaa74451937a3567a4af1cd8bf
> git show -s --format=%an <%ae> 4db12e77c5faa74a4011644b8ec96deb334dd180
> git show -s --format=%H
%ae
%P
%B 4db12e77c5faa74a4011644b8ec96deb334dd180
> git show -s --format=%an <%ae> 8cbb2598d15931a81d715000bd0239c55be2bea0
> git show -s --format=%an <%ae> 63e410b5d45e0c95ec644cd8f4652f10fcfae92d
> git show -s --format=%H
%ae
%P
%B 63e410b5d45e0c95ec644cd8f4652f10fcfae92d
> git show -s --format=%an <%ae> c401fb2bc5ec191f1cc444202859bd99bfe14785
> git show -s --format=%H
%ae
%P
%B c401fb2bc5ec191f1cc444202859bd99bfe14785
> git show -s --format=%an <%ae> 8cbb2598d15931a81d715000bd0239c55be2bea0
> git show -s --format=%H
%ae
%P
%B 8cbb2598d15931a81d715000bd0239c55be2bea0
> git show -s --format=%H
%ae
%P
%B 8cbb2598d15931a81d715000bd0239c55be2bea0
> git show -s --format=%an <%ae> d7f1eb4f33281d2dd90b055d2419f3f0dabe49fa
> git show -s --format=%an <%ae> d7f1eb4f33281d2dd90b055d2419f3f0dabe49fa
> git show -s --format=%H
%ae
%P
%B d7f1eb4f33281d2dd90b055d2419f3f0dabe49fa
> git show -s --format=%H
%ae
%P
%B d7f1eb4f33281d2dd90b055d2419f3f0dabe49fa
> git show -s --format=%an <%ae> b2ae104ddccab8b5c9c478f7ac3ae34a5b4b57b1
> git show -s --format=%an <%ae> b2ae104ddccab8b5c9c478f7ac3ae34a5b4b57b1
> git show -s --format=%H
%ae
%P
%B b2ae104ddccab8b5c9c478f7ac3ae34a5b4b57b1
> git show -s --format=%H
%ae
%P
%B b2ae104ddccab8b5c9c478f7ac3ae34a5b4b57b1
> git show -s --format=%an <%ae> 8b2ed1318be4a1dfbe0c9f87ac0aa2f04fda24f8
> git show -s --format=%an <%ae> 8b2ed1318be4a1dfbe0c9f87ac0aa2f04fda24f8
> git show -s --format=%H
%ae
%P
%B 8b2ed1318be4a1dfbe0c9f87ac0aa2f04fda24f8
> git show -s --format=%H
%ae
%P
%B 8b2ed1318be4a1dfbe0c9f87ac0aa2f04fda24f8
> git show -s --format=%an <%ae> 37b7e45502f2ab6a51253458ac3b5f60bf78e02f
> git show -s --format=%an <%ae> 37b7e45502f2ab6a51253458ac3b5f60bf78e02f
> git show -s --format=%H
%ae
%P
%B 37b7e45502f2ab6a51253458ac3b5f60bf78e02f
> git show -s --format=%H
%ae
%P
%B 37b7e45502f2ab6a51253458ac3b5f60bf78e02f
> git show -s --format=%an <%ae> cddf1ed715cc56af4976075d6e8ce071f02bf8be
> git show -s --format=%an <%ae> cddf1ed715cc56af4976075d6e8ce071f02bf8be
> git show -s --format=%H
%ae
%P
%B cddf1ed715cc56af4976075d6e8ce071f02bf8be
> git show -s --format=%H
%ae
%P
%B cddf1ed715cc56af4976075d6e8ce071f02bf8be
> git show -s --format=%an <%ae> c50ee22b28b3208b628965685374241095f5ef76
> git show -s --format=%an <%ae> c50ee22b28b3208b628965685374241095f5ef76
> git show -s --format=%H
%ae
%P
%B c50ee22b28b3208b628965685374241095f5ef76
> git show -s --format=%H
%ae
%P
%B c50ee22b28b3208b628965685374241095f5ef76
> git show -s --format=%an <%ae> 60d5ee84fde553000aa710910423677c1b2367bb
> git show -s --format=%an <%ae> 60d5ee84fde553000aa710910423677c1b2367bb
> git show -s --format=%H
%ae
%P
%B 60d5ee84fde553000aa710910423677c1b2367bb
> git show -s --format=%H
%ae
%P
%B 60d5ee84fde553000aa710910423677c1b2367bb
> git show -s --format=%an <%ae> 5912bca66c7e45a61bd6016ae97020d88cdb72b8
> git show -s --format=%an <%ae> 5912bca66c7e45a61bd6016ae97020d88cdb72b8
> git show -s --format=%H
%ae
%P
%B 5912bca66c7e45a61bd6016ae97020d88cdb72b8
> git show -s --format=%H
%ae
%P
%B 5912bca66c7e45a61bd6016ae97020d88cdb72b8
> git show -s --format=%an <%ae> 051838ffbe409a69884ddbda840588cd82e2d434
> git show -s --format=%an <%ae> 051838ffbe409a69884ddbda840588cd82e2d434
> git show -s --format=%H
%ae
%P
%B 051838ffbe409a69884ddbda840588cd82e2d434
> git show -s --format=%H
%ae
%P
%B 051838ffbe409a69884ddbda840588cd82e2d434
> git show -s --format=%an <%ae> d0316b1444cd9e710b3f663e81effe522eb9a989
> git show -s --format=%an <%ae> d0316b1444cd9e710b3f663e81effe522eb9a989
> git show -s --format=%H
%ae
%P
%B d0316b1444cd9e710b3f663e81effe522eb9a989
> git show -s --format=%an <%ae> 870d106f4d832007a68cfaedfcf5818e10696721
> git show -s --format=%an <%ae> 873b8148ea8d886ce9686beada8e173dcdca11f2
> git show -s --format=%H
%ae
%P
%B d0316b1444cd9e710b3f663e81effe522eb9a989
> git show -s --format=%H
%ae
%P
%B 873b8148ea8d886ce9686beada8e173dcdca11f2
> git show -s --format=%H
%ae
%P
%B 870d106f4d832007a68cfaedfcf5818e10696721
> git show -s --format=%an <%ae> b4d2d372550e8212fa633b2d3084168cba57dd2f
> git show -s --format=%an <%ae> 870d106f4d832007a68cfaedfcf5818e10696721
> git show -s --format=%an <%ae> 873b8148ea8d886ce9686beada8e173dcdca11f2
> git show -s --format=%H
%ae
%P
%B 870d106f4d832007a68cfaedfcf5818e10696721
> git show -s --format=%H
%ae
%P
%B b4d2d372550e8212fa633b2d3084168cba57dd2f
> git show -s --format=%an <%ae> b4d2d372550e8212fa633b2d3084168cba57dd2f
> git show -s --format=%an <%ae> 6c05abbb88e95000a3f7b855afc882f79998213d
> git show -s --format=%an <%ae> b4d2d372550e8212fa633b2d3084168cba57dd2f
> git show -s --format=%H
%ae
%P
%B 873b8148ea8d886ce9686beada8e173dcdca11f2
> git show -s --format=%H
%ae
%P
%B b4d2d372550e8212fa633b2d3084168cba57dd2f
> git show -s --format=%H
%ae
%P
%B 6c05abbb88e95000a3f7b855afc882f79998213d
> git show -s --format=%H
%ae
%P
%B b4d2d372550e8212fa633b2d3084168cba57dd2f
> git show -s --format=%an <%ae> 795227f3ef0bd67fa9e3cb537e20d43fba07978a
> git show -s --format=%an <%ae> 6c05abbb88e95000a3f7b855afc882f79998213d
> git show -s --format=%an <%ae> b4d2d372550e8212fa633b2d3084168cba57dd2f
> git show -s --format=%H
%ae
%P
%B 6c05abbb88e95000a3f7b855afc882f79998213d
> git show -s --format=%H
%ae
%P
%B 795227f3ef0bd67fa9e3cb537e20d43fba07978a
> git show -s --format=%an <%ae> 6c05abbb88e95000a3f7b855afc882f79998213d
> git show -s --format=%an <%ae> 311c97ba5afb7842c289d8ccad0b566a278603c6
> git show -s --format=%an <%ae> 795227f3ef0bd67fa9e3cb537e20d43fba07978a
> git show -s --format=%H
%ae
%P
%B b4d2d372550e8212fa633b2d3084168cba57dd2f
> git show -s --format=%H
%ae
%P
%B 795227f3ef0bd67fa9e3cb537e20d43fba07978a
> git show -s --format=%H
%ae
%P
%B 311c97ba5afb7842c289d8ccad0b566a278603c6
> git show -s --format=%H
%ae
%P
%B 6c05abbb88e95000a3f7b855afc882f79998213d
> git show -s --format=%an <%ae> 795227f3ef0bd67fa9e3cb537e20d43fba07978a
> git show -s --format=%an <%ae> faa0a744e760507ca9a06f50cc01bf9882c0c183
> git show -s --format=%an <%ae> 311c97ba5afb7842c289d8ccad0b566a278603c6
> git show -s --format=%an <%ae> 6c05abbb88e95000a3f7b855afc882f79998213d
> git show -s --format=%H
%ae
%P
%B 311c97ba5afb7842c289d8ccad0b566a278603c6
> git show -s --format=%H
%ae
%P
%B faa0a744e760507ca9a06f50cc01bf9882c0c183
> git show -s --format=%H
%ae
%P
%B 795227f3ef0bd67fa9e3cb537e20d43fba07978a
> git show -s --format=%an <%ae> faa0a744e760507ca9a06f50cc01bf9882c0c183
> git show -s --format=%H
%ae
%P
%B 6c05abbb88e95000a3f7b855afc882f79998213d
> git show -s --format=%H
%ae
%P
%B faa0a744e760507ca9a06f50cc01bf9882c0c183
> git show -s --format=%an <%ae> 311c97ba5afb7842c289d8ccad0b566a278603c6
> git show -s --format=%an <%ae> 795227f3ef0bd67fa9e3cb537e20d43fba07978a
> git show -s --format=%H
%ae
%P
%B 311c97ba5afb7842c289d8ccad0b566a278603c6
> git show -s --format=%H
%ae
%P
%B 795227f3ef0bd67fa9e3cb537e20d43fba07978a
> git show -s --format=%an <%ae> faa0a744e760507ca9a06f50cc01bf9882c0c183
> git show -s --format=%an <%ae> 311c97ba5afb7842c289d8ccad0b566a278603c6
> git show -s --format=%H
%ae
%P
%B faa0a744e760507ca9a06f50cc01bf9882c0c183
> git show -s --format=%H
%ae
%P
%B 311c97ba5afb7842c289d8ccad0b566a278603c6
> git show -s --format=%an <%ae> faa0a744e760507ca9a06f50cc01bf9882c0c183
> git show -s --format=%H
%ae
%P
%B faa0a744e760507ca9a06f50cc01bf9882c0c183
> git show :reducers/TripReducer.js
> git show :reducers/UserReducer.js
> git show :reducers/TripReducer.js
> git show :reducers/UserReducer.js
> git show :reducers/TripReducer.js
> git show :reducers/UserReducer.js
> git show :reducers/TripReducer.js
> git show :reducers/UserReducer.js
> git show :reducers/TripReducer.js
> git show :reducers/UserReducer.js
> git status -z -u
> git symbolic-ref --short HEAD
> git rev-parse develop/reducers
> git rev-parse --symbolic-full-name develop/reducers@{u}
fatal: no upstream configured for branch 'develop/reducers'
> git for-each-ref --format %(refname) %(objectname) --sort -committerdate
> git remote --verbose
> git status -z -u
> git symbolic-ref --short HEAD
> git rev-parse develop/reducers
> git rev-parse --symbolic-full-name develop/reducers@{u}
fatal: no upstream configured for branch 'develop/reducers'
> git for-each-ref --format %(refname) %(objectname) --sort -committerdate
> git remote --verbose
> git show :reducers/TripReducer.js
> git show :containers/ProfileView.js
> git check-ignore -z --stdin
> git show :reducers/TripReducer.js
> git show :reducers/UserReducer.js
> git show :containers/ProfileView.js
> git show :reducers/UserReducer.js
> git status -z -u
> git symbolic-ref --short HEAD
> git rev-parse develop/reducers
> git rev-parse --symbolic-full-name develop/reducers@{u}
fatal: no upstream configured for branch 'develop/reducers'
> git for-each-ref --format %(refname) %(objectname) --sort -committerdate
> git remote --verbose
> git status -z -u
> git symbolic-ref --short HEAD
> git rev-parse develop/reducers
> git rev-parse --symbolic-full-name develop/reducers@{u}
fatal: no upstream configured for branch 'develop/reducers'
> git for-each-ref --format %(refname) %(objectname) --sort -committerdate
> git remote --verbose
> git status -z -u
> git symbolic-ref --short HEAD
> git rev-parse develop/reducers
> git rev-parse --symbolic-full-name develop/reducers@{u}
fatal: no upstream configured for branch 'develop/reducers'
> git for-each-ref --format %(refname) %(objectname) --sort -committerdate
> git remote --verbose
> git status -z -u
> git symbolic-ref --short HEAD
> git rev-parse develop/reducers
> git rev-parse --symbolic-full-name develop/reducers@{u}
fatal: no upstream configured for branch 'develop/reducers'
> git for-each-ref --format %(refname) %(objectname) --sort -committerdate
> git remote --verbose
> git status -z -u
> git symbolic-ref --short HEAD
> git rev-parse develop/reducers
> git rev-parse --symbolic-full-name develop/reducers@{u}
fatal: no upstream configured for branch 'develop/reducers'
> git for-each-ref --format %(refname) %(objectname) --sort -committerdate
> git remote --verbose
> git status -z -u
> git symbolic-ref --short HEAD
> git rev-parse develop/reducers
> git rev-parse --symbolic-full-name develop/reducers@{u}
fatal: no upstream configured for branch 'develop/reducers'
> git for-each-ref --format %(refname) %(objectname) --sort -committerdate
> git remote --verbose
> git status -z -u
> git symbolic-ref --short HEAD
> git rev-parse develop/reducers
> git rev-parse --symbolic-full-name develop/reducers@{u}
fatal: no upstream configured for branch 'develop/reducers'
> git for-each-ref --format %(refname) %(objectname) --sort -committerdate
> git remote --verbose
> git status -z -u
> git symbolic-ref --short HEAD
> git rev-parse develop/reducers
> git rev-parse --symbolic-full-name develop/reducers@{u}
fatal: no upstream configured for branch 'develop/reducers'
> git for-each-ref --format %(refname) %(objectname) --sort -committerdate
> git remote --verbose
> git status -z -u
> git symbolic-ref --short HEAD
> git rev-parse develop/reducers
> git rev-parse --symbolic-full-name develop/reducers@{u}
fatal: no upstream configured for branch 'develop/reducers'
> git for-each-ref --format %(refname) %(objectname) --sort -committerdate
> git remote --verbose
> git status -z -u
> git symbolic-ref --short HEAD
> git rev-parse develop/reducers
> git rev-parse --symbolic-full-name develop/reducers@{u}
fatal: no upstream configured for branch 'develop/reducers'
> git for-each-ref --format %(refname) %(objectname) --sort -committerdate
> git remote --verbose
> git status -z -u
> git symbolic-ref --short HEAD
> git rev-parse develop/reducers
> git rev-parse --symbolic-full-name develop/reducers@{u}
fatal: no upstream configured for branch 'develop/reducers'
> git for-each-ref --format %(refname) %(objectname) --sort -committerdate
> git remote --verbose
> git status -z -u
> git symbolic-ref --short HEAD
> git rev-parse develop/reducers
> git rev-parse --symbolic-full-name develop/reducers@{u}
fatal: no upstream configured for branch 'develop/reducers'
> git for-each-ref --format %(refname) %(objectname) --sort -committerdate
> git remote --verbose
> git status -z -u
> git symbolic-ref --short HEAD
> git rev-parse develop/reducers
> git rev-parse --symbolic-full-name develop/reducers@{u}
fatal: no upstream configured for branch 'develop/reducers'
> git for-each-ref --format %(refname) %(objectname) --sort -committerdate
> git remote --verbose
> git show :reducers/TripReducer.js
> git status -z -u
> git symbolic-ref --short HEAD
> git rev-parse develop/reducers
> git rev-parse --symbolic-full-name develop/reducers@{u}
fatal: no upstream configured for branch 'develop/reducers'
> git for-each-ref --format %(refname) %(objectname) --sort -committerdate
> git remote --verbose
> git show :reducers/UserReducer.js
> git show :reducers/RootReducer.js
> git status -z -u
> git symbolic-ref --short HEAD
> git rev-parse develop/reducers
> git rev-parse --symbolic-full-name develop/reducers@{u}
fatal: no upstream configured for branch 'develop/reducers'
> git for-each-ref --format %(refname) %(objectname) --sort -committerdate
> git remote --verbose
> git status -z -u
> git symbolic-ref --short HEAD
> git rev-parse develop/reducers
> git rev-parse --symbolic-full-name develop/reducers@{u}
fatal: no upstream configured for branch 'develop/reducers'
> git for-each-ref --format %(refname) %(objectname) --sort -committerdate
> git remote --verbose
> git status -z -u
> git symbolic-ref --short HEAD
> git rev-parse develop/reducers
> git rev-parse --symbolic-full-name develop/reducers@{u}
fatal: no upstream configured for branch 'develop/reducers'
> git for-each-ref --format %(refname) %(objectname) --sort -committerdate
> git remote --verbose
> git status -z -u
> git symbolic-ref --short HEAD
> git rev-parse develop/reducers
> git rev-parse --symbolic-full-name develop/reducers@{u}
fatal: no upstream configured for branch 'develop/reducers'
> git for-each-ref --format %(refname) %(objectname) --sort -committerdate
> git remote --verbose
> git status -z -u
> git symbolic-ref --short HEAD
> git rev-parse develop/reducers
> git rev-parse --symbolic-full-name develop/reducers@{u}
fatal: no upstream configured for branch 'develop/reducers'
> git for-each-ref --format %(refname) %(objectname) --sort -committerdate
> git remote --verbose
> git status -z -u
> git symbolic-ref --short HEAD
> git rev-parse develop/reducers
> git rev-parse --symbolic-full-name develop/reducers@{u}
fatal: no upstream configured for branch 'develop/reducers'
> git for-each-ref --format %(refname) %(objectname) --sort -committerdate
> git remote --verbose
> git status -z -u
> git symbolic-ref --short HEAD
> git rev-parse develop/reducers
> git rev-parse --symbolic-full-name develop/reducers@{u}
fatal: no upstream configured for branch 'develop/reducers'
> git for-each-ref --format %(refname) %(objectname) --sort -committerdate
> git remote --verbose
> git show :reducers/UserReducer.js
> git status -z -u
> git symbolic-ref --short HEAD
> git rev-parse develop/reducers
> git rev-parse --symbolic-full-name develop/reducers@{u}
fatal: no upstream configured for branch 'develop/reducers'
> git for-each-ref --format %(refname) %(objectname) --sort -committerdate
> git remote --verbose
> git status -z -u
> git symbolic-ref --short HEAD
> git rev-parse develop/reducers
> git rev-parse --symbolic-full-name develop/reducers@{u}
fatal: no upstream configured for branch 'develop/reducers'
> git for-each-ref --format %(refname) %(objectname) --sort -committerdate
> git remote --verbose
> git show :reducers/TripReducer.js
> git show :reducers/UserReducer.js
> git status -z -u
> git symbolic-ref --short HEAD
> git rev-parse develop/reducers
> git rev-parse --symbolic-full-name develop/reducers@{u}
fatal: no upstream configured for branch 'develop/reducers'
> git for-each-ref --format %(refname) %(objectname) --sort -committerdate
> git remote --verbose
> git status -z -u
> git symbolic-ref --short HEAD
> git rev-parse develop/reducers
> git rev-parse --symbolic-full-name develop/reducers@{u}
fatal: no upstream configured for branch 'develop/reducers'
> git for-each-ref --format %(refname) %(objectname) --sort -committerdate
> git remote --verbose
> git show :reducers/UserReducer.js
> git status -z -u
> git symbolic-ref --short HEAD
> git rev-parse develop/reducers
> git rev-parse --symbolic-full-name develop/reducers@{u}
fatal: no upstream configured for branch 'develop/reducers'
> git for-each-ref --format %(refname) %(objectname) --sort -committerdate
> git remote --verbose
> git show :reducers/UserReducer.js
> git status -z -u
> git symbolic-ref --short HEAD
> git rev-parse develop/reducers
> git rev-parse --symbolic-full-name develop/reducers@{u}
fatal: no upstream configured for branch 'develop/reducers'
> git for-each-ref --format %(refname) %(objectname) --sort -committerdate
> git remote --verbose
> git show :reducers/UserReducer.js
> git status -z -u
> git symbolic-ref --short HEAD
> git rev-parse master
> git rev-parse --symbolic-full-name master@{u}
> git rev-list --left-right master...refs/remotes/origin/master
> git for-each-ref --format %(refname) %(objectname) --sort -committerdate
> git remote --verbose
> git show :reducers/UserReducer.js
> git status -z -u
> git symbolic-ref --short HEAD
> git rev-parse master
> git rev-parse --symbolic-full-name master@{u}
> git rev-list --left-right master...refs/remotes/origin/master
> git for-each-ref --format %(refname) %(objectname) --sort -committerdate
> git remote --verbose
> git show :reducers/UserReducer.js
> git status -z -u
> git symbolic-ref --short HEAD
> git rev-parse master
> git rev-parse --symbolic-full-name master@{u}
> git rev-list --left-right master...refs/remotes/origin/master
> git for-each-ref --format %(refname) %(objectname) --sort -committerdate
> git remote --verbose
> git show :reducers/UserReducer.js
> git status -z -u
> git symbolic-ref --short HEAD
> git rev-parse master
> git rev-parse --symbolic-full-name master@{u}
> git rev-list --left-right master...refs/remotes/origin/master
> git for-each-ref --format %(refname) %(objectname) --sort -committerdate
> git remote --verbose
> git show :reducers/UserReducer.js
> git show :Root.js
> git show :reducers/UserReducer.js
> git status -z -u
> git symbolic-ref --short HEAD
> git rev-parse master
> git rev-parse --symbolic-full-name master@{u}
> git rev-list --left-right master...refs/remotes/origin/master
> git for-each-ref --format %(refname) %(objectname) --sort -committerdate
> git remote --verbose
> git status -z -u
> git symbolic-ref --short HEAD
> git rev-parse master
> git rev-parse --symbolic-full-name master@{u}
> git rev-list --left-right master...refs/remotes/origin/master
> git for-each-ref --format %(refname) %(objectname) --sort -committerdate
> git remote --verbose
> git status -z -u
> git symbolic-ref --short HEAD
> git rev-parse master
> git rev-parse --symbolic-full-name master@{u}
> git rev-list --left-right master...refs/remotes/origin/master
> git for-each-ref --format %(refname) %(objectname) --sort -committerdate
> git remote --verbose
> git status -z -u
> git symbolic-ref --short HEAD
> git rev-parse master
> git rev-parse --symbolic-full-name master@{u}
> git rev-list --left-right master...refs/remotes/origin/master
> git for-each-ref --format %(refname) %(objectname) --sort -committerdate
> git remote --verbose
> git status -z -u
> git symbolic-ref --short HEAD
> git rev-parse master
> git rev-parse --symbolic-full-name master@{u}
> git rev-list --left-right master...refs/remotes/origin/master
> git for-each-ref --format %(refname) %(objectname) --sort -committerdate
> git remote --verbose
> git status -z -u
> git symbolic-ref --short HEAD
> git rev-parse master
> git rev-parse --symbolic-full-name master@{u}
> git rev-list --left-right master...refs/remotes/origin/master
> git for-each-ref --format %(refname) %(objectname) --sort -committerdate
> git remote --verbose
> git status -z -u
> git symbolic-ref --short HEAD
> git rev-parse master
> git rev-parse --symbolic-full-name master@{u}
> git rev-list --left-right master...refs/remotes/origin/master
> git for-each-ref --format %(refname) %(objectname) --sort -committerdate
> git remote --verbose
> git status -z -u
> git symbolic-ref --short HEAD
> git rev-parse master
> git rev-parse --symbolic-full-name master@{u}
> git rev-list --left-right master...refs/remotes/origin/master
> git for-each-ref --format %(refname) %(objectname) --sort -committerdate
> git remote --verbose
> git status -z -u
> git symbolic-ref --short HEAD
> git rev-parse master
> git rev-parse --symbolic-full-name master@{u}
> git rev-list --left-right master...refs/remotes/origin/master
> git for-each-ref --format %(refname) %(objectname) --sort -committerdate
> git remote --verbose
> git status -z -u
> git symbolic-ref --short HEAD
> git rev-parse master
> git rev-parse --symbolic-full-name master@{u}
> git rev-list --left-right master...refs/remotes/origin/master
> git for-each-ref --format %(refname) %(objectname) --sort -committerdate
> git remote --verbose
> git status -z -u
> git symbolic-ref --short HEAD
> git rev-parse master
> git rev-parse --symbolic-full-name master@{u}
> git rev-list --left-right master...refs/remotes/origin/master
> git for-each-ref --format %(refname) %(objectname) --sort -committerdate
> git remote --verbose
> git status -z -u
> git symbolic-ref --short HEAD
> git rev-parse master
> git rev-parse --symbolic-full-name master@{u}
> git rev-list --left-right master...refs/remotes/origin/master
> git for-each-ref --format %(refname) %(objectname) --sort -committerdate
> git remote --verbose
> git status -z -u
> git symbolic-ref --short HEAD
> git rev-parse master
> git rev-parse --symbolic-full-name master@{u}
> git rev-list --left-right master...refs/remotes/origin/master
> git for-each-ref --format %(refname) %(objectname) --sort -committerdate
> git remote --verbose
> git status -z -u
> git symbolic-ref --short HEAD
> git rev-parse master
> git rev-parse --symbolic-full-name master@{u}
> git rev-list --left-right master...refs/remotes/origin/master
> git for-each-ref --format %(refname) %(objectname) --sort -committerdate
> git remote --verbose
> git status -z -u
> git symbolic-ref --short HEAD
> git rev-parse master
> git rev-parse --symbolic-full-name master@{u}
> git rev-list --left-right master...refs/remotes/origin/master
> git for-each-ref --format %(refname) %(objectname) --sort -committerdate
> git remote --verbose
> git status -z -u
> git symbolic-ref --short HEAD
> git rev-parse master
> git rev-parse --symbolic-full-name master@{u}
> git rev-list --left-right master...refs/remotes/origin/master
> git for-each-ref --format %(refname) %(objectname) --sort -committerdate
> git remote --verbose
> git status -z -u
> git symbolic-ref --short HEAD
> git rev-parse master
> git rev-parse --symbolic-full-name master@{u}
> git rev-list --left-right master...refs/remotes/origin/master
> git for-each-ref --format %(refname) %(objectname) --sort -committerdate
> git remote --verbose
> git status -z -u
> git symbolic-ref --short HEAD
> git rev-parse master
> git rev-parse --symbolic-full-name master@{u}
> git rev-list --left-right master...refs/remotes/origin/master
> git for-each-ref --format %(refname) %(objectname) --sort -committerdate
> git remote --verbose
> git status -z -u
> git symbolic-ref --short HEAD
> git rev-parse master
> git rev-parse --symbolic-full-name master@{u}
> git rev-list --left-right master...refs/remotes/origin/master
> git for-each-ref --format %(refname) %(objectname) --sort -committerdate
> git remote --verbose
> git status -z -u
> git symbolic-ref --short HEAD
> git rev-parse master
> git rev-parse --symbolic-full-name master@{u}
> git rev-list --left-right master...refs/remotes/origin/master
> git for-each-ref --format %(refname) %(objectname) --sort -committerdate
> git remote --verbose
> git status -z -u
> git symbolic-ref --short HEAD
> git rev-parse master
> git rev-parse --symbolic-full-name master@{u}
> git rev-list --left-right master...refs/remotes/origin/master
> git for-each-ref --format %(refname) %(objectname) --sort -committerdate
> git remote --verbose
> git status -z -u
> git symbolic-ref --short HEAD
> git rev-parse master
> git rev-parse --symbolic-full-name master@{u}
> git rev-list --left-right master...refs/remotes/origin/master
> git for-each-ref --format %(refname) %(objectname) --sort -committerdate
> git remote --verbose
> git status -z -u
> git symbolic-ref --short HEAD
> git rev-parse master
> git rev-parse --symbolic-full-name master@{u}
> git rev-list --left-right master...refs/remotes/origin/master
> git for-each-ref --format %(refname) %(objectname) --sort -committerdate
> git remote --verbose
> git status -z -u
> git symbolic-ref --short HEAD
> git rev-parse master
> git rev-parse --symbolic-full-name master@{u}
> git rev-list --left-right master...refs/remotes/origin/master
> git for-each-ref --format %(refname) %(objectname) --sort -committerdate
> git remote --verbose
> git status -z -u
> git symbolic-ref --short HEAD
> git rev-parse master
> git rev-parse --symbolic-full-name master@{u}
> git rev-list --left-right master...refs/remotes/origin/master
> git for-each-ref --format %(refname) %(objectname) --sort -committerdate
> git remote --verbose
> git status -z -u
> git symbolic-ref --short HEAD
> git rev-parse master
> git rev-parse --symbolic-full-name master@{u}
> git rev-list --left-right master...refs/remotes/origin/master
> git for-each-ref --format %(refname) %(objectname) --sort -committerdate
> git remote --verbose
> git status -z -u
> git symbolic-ref --short HEAD
> git rev-parse master
> git rev-parse --symbolic-full-name master@{u}
> git rev-list --left-right master...refs/remotes/origin/master
> git for-each-ref --format %(refname) %(objectname) --sort -committerdate
> git remote --verbose
> git status -z -u
> git symbolic-ref --short HEAD
> git rev-parse master
> git rev-parse --symbolic-full-name master@{u}
> git rev-list --left-right master...refs/remotes/origin/master
> git for-each-ref --format %(refname) %(objectname) --sort -committerdate
> git remote --verbose
> git status -z -u
> git symbolic-ref --short HEAD
> git rev-parse master
> git rev-parse --symbolic-full-name master@{u}
> git rev-list --left-right master...refs/remotes/origin/master
> git for-each-ref --format %(refname) %(objectname) --sort -committerdate
> git remote --verbose
> git status -z -u
> git symbolic-ref --short HEAD
> git rev-parse master
> git rev-parse --symbolic-full-name master@{u}
> git rev-list --left-right master...refs/remotes/origin/master
> git for-each-ref --format %(refname) %(objectname) --sort -committerdate
> git remote --verbose
> git status -z -u
> git symbolic-ref --short HEAD
> git rev-parse master
> git rev-parse --symbolic-full-name master@{u}
> git rev-list --left-right master...refs/remotes/origin/master
> git for-each-ref --format %(refname) %(objectname) --sort -committerdate
> git remote --verbose
> git status -z -u
> git symbolic-ref --short HEAD
> git rev-parse master
> git rev-parse --symbolic-full-name master@{u}
> git rev-list --left-right master...refs/remotes/origin/master
> git for-each-ref --format %(refname) %(objectname) --sort -committerdate
> git remote --verbose
> git status -z -u
> git symbolic-ref --short HEAD
> git rev-parse master
> git rev-parse --symbolic-full-name master@{u}
> git rev-list --left-right master...refs/remotes/origin/master
> git for-each-ref --format %(refname) %(objectname) --sort -committerdate
> git remote --verbose
> git status -z -u
> git symbolic-ref --short HEAD
> git rev-parse master
> git rev-parse --symbolic-full-name master@{u}
> git rev-list --left-right master...refs/remotes/origin/master
> git for-each-ref --format %(refname) %(objectname) --sort -committerdate
> git remote --verbose
> git status -z -u
> git symbolic-ref --short HEAD
> git rev-parse master
> git rev-parse --symbolic-full-name master@{u}
> git rev-list --left-right master...refs/remotes/origin/master
> git for-each-ref --format %(refname) %(objectname) --sort -committerdate
> git remote --verbose
> git status -z -u
> git symbolic-ref --short HEAD
> git rev-parse master
> git rev-parse --symbolic-full-name master@{u}
> git rev-list --left-right master...refs/remotes/origin/master
> git for-each-ref --format %(refname) %(objectname) --sort -committerdate
> git remote --verbose
> git show :reducers/RootReducer.js
> git show :reducers/UserReducer.js
> git status -z -u
> git symbolic-ref --short HEAD
> git rev-parse master
> git rev-parse --symbolic-full-name master@{u}
> git rev-list --left-right master...refs/remotes/origin/master
> git for-each-ref --format %(refname) %(objectname) --sort -committerdate
> git remote --verbose
> git status -z -u
> git symbolic-ref --short HEAD
> git rev-parse master
> git rev-parse --symbolic-full-name master@{u}
> git rev-list --left-right master...refs/remotes/origin/master
> git for-each-ref --format %(refname) %(objectname) --sort -committerdate
> git remote --verbose
> git status -z -u
> git symbolic-ref --short HEAD
> git rev-parse master
> git rev-parse --symbolic-full-name master@{u}
> git rev-list --left-right master...refs/remotes/origin/master
> git for-each-ref --format %(refname) %(objectname) --sort -committerdate
> git remote --verbose
> git show :containers/ProfileView.js
> git check-ignore -z --stdin
> git check-ignore -z --stdin
> git show :components/profile-view/Main.js
> git show :reducers/UserReducer.js
> git show :components/profile-view/Main.js
> git status -z -u
> git symbolic-ref --short HEAD
> git rev-parse master
> git rev-parse --symbolic-full-name master@{u}
> git rev-list --left-right master...refs/remotes/origin/master
> git for-each-ref --format %(refname) %(objectname) --sort -committerdate
> git remote --verbose
> git show :reducers/UserReducer.js
> git status -z -u
> git symbolic-ref --short HEAD
> git rev-parse master
> git rev-parse --symbolic-full-name master@{u}
> git rev-list --left-right master...refs/remotes/origin/master
> git for-each-ref --format %(refname) %(objectname) --sort -committerdate
> git remote --verbose
> git status -z -u
> git symbolic-ref --short HEAD
> git rev-parse master
> git rev-parse --symbolic-full-name master@{u}
> git rev-list --left-right master...refs/remotes/origin/master
> git for-each-ref --format %(refname) %(objectname) --sort -committerdate
> git remote --verbose
> git status -z -u
> git symbolic-ref --short HEAD
> git rev-parse master
> git rev-parse --symbolic-full-name master@{u}
> git rev-list --left-right master...refs/remotes/origin/master
> git for-each-ref --format %(refname) %(objectname) --sort -committerdate
> git remote --verbose
> git status -z -u
> git symbolic-ref --short HEAD
> git rev-parse master
> git rev-parse --symbolic-full-name master@{u}
> git rev-list --left-right master...refs/remotes/origin/master
> git for-each-ref --format %(refname) %(objectname) --sort -committerdate
> git remote --verbose
> git status -z -u
> git symbolic-ref --short HEAD
> git rev-parse master
> git rev-parse --symbolic-full-name master@{u}
> git rev-list --left-right master...refs/remotes/origin/master
> git for-each-ref --format %(refname) %(objectname) --sort -committerdate
> git remote --verbose
> git status -z -u
> git symbolic-ref --short HEAD
> git rev-parse master
> git rev-parse --symbolic-full-name master@{u}
> git rev-list --left-right master...refs/remotes/origin/master
> git for-each-ref --format %(refname) %(objectname) --sort -committerdate
> git remote --verbose
> git status -z -u
> git symbolic-ref --short HEAD
> git rev-parse master
> git rev-parse --symbolic-full-name master@{u}
> git rev-list --left-right master...refs/remotes/origin/master
> git for-each-ref --format %(refname) %(objectname) --sort -committerdate
> git remote --verbose
> git status -z -u
> git symbolic-ref --short HEAD
> git rev-parse master
> git rev-parse --symbolic-full-name master@{u}
> git rev-list --left-right master...refs/remotes/origin/master
> git for-each-ref --format %(refname) %(objectname) --sort -committerdate
> git remote --verbose
> git status -z -u
> git symbolic-ref --short HEAD
> git rev-parse master
> git rev-parse --symbolic-full-name master@{u}
> git rev-list --left-right master...refs/remotes/origin/master
> git for-each-ref --format %(refname) %(objectname) --sort -committerdate
> git remote --verbose
> git status -z -u
> git symbolic-ref --short HEAD
> git rev-parse master
> git rev-parse --symbolic-full-name master@{u}
> git rev-list --left-right master...refs/remotes/origin/master
> git for-each-ref --format %(refname) %(objectname) --sort -committerdate
> git remote --verbose
> git status -z -u
> git symbolic-ref --short HEAD
> git rev-parse master
> git rev-parse --symbolic-full-name master@{u}
> git rev-list --left-right master...refs/remotes/origin/master
> git for-each-ref --format %(refname) %(objectname) --sort -committerdate
> git remote --verbose
> git status -z -u
> git symbolic-ref --short HEAD
> git rev-parse master
> git rev-parse --symbolic-full-name master@{u}
> git rev-list --left-right master...refs/remotes/origin/master
> git for-each-ref --format %(refname) %(objectname) --sort -committerdate
> git remote --verbose
> git show :reducers/RootReducer.js
> git show :components/profile-view/Main.js
> git show :reducers/RootReducer.js
> git status -z -u
> git symbolic-ref --short HEAD
> git rev-parse master
> git rev-parse --symbolic-full-name master@{u}
> git rev-list --left-right master...refs/remotes/origin/master
> git for-each-ref --format %(refname) %(objectname) --sort -committerdate
> git remote --verbose
> git status -z -u
> git symbolic-ref --short HEAD
> git rev-parse master
> git rev-parse --symbolic-full-name master@{u}
> git rev-list --left-right master...refs/remotes/origin/master
> git for-each-ref --format %(refname) %(objectname) --sort -committerdate
> git remote --verbose
> git show :reducers/RootReducer.js
> git status -z -u
> git symbolic-ref --short HEAD
> git rev-parse master
> git rev-parse --symbolic-full-name master@{u}
> git rev-list --left-right master...refs/remotes/origin/master
> git for-each-ref --format %(refname) %(objectname) --sort -committerdate
> git remote --verbose
> git show :reducers/RootReducer.js
> git status -z -u
> git symbolic-ref --short HEAD
> git rev-parse master
> git rev-parse --symbolic-full-name master@{u}
> git rev-list --left-right master...refs/remotes/origin/master
> git for-each-ref --format %(refname) %(objectname) --sort -committerdate
> git remote --verbose
> git show :reducers/RootReducer.js
> git status -z -u
> git symbolic-ref --short HEAD
> git rev-parse develop/trip-details
> git rev-parse --symbolic-full-name develop/trip-details@{u}
fatal: no upstream configured for branch 'develop/trip-details'
> git for-each-ref --format %(refname) %(objectname) --sort -committerdate
> git remote --verbose
> git show :reducers/RootReducer.js
> git show :components/profile-view/Main.js
> git status -z -u
> git symbolic-ref --short HEAD
> git rev-parse develop/trip-details
> git rev-parse --symbolic-full-name develop/trip-details@{u}
fatal: no upstream configured for branch 'develop/trip-details'
> git for-each-ref --format %(refname) %(objectname) --sort -committerdate
> git remote --verbose
> git status -z -u
> git symbolic-ref --short HEAD
> git rev-parse develop/trip-details
> git rev-parse --symbolic-full-name develop/trip-details@{u}
fatal: no upstream configured for branch 'develop/trip-details'
> git for-each-ref --format %(refname) %(objectname) --sort -committerdate
> git remote --verbose
> git status -z -u
> git symbolic-ref --short HEAD
> git rev-parse develop/trip-details
> git rev-parse --symbolic-full-name develop/trip-details@{u}
fatal: no upstream configured for branch 'develop/trip-details'
> git for-each-ref --format %(refname) %(objectname) --sort -committerdate
> git remote --verbose
> git status -z -u
> git symbolic-ref --short HEAD
> git rev-parse develop/trip-details
> git rev-parse --symbolic-full-name develop/trip-details@{u}
fatal: no upstream configured for branch 'develop/trip-details'
> git for-each-ref --format %(refname) %(objectname) --sort -committerdate
> git remote --verbose
> git status -z -u
> git symbolic-ref --short HEAD
> git rev-parse develop/trip-details
> git rev-parse --symbolic-full-name develop/trip-details@{u}
fatal: no upstream configured for branch 'develop/trip-details'
> git for-each-ref --format %(refname) %(objectname) --sort -committerdate
> git remote --verbose
> git status -z -u
> git symbolic-ref --short HEAD
> git rev-parse develop/trip-details
> git rev-parse --symbolic-full-name develop/trip-details@{u}
fatal: no upstream configured for branch 'develop/trip-details'
> git for-each-ref --format %(refname) %(objectname) --sort -committerdate
> git remote --verbose
> git status -z -u
> git symbolic-ref --short HEAD
> git rev-parse develop/trip-details
> git rev-parse --symbolic-full-name develop/trip-details@{u}
fatal: no upstream configured for branch 'develop/trip-details'
> git for-each-ref --format %(refname) %(objectname) --sort -committerdate
> git remote --verbose
> git status -z -u
> git symbolic-ref --short HEAD
> git rev-parse develop/trip-details
> git rev-parse --symbolic-full-name develop/trip-details@{u}
fatal: no upstream configured for branch 'develop/trip-details'
> git for-each-ref --format %(refname) %(objectname) --sort -committerdate
> git remote --verbose
> git status -z -u
> git symbolic-ref --short HEAD
> git rev-parse develop/trip-details
> git rev-parse --symbolic-full-name develop/trip-details@{u}
fatal: no upstream configured for branch 'develop/trip-details'
> git for-each-ref --format %(refname) %(objectname) --sort -committerdate
> git remote --verbose
> git status -z -u
> git symbolic-ref --short HEAD
> git rev-parse develop/trip-details
> git rev-parse --symbolic-full-name develop/trip-details@{u}
fatal: no upstream configured for branch 'develop/trip-details'
> git for-each-ref --format %(refname) %(objectname) --sort -committerdate
> git remote --verbose
> git status -z -u
> git symbolic-ref --short HEAD
> git rev-parse develop/trip-details
> git rev-parse --symbolic-full-name develop/trip-details@{u}
fatal: no upstream configured for branch 'develop/trip-details'
> git for-each-ref --format %(refname) %(objectname) --sort -committerdate
> git remote --verbose
> git status -z -u
> git symbolic-ref --short HEAD
> git rev-parse develop/trip-details
> git rev-parse --symbolic-full-name develop/trip-details@{u}
fatal: no upstream configured for branch 'develop/trip-details'
> git for-each-ref --format %(refname) %(objectname) --sort -committerdate
> git remote --verbose
> git status -z -u
> git symbolic-ref --short HEAD
> git rev-parse develop/trip-details
> git rev-parse --symbolic-full-name develop/trip-details@{u}
fatal: no upstream configured for branch 'develop/trip-details'
> git for-each-ref --format %(refname) %(objectname) --sort -committerdate
> git remote --verbose
> git status -z -u
> git symbolic-ref --short HEAD
> git rev-parse develop/trip-details
> git rev-parse --symbolic-full-name develop/trip-details@{u}
fatal: no upstream configured for branch 'develop/trip-details'
> git for-each-ref --format %(refname) %(objectname) --sort -committerdate
> git remote --verbose
> git status -z -u
> git symbolic-ref --short HEAD
> git rev-parse develop/trip-details
> git rev-parse --symbolic-full-name develop/trip-details@{u}
fatal: no upstream configured for branch 'develop/trip-details'
> git for-each-ref --format %(refname) %(objectname) --sort -committerdate
> git remote --verbose
> git status -z -u
> git symbolic-ref --short HEAD
> git rev-parse develop/trip-details
> git rev-parse --symbolic-full-name develop/trip-details@{u}
fatal: no upstream configured for branch 'develop/trip-details'
> git for-each-ref --format %(refname) %(objectname) --sort -committerdate
> git remote --verbose
> git status -z -u
> git symbolic-ref --short HEAD
> git rev-parse develop/trip-details
> git rev-parse --symbolic-full-name develop/trip-details@{u}
fatal: no upstream configured for branch 'develop/trip-details'
> git for-each-ref --format %(refname) %(objectname) --sort -committerdate
> git remote --verbose
> git status -z -u
> git symbolic-ref --short HEAD
> git rev-parse develop/trip-details
> git rev-parse --symbolic-full-name develop/trip-details@{u}
fatal: no upstream configured for branch 'develop/trip-details'
> git for-each-ref --format %(refname) %(objectname) --sort -committerdate
> git remote --verbose
> git status -z -u
> git symbolic-ref --short HEAD
> git rev-parse develop/trip-details
> git rev-parse --symbolic-full-name develop/trip-details@{u}
fatal: no upstream configured for branch 'develop/trip-details'
> git for-each-ref --format %(refname) %(objectname) --sort -committerdate
> git remote --verbose
> git status -z -u
> git symbolic-ref --short HEAD
> git rev-parse develop/trip-details
> git rev-parse --symbolic-full-name develop/trip-details@{u}
fatal: no upstream configured for branch 'develop/trip-details'
> git for-each-ref --format %(refname) %(objectname) --sort -committerdate
> git remote --verbose
> git status -z -u
> git symbolic-ref --short HEAD
> git rev-parse develop/trip-details
> git rev-parse --symbolic-full-name develop/trip-details@{u}
fatal: no upstream configured for branch 'develop/trip-details'
> git for-each-ref --format %(refname) %(objectname) --sort -committerdate
> git remote --verbose
> git status -z -u
> git symbolic-ref --short HEAD
> git rev-parse develop/trip-details
> git rev-parse --symbolic-full-name develop/trip-details@{u}
fatal: no upstream configured for branch 'develop/trip-details'
> git for-each-ref --format %(refname) %(objectname) --sort -committerdate
> git remote --verbose
> git status -z -u
> git symbolic-ref --short HEAD
> git rev-parse develop/trip-details
> git rev-parse --symbolic-full-name develop/trip-details@{u}
fatal: no upstream configured for branch 'develop/trip-details'
> git for-each-ref --format %(refname) %(objectname) --sort -committerdate
> git remote --verbose
> git status -z -u
> git symbolic-ref --short HEAD
> git rev-parse develop/trip-details
> git rev-parse --symbolic-full-name develop/trip-details@{u}
fatal: no upstream configured for branch 'develop/trip-details'
> git for-each-ref --format %(refname) %(objectname) --sort -committerdate
> git remote --verbose
> git status -z -u
> git symbolic-ref --short HEAD
> git rev-parse develop/trip-details
> git rev-parse --symbolic-full-name develop/trip-details@{u}
fatal: no upstream configured for branch 'develop/trip-details'
> git for-each-ref --format %(refname) %(objectname) --sort -committerdate
> git remote --verbose
> git status -z -u
> git symbolic-ref --short HEAD
> git rev-parse develop/trip-details
> git rev-parse --symbolic-full-name develop/trip-details@{u}
fatal: no upstream configured for branch 'develop/trip-details'
> git for-each-ref --format %(refname) %(objectname) --sort -committerdate
> git remote --verbose
> git status -z -u
> git symbolic-ref --short HEAD
> git rev-parse develop/trip-details
> git rev-parse --symbolic-full-name develop/trip-details@{u}
fatal: no upstream configured for branch 'develop/trip-details'
> git for-each-ref --format %(refname) %(objectname) --sort -committerdate
> git remote --verbose
> git status -z -u
> git symbolic-ref --short HEAD
> git rev-parse develop/trip-details
> git rev-parse --symbolic-full-name develop/trip-details@{u}
fatal: no upstream configured for branch 'develop/trip-details'
> git for-each-ref --format %(refname) %(objectname) --sort -committerdate
> git remote --verbose
> git status -z -u
> git symbolic-ref --short HEAD
> git rev-parse develop/trip-details
> git rev-parse --symbolic-full-name develop/trip-details@{u}
fatal: no upstream configured for branch 'develop/trip-details'
> git for-each-ref --format %(refname) %(objectname) --sort -committerdate
> git remote --verbose
> git status -z -u
> git symbolic-ref --short HEAD
> git rev-parse develop/trip-details
> git rev-parse --symbolic-full-name develop/trip-details@{u}
fatal: no upstream configured for branch 'develop/trip-details'
> git for-each-ref --format %(refname) %(objectname) --sort -committerdate
> git remote --verbose
> git status -z -u
> git symbolic-ref --short HEAD
> git rev-parse develop/trip-details
> git rev-parse --symbolic-full-name develop/trip-details@{u}
fatal: no upstream configured for branch 'develop/trip-details'
> git for-each-ref --format %(refname) %(objectname) --sort -committerdate
> git remote --verbose
> git status -z -u
> git symbolic-ref --short HEAD
> git rev-parse develop/trip-details
> git rev-parse --symbolic-full-name develop/trip-details@{u}
fatal: no upstream configured for branch 'develop/trip-details'
> git for-each-ref --format %(refname) %(objectname) --sort -committerdate
> git remote --verbose
> git status -z -u
> git symbolic-ref --short HEAD
> git rev-parse develop/trip-details
> git rev-parse --symbolic-full-name develop/trip-details@{u}
fatal: no upstream configured for branch 'develop/trip-details'
> git for-each-ref --format %(refname) %(objectname) --sort -committerdate
> git remote --verbose
> git status -z -u
> git symbolic-ref --short HEAD
> git rev-parse develop/trip-details
> git rev-parse --symbolic-full-name develop/trip-details@{u}
fatal: no upstream configured for branch 'develop/trip-details'
> git for-each-ref --format %(refname) %(objectname) --sort -committerdate
> git remote --verbose
> git status -z -u
> git symbolic-ref --short HEAD
> git rev-parse develop/trip-details
> git rev-parse --symbolic-full-name develop/trip-details@{u}
fatal: no upstream configured for branch 'develop/trip-details'
> git for-each-ref --format %(refname) %(objectname) --sort -committerdate
> git remote --verbose
> git status -z -u
> git symbolic-ref --short HEAD
> git rev-parse develop/trip-details
> git rev-parse --symbolic-full-name develop/trip-details@{u}
fatal: no upstream configured for branch 'develop/trip-details'
> git for-each-ref --format %(refname) %(objectname) --sort -committerdate
> git remote --verbose
> git show :containers/ProfileView.js
> git check-ignore -z --stdin
> git show :screens/ProfileScreen.js
> git status -z -u
> git symbolic-ref --short HEAD
> git rev-parse develop/trip-details
> git rev-parse --symbolic-full-name develop/trip-details@{u}
fatal: no upstream configured for branch 'develop/trip-details'
> git for-each-ref --format %(refname) %(objectname) --sort -committerdate
> git remote --verbose
> git status -z -u
> git symbolic-ref --short HEAD
> git rev-parse develop/trip-details
> git rev-parse --symbolic-full-name develop/trip-details@{u}
fatal: no upstream configured for branch 'develop/trip-details'
> git for-each-ref --format %(refname) %(objectname) --sort -committerdate
> git remote --verbose
> git status -z -u
> git symbolic-ref --short HEAD
> git rev-parse develop/trip-details
> git rev-parse --symbolic-full-name develop/trip-details@{u}
fatal: no upstream configured for branch 'develop/trip-details'
> git for-each-ref --format %(refname) %(objectname) --sort -committerdate
> git remote --verbose
> git status -z -u
> git symbolic-ref --short HEAD
> git rev-parse develop/trip-details
> git rev-parse --symbolic-full-name develop/trip-details@{u}
fatal: no upstream configured for branch 'develop/trip-details'
> git for-each-ref --format %(refname) %(objectname) --sort -committerdate
> git remote --verbose
> git status -z -u
> git symbolic-ref --short HEAD
> git rev-parse develop/trip-details
> git rev-parse --symbolic-full-name develop/trip-details@{u}
fatal: no upstream configured for branch 'develop/trip-details'
> git for-each-ref --format %(refname) %(objectname) --sort -committerdate
> git remote --verbose
> git status -z -u
> git symbolic-ref --short HEAD
> git rev-parse develop/trip-details
> git rev-parse --symbolic-full-name develop/trip-details@{u}
fatal: no upstream configured for branch 'develop/trip-details'
> git for-each-ref --format %(refname) %(objectname) --sort -committerdate
> git remote --verbose
> git status -z -u
> git symbolic-ref --short HEAD
> git rev-parse develop/trip-details
> git rev-parse --symbolic-full-name develop/trip-details@{u}
fatal: no upstream configured for branch 'develop/trip-details'
> git for-each-ref --format %(refname) %(objectname) --sort -committerdate
> git remote --verbose
> git status -z -u
> git symbolic-ref --short HEAD
> git rev-parse develop/trip-details
> git rev-parse --symbolic-full-name develop/trip-details@{u}
fatal: no upstream configured for branch 'develop/trip-details'
> git for-each-ref --format %(refname) %(objectname) --sort -committerdate
> git remote --verbose
> git status -z -u
> git symbolic-ref --short HEAD
> git rev-parse develop/trip-details
> git rev-parse --symbolic-full-name develop/trip-details@{u}
fatal: no upstream configured for branch 'develop/trip-details'
> git for-each-ref --format %(refname) %(objectname) --sort -committerdate
> git remote --verbose
> git show :containers/LoginView.js
> git show :screens/HomeScreen.js
> git show :screens/ProfileScreen.js
> git status -z -u
> git symbolic-ref --short HEAD
> git rev-parse develop/trip-details
> git rev-parse --symbolic-full-name develop/trip-details@{u}
fatal: no upstream configured for branch 'develop/trip-details'
> git for-each-ref --format %(refname) %(objectname) --sort -committerdate
> git remote --verbose
> git status -z -u
> git symbolic-ref --short HEAD
> git rev-parse develop/trip-details
> git rev-parse --symbolic-full-name develop/trip-details@{u}
fatal: no upstream configured for branch 'develop/trip-details'
> git for-each-ref --format %(refname) %(objectname) --sort -committerdate
> git remote --verbose
> git check-ignore -z --stdin
> git show :navigation/AppNavigator.js
> git status -z -u
> git symbolic-ref --short HEAD
> git rev-parse develop/trip-details
> git rev-parse --symbolic-full-name develop/trip-details@{u}
fatal: no upstream configured for branch 'develop/trip-details'
> git for-each-ref --format %(refname) %(objectname) --sort -committerdate
> git remote --verbose
> git status -z -u
> git symbolic-ref --short HEAD
> git rev-parse develop/trip-details
> git rev-parse --symbolic-full-name develop/trip-details@{u}
fatal: no upstream configured for branch 'develop/trip-details'
> git for-each-ref --format %(refname) %(objectname) --sort -committerdate
> git remote --verbose
> git status -z -u
> git symbolic-ref --short HEAD
> git rev-parse develop/trip-details
> git rev-parse --symbolic-full-name develop/trip-details@{u}
fatal: no upstream configured for branch 'develop/trip-details'
> git for-each-ref --format %(refname) %(objectname) --sort -committerdate
> git remote --verbose
> git status -z -u
> git symbolic-ref --short HEAD
> git rev-parse develop/trip-details
> git rev-parse --symbolic-full-name develop/trip-details@{u}
fatal: no upstream configured for branch 'develop/trip-details'
> git for-each-ref --format %(refname) %(objectname) --sort -committerdate
> git remote --verbose
> git status -z -u
> git symbolic-ref --short HEAD
> git rev-parse develop/trip-details
> git rev-parse --symbolic-full-name develop/trip-details@{u}
fatal: no upstream configured for branch 'develop/trip-details'
> git for-each-ref --format %(refname) %(objectname) --sort -committerdate
> git remote --verbose
> git status -z -u
> git symbolic-ref --short HEAD
> git rev-parse develop/trip-details
> git rev-parse --symbolic-full-name develop/trip-details@{u}
fatal: no upstream configured for branch 'develop/trip-details'
> git for-each-ref --format %(refname) %(objectname) --sort -committerdate
> git remote --verbose
> git status -z -u
> git symbolic-ref --short HEAD
> git rev-parse develop/trip-details
> git rev-parse --symbolic-full-name develop/trip-details@{u}
fatal: no upstream configured for branch 'develop/trip-details'
> git for-each-ref --format %(refname) %(objectname) --sort -committerdate
> git remote --verbose
> git status -z -u
> git symbolic-ref --short HEAD
> git rev-parse develop/trip-details
> git rev-parse --symbolic-full-name develop/trip-details@{u}
fatal: no upstream configured for branch 'develop/trip-details'
> git for-each-ref --format %(refname) %(objectname) --sort -committerdate
> git remote --verbose
> git status -z -u
> git symbolic-ref --short HEAD
> git rev-parse develop/trip-details
> git rev-parse --symbolic-full-name develop/trip-details@{u}
fatal: no upstream configured for branch 'develop/trip-details'
> git for-each-ref --format %(refname) %(objectname) --sort -committerdate
> git remote --verbose
> git show :screens/TripDetailsScreen.js
> git ls-files --stage -- screens/
> git check-ignore -z --stdin
> git status -z -u
> git symbolic-ref --short HEAD
> git rev-parse develop/trip-details
> git rev-parse --symbolic-full-name develop/trip-details@{u}
fatal: no upstream configured for branch 'develop/trip-details'
> git for-each-ref --format %(refname) %(objectname) --sort -committerdate
> git remote --verbose
> git show :screens/ProfileScreen.js
> git show :screens/TripDetailsScreen.js
> git ls-files --stage -- screens/
> git show :screens/ProfileScreen.js
> git status -z -u
> git symbolic-ref --short HEAD
> git rev-parse develop/trip-details
> git rev-parse --symbolic-full-name develop/trip-details@{u}
fatal: no upstream configured for branch 'develop/trip-details'
> git for-each-ref --format %(refname) %(objectname) --sort -committerdate
> git remote --verbose
> git show :navigation/AppNavigator.js
> git show :screens/ProfileScreen.js
> git show :navigation/AppNavigator.js
> git show :screens/ProfileScreen.js
> git show :navigation/AppNavigator.js
> git check-ignore -z --stdin
> git show :containers/TripPreferencesView.js
> git show :navigation/AppNavigator.js
> git show :screens/TripDetailsScreen.js
> git ls-files --stage -- screens/
> git status -z -u
> git symbolic-ref --short HEAD
> git rev-parse develop/trip-details
> git rev-parse --symbolic-full-name develop/trip-details@{u}
fatal: no upstream configured for branch 'develop/trip-details'
> git for-each-ref --format %(refname) %(objectname) --sort -committerdate
> git remote --verbose
> git status -z -u
> git symbolic-ref --short HEAD
> git rev-parse develop/trip-details
> git rev-parse --symbolic-full-name develop/trip-details@{u}
fatal: no upstream configured for branch 'develop/trip-details'
> git for-each-ref --format %(refname) %(objectname) --sort -committerdate
> git remote --verbose
> git status -z -u
> git symbolic-ref --short HEAD
> git rev-parse develop/trip-details
> git rev-parse --symbolic-full-name develop/trip-details@{u}
fatal: no upstream configured for branch 'develop/trip-details'
> git for-each-ref --format %(refname) %(objectname) --sort -committerdate
> git remote --verbose
> git status -z -u
> git symbolic-ref --short HEAD
> git rev-parse develop/trip-details
> git rev-parse --symbolic-full-name develop/trip-details@{u}
fatal: no upstream configured for branch 'develop/trip-details'
> git for-each-ref --format %(refname) %(objectname) --sort -committerdate
> git remote --verbose
> git status -z -u
> git symbolic-ref --short HEAD
> git rev-parse develop/trip-details
> git rev-parse --symbolic-full-name develop/trip-details@{u}
fatal: no upstream configured for branch 'develop/trip-details'
> git for-each-ref --format %(refname) %(objectname) --sort -committerdate
> git remote --verbose
> git status -z -u
> git symbolic-ref --short HEAD
> git rev-parse develop/trip-details
> git rev-parse --symbolic-full-name develop/trip-details@{u}
fatal: no upstream configured for branch 'develop/trip-details'
> git for-each-ref --format %(refname) %(objectname) --sort -committerdate
> git remote --verbose
> git status -z -u
> git symbolic-ref --short HEAD
> git rev-parse develop/trip-details
> git rev-parse --symbolic-full-name develop/trip-details@{u}
fatal: no upstream configured for branch 'develop/trip-details'
> git for-each-ref --format %(refname) %(objectname) --sort -committerdate
> git remote --verbose
> git status -z -u
> git symbolic-ref --short HEAD
> git rev-parse develop/trip-details
> git rev-parse --symbolic-full-name develop/trip-details@{u}
fatal: no upstream configured for branch 'develop/trip-details'
> git for-each-ref --format %(refname) %(objectname) --sort -committerdate
> git remote --verbose
> git show :screens/ProfileScreen.js
> git status -z -u
> git symbolic-ref --short HEAD
> git rev-parse develop/trip-details
> git rev-parse --symbolic-full-name develop/trip-details@{u}
fatal: no upstream configured for branch 'develop/trip-details'
> git for-each-ref --format %(refname) %(objectname) --sort -committerdate
> git remote --verbose
> git status -z -u
> git symbolic-ref --short HEAD
> git rev-parse develop/trip-details
> git rev-parse --symbolic-full-name develop/trip-details@{u}
fatal: no upstream configured for branch 'develop/trip-details'
> git for-each-ref --format %(refname) %(objectname) --sort -committerdate
> git remote --verbose
> git status -z -u
> git symbolic-ref --short HEAD
> git rev-parse develop/trip-details
> git rev-parse --symbolic-full-name develop/trip-details@{u}
fatal: no upstream configured for branch 'develop/trip-details'
> git for-each-ref --format %(refname) %(objectname) --sort -committerdate
> git remote --verbose
> git show :screens/TripDetailsScreen.js
> git ls-files --stage -- screens/
> git show :navigation/AppNavigator.js
> git show :screens/TripDetailsScreen.js
> git ls-files --stage -- screens/
> git show :components/profile-view/Main.js
> git show :screens/TripDetailsScreen.js
> git ls-files --stage -- screens/
> git show :screens/ProfileScreen.js
> git show :screens/TripDetailsScreen.js
> git ls-files --stage -- screens/
> git show :containers/TripPreferencesView.js
> git status -z -u
> git symbolic-ref --short HEAD
> git rev-parse develop/trip-details
> git rev-parse --symbolic-full-name develop/trip-details@{u}
fatal: no upstream configured for branch 'develop/trip-details'
> git for-each-ref --format %(refname) %(objectname) --sort -committerdate
> git remote --verbose
> git status -z -u
> git symbolic-ref --short HEAD
> git rev-parse develop/trip-details
> git rev-parse --symbolic-full-name develop/trip-details@{u}
fatal: no upstream configured for branch 'develop/trip-details'
> git for-each-ref --format %(refname) %(objectname) --sort -committerdate
> git remote --verbose
> git status -z -u
> git symbolic-ref --short HEAD
> git rev-parse develop/trip-details
> git rev-parse --symbolic-full-name develop/trip-details@{u}
fatal: no upstream configured for branch 'develop/trip-details'
> git for-each-ref --format %(refname) %(objectname) --sort -committerdate
> git remote --verbose
> git status -z -u
> git symbolic-ref --short HEAD
> git rev-parse develop/trip-details
> git rev-parse --symbolic-full-name develop/trip-details@{u}
fatal: no upstream configured for branch 'develop/trip-details'
> git for-each-ref --format %(refname) %(objectname) --sort -committerdate
> git remote --verbose
> git status -z -u
> git symbolic-ref --short HEAD
> git rev-parse develop/trip-details
> git rev-parse --symbolic-full-name develop/trip-details@{u}
fatal: no upstream configured for branch 'develop/trip-details'
> git for-each-ref --format %(refname) %(objectname) --sort -committerdate
> git remote --verbose
> git show :containers/TripDetailsView.js
> git ls-files --stage -- containers/
> git check-ignore -z --stdin
> git status -z -u
> git symbolic-ref --short HEAD
> git rev-parse develop/trip-details
> git rev-parse --symbolic-full-name develop/trip-details@{u}
fatal: no upstream configured for branch 'develop/trip-details'
> git for-each-ref --format %(refname) %(objectname) --sort -committerdate
> git remote --verbose
> git check-ignore -z --stdin
> git status -z -u
> git symbolic-ref --short HEAD
> git rev-parse develop/trip-details
> git rev-parse --symbolic-full-name develop/trip-details@{u}
fatal: no upstream configured for branch 'develop/trip-details'
> git for-each-ref --format %(refname) %(objectname) --sort -committerdate
> git remote --verbose
> git check-ignore -z --stdin
> git status -z -u
> git symbolic-ref --short HEAD
> git rev-parse develop/trip-details
> git rev-parse --symbolic-full-name develop/trip-details@{u}
fatal: no upstream configured for branch 'develop/trip-details'
> git for-each-ref --format %(refname) %(objectname) --sort -committerdate
> git remote --verbose
> git status -z -u
> git symbolic-ref --short HEAD
> git rev-parse develop/trip-details
> git rev-parse --symbolic-full-name develop/trip-details@{u}
fatal: no upstream configured for branch 'develop/trip-details'
> git for-each-ref --format %(refname) %(objectname) --sort -committerdate
> git remote --verbose
> git show :screens/TripDetailsScreen.js
> git ls-files --stage -- screens/
> git show :containers/TripDetailsView.js
> git ls-files --stage -- containers/
> git status -z -u
> git symbolic-ref --short HEAD
> git rev-parse develop/trip-details
> git rev-parse --symbolic-full-name develop/trip-details@{u}
fatal: no upstream configured for branch 'develop/trip-details'
> git for-each-ref --format %(refname) %(objectname) --sort -committerdate
> git remote --verbose
> git status -z -u
> git symbolic-ref --short HEAD
> git rev-parse develop/trip-details
> git rev-parse --symbolic-full-name develop/trip-details@{u}
fatal: no upstream configured for branch 'develop/trip-details'
> git for-each-ref --format %(refname) %(objectname) --sort -committerdate
> git remote --verbose
> git status -z -u
> git symbolic-ref --short HEAD
> git rev-parse develop/trip-details
> git rev-parse --symbolic-full-name develop/trip-details@{u}
fatal: no upstream configured for branch 'develop/trip-details'
> git for-each-ref --format %(refname) %(objectname) --sort -committerdate
> git remote --verbose
> git status -z -u
> git symbolic-ref --short HEAD
> git rev-parse develop/trip-details
> git rev-parse --symbolic-full-name develop/trip-details@{u}
fatal: no upstream configured for branch 'develop/trip-details'
> git for-each-ref --format %(refname) %(objectname) --sort -committerdate
> git remote --verbose
> git show :screens/TripDetailsScreen.js
> git ls-files --stage -- screens/
> git show :screens/ProfileScreen.js
> git show :components/profile-view/Main.js
> git show :reducers/UserReducer.js
> git show :containers/TripDetailsView.js
> git ls-files --stage -- containers/
> git show :components/tripDetails-view/index.js
> git ls-files --stage -- components/tripDetails-view/
> git show :containers/TripDetailsView.js
> git ls-files --stage -- containers/
> git show :containers/HomeView.js
> git show :containers/TripDetailsView.js
> git ls-files --stage -- containers/
> git show :screens/TripDetailsScreen.js
> git ls-files --stage -- screens/
> git show :components/profile-view/Main.js
> git show :screens/ProfileScreen.js
> git status -z -u
> git symbolic-ref --short HEAD
> git rev-parse develop/trip-details
> git rev-parse --symbolic-full-name develop/trip-details@{u}
fatal: no upstream configured for branch 'develop/trip-details'
> git for-each-ref --format %(refname) %(objectname) --sort -committerdate
> git remote --verbose
> git status -z -u
> git symbolic-ref --short HEAD
> git rev-parse develop/trip-details
> git rev-parse --symbolic-full-name develop/trip-details@{u}
fatal: no upstream configured for branch 'develop/trip-details'
> git for-each-ref --format %(refname) %(objectname) --sort -committerdate
> git remote --verbose
> git status -z -u
> git symbolic-ref --short HEAD
> git rev-parse develop/trip-details
> git rev-parse --symbolic-full-name develop/trip-details@{u}
fatal: no upstream configured for branch 'develop/trip-details'
> git for-each-ref --format %(refname) %(objectname) --sort -committerdate
> git remote --verbose
> git status -z -u
> git symbolic-ref --short HEAD
> git rev-parse develop/trip-details
> git rev-parse --symbolic-full-name develop/trip-details@{u}
fatal: no upstream configured for branch 'develop/trip-details'
> git for-each-ref --format %(refname) %(objectname) --sort -committerdate
> git remote --verbose
> git status -z -u
> git symbolic-ref --short HEAD
> git rev-parse develop/trip-details
> git rev-parse --symbolic-full-name develop/trip-details@{u}
fatal: no upstream configured for branch 'develop/trip-details'
> git for-each-ref --format %(refname) %(objectname) --sort -committerdate
> git remote --verbose
> git show :screens/TripDetailsScreen.js
> git ls-files --stage -- screens/
> git status -z -u
> git symbolic-ref --short HEAD
> git rev-parse develop/trip-details
> git rev-parse --symbolic-full-name develop/trip-details@{u}
fatal: no upstream configured for branch 'develop/trip-details'
> git for-each-ref --format %(refname) %(objectname) --sort -committerdate
> git remote --verbose
> git status -z -u
> git symbolic-ref --short HEAD
> git rev-parse develop/trip-details
> git rev-parse --symbolic-full-name develop/trip-details@{u}
fatal: no upstream configured for branch 'develop/trip-details'
> git for-each-ref --format %(refname) %(objectname) --sort -committerdate
> git remote --verbose
> git status -z -u
> git symbolic-ref --short HEAD
> git rev-parse develop/trip-details
> git rev-parse --symbolic-full-name develop/trip-details@{u}
fatal: no upstream configured for branch 'develop/trip-details'
> git for-each-ref --format %(refname) %(objectname) --sort -committerdate
> git remote --verbose
> git status -z -u
> git symbolic-ref --short HEAD
> git rev-parse develop/trip-details
> git rev-parse --symbolic-full-name develop/trip-details@{u}
fatal: no upstream configured for branch 'develop/trip-details'
> git for-each-ref --format %(refname) %(objectname) --sort -committerdate
> git remote --verbose
> git status -z -u
> git symbolic-ref --short HEAD
> git rev-parse develop/trip-details
> git rev-parse --symbolic-full-name develop/trip-details@{u}
fatal: no upstream configured for branch 'develop/trip-details'
> git for-each-ref --format %(refname) %(objectname) --sort -committerdate
> git remote --verbose
> git status -z -u
> git symbolic-ref --short HEAD
> git rev-parse develop/trip-details
> git rev-parse --symbolic-full-name develop/trip-details@{u}
fatal: no upstream configured for branch 'develop/trip-details'
> git for-each-ref --format %(refname) %(objectname) --sort -committerdate
> git remote --verbose
> git status -z -u
> git symbolic-ref --short HEAD
> git rev-parse develop/trip-details
> git rev-parse --symbolic-full-name develop/trip-details@{u}
fatal: no upstream configured for branch 'develop/trip-details'
> git for-each-ref --format %(refname) %(objectname) --sort -committerdate
> git remote --verbose
> git status -z -u
> git symbolic-ref --short HEAD
> git rev-parse develop/trip-details
> git rev-parse --symbolic-full-name develop/trip-details@{u}
fatal: no upstream configured for branch 'develop/trip-details'
> git for-each-ref --format %(refname) %(objectname) --sort -committerdate
> git remote --verbose
> git status -z -u
> git symbolic-ref --short HEAD
> git rev-parse develop/trip-details
> git rev-parse --symbolic-full-name develop/trip-details@{u}
fatal: no upstream configured for branch 'develop/trip-details'
> git for-each-ref --format %(refname) %(objectname) --sort -committerdate
> git remote --verbose
> git status -z -u
> git symbolic-ref --short HEAD
> git rev-parse develop/trip-details
> git rev-parse --symbolic-full-name develop/trip-details@{u}
fatal: no upstream configured for branch 'develop/trip-details'
> git for-each-ref --format %(refname) %(objectname) --sort -committerdate
> git remote --verbose
> git status -z -u
> git symbolic-ref --short HEAD
> git rev-parse develop/trip-details
> git rev-parse --symbolic-full-name develop/trip-details@{u}
fatal: no upstream configured for branch 'develop/trip-details'
> git for-each-ref --format %(refname) %(objectname) --sort -committerdate
> git remote --verbose
> git status -z -u
> git symbolic-ref --short HEAD
> git rev-parse develop/trip-details
> git rev-parse --symbolic-full-name develop/trip-details@{u}
fatal: no upstream configured for branch 'develop/trip-details'
> git for-each-ref --format %(refname) %(objectname) --sort -committerdate
> git remote --verbose
> git check-ignore -z --stdin
> git show :screens/TripDetailsScreen.js
> git ls-files --stage -- screens/
> git show :containers/TripDetailsView.js
> git ls-files --stage -- containers/
> git status -z -u
> git symbolic-ref --short HEAD
> git rev-parse develop/trip-details
> git rev-parse --symbolic-full-name develop/trip-details@{u}
fatal: no upstream configured for branch 'develop/trip-details'
> git for-each-ref --format %(refname) %(objectname) --sort -committerdate
> git remote --verbose
> git status -z -u
> git symbolic-ref --short HEAD
> git rev-parse develop/trip-details
> git rev-parse --symbolic-full-name develop/trip-details@{u}
fatal: no upstream configured for branch 'develop/trip-details'
> git for-each-ref --format %(refname) %(objectname) --sort -committerdate
> git remote --verbose
> git status -z -u
> git symbolic-ref --short HEAD
> git rev-parse develop/trip-details
> git rev-parse --symbolic-full-name develop/trip-details@{u}
fatal: no upstream configured for branch 'develop/trip-details'
> git for-each-ref --format %(refname) %(objectname) --sort -committerdate
> git remote --verbose
> git status -z -u
> git symbolic-ref --short HEAD
> git rev-parse develop/trip-details
> git rev-parse --symbolic-full-name develop/trip-details@{u}
fatal: no upstream configured for branch 'develop/trip-details'
> git for-each-ref --format %(refname) %(objectname) --sort -committerdate
> git remote --verbose
> git status -z -u
> git symbolic-ref --short HEAD
> git rev-parse develop/trip-details
> git rev-parse --symbolic-full-name develop/trip-details@{u}
fatal: no upstream configured for branch 'develop/trip-details'
> git for-each-ref --format %(refname) %(objectname) --sort -committerdate
> git remote --verbose
> git status -z -u
> git symbolic-ref --short HEAD
> git rev-parse develop/trip-details
> git rev-parse --symbolic-full-name develop/trip-details@{u}
fatal: no upstream configured for branch 'develop/trip-details'
> git for-each-ref --format %(refname) %(objectname) --sort -committerdate
> git remote --verbose
> git status -z -u
> git symbolic-ref --short HEAD
> git rev-parse develop/trip-details
> git rev-parse --symbolic-full-name develop/trip-details@{u}
fatal: no upstream configured for branch 'develop/trip-details'
> git for-each-ref --format %(refname) %(objectname) --sort -committerdate
> git remote --verbose
> git status -z -u
> git symbolic-ref --short HEAD
> git rev-parse develop/trip-details
> git rev-parse --symbolic-full-name develop/trip-details@{u}
fatal: no upstream configured for branch 'develop/trip-details'
> git for-each-ref --format %(refname) %(objectname) --sort -committerdate
> git remote --verbose
> git status -z -u
> git symbolic-ref --short HEAD
> git rev-parse develop/trip-details
> git rev-parse --symbolic-full-name develop/trip-details@{u}
fatal: no upstream configured for branch 'develop/trip-details'
> git for-each-ref --format %(refname) %(objectname) --sort -committerdate
> git remote --verbose
> git status -z -u
> git symbolic-ref --short HEAD
> git rev-parse develop/trip-details
> git rev-parse --symbolic-full-name develop/trip-details@{u}
fatal: no upstream configured for branch 'develop/trip-details'
> git for-each-ref --format %(refname) %(objectname) --sort -committerdate
> git remote --verbose
> git status -z -u
> git symbolic-ref --short HEAD
> git rev-parse develop/trip-details
> git rev-parse --symbolic-full-name develop/trip-details@{u}
fatal: no upstream configured for branch 'develop/trip-details'
> git for-each-ref --format %(refname) %(objectname) --sort -committerdate
> git remote --verbose
> git status -z -u
> git symbolic-ref --short HEAD
> git rev-parse develop/trip-details
> git rev-parse --symbolic-full-name develop/trip-details@{u}
fatal: no upstream configured for branch 'develop/trip-details'
> git for-each-ref --format %(refname) %(objectname) --sort -committerdate
> git remote --verbose
> git status -z -u
> git symbolic-ref --short HEAD
> git rev-parse develop/trip-details
> git rev-parse --symbolic-full-name develop/trip-details@{u}
fatal: no upstream configured for branch 'develop/trip-details'
> git for-each-ref --format %(refname) %(objectname) --sort -committerdate
> git remote --verbose
> git status -z -u
> git symbolic-ref --short HEAD
> git rev-parse develop/trip-details
> git rev-parse --symbolic-full-name develop/trip-details@{u}
fatal: no upstream configured for branch 'develop/trip-details'
> git for-each-ref --format %(refname) %(objectname) --sort -committerdate
> git remote --verbose
> git status -z -u
> git symbolic-ref --short HEAD
> git rev-parse develop/trip-details
> git rev-parse --symbolic-full-name develop/trip-details@{u}
fatal: no upstream configured for branch 'develop/trip-details'
> git for-each-ref --format %(refname) %(objectname) --sort -committerdate
> git remote --verbose
> git status -z -u
> git symbolic-ref --short HEAD
> git rev-parse develop/trip-details
> git rev-parse --symbolic-full-name develop/trip-details@{u}
fatal: no upstream configured for branch 'develop/trip-details'
> git for-each-ref --format %(refname) %(objectname) --sort -committerdate
> git remote --verbose
> git status -z -u
> git symbolic-ref --short HEAD
> git rev-parse develop/trip-details
> git rev-parse --symbolic-full-name develop/trip-details@{u}
fatal: no upstream configured for branch 'develop/trip-details'
> git for-each-ref --format %(refname) %(objectname) --sort -committerdate
> git remote --verbose
> git show :components/tripDetails-view/DiningDetails.js
> git ls-files --stage -- components/tripDetails-view/
> git show :containers/TripDetailsView.js
> git ls-files --stage -- containers/
> git status -z -u
> git symbolic-ref --short HEAD
> git rev-parse develop/trip-details
> git rev-parse --symbolic-full-name develop/trip-details@{u}
fatal: no upstream configured for branch 'develop/trip-details'
> git for-each-ref --format %(refname) %(objectname) --sort -committerdate
> git remote --verbose
> git show :components/tripDetails-view/Header.js
> git ls-files --stage -- components/tripDetails-view/
> git show :components/tripDetails-view/Main.js
> git ls-files --stage -- components/tripDetails-view/
> git show :components/tripDetails-view/Header.js
> git ls-files --stage -- components/tripDetails-view/
> git show :components/profile-view/Main.js
> git show :components/tripDetails-view/Header.js
> git ls-files --stage -- components/tripDetails-view/
> git status -z -u
> git symbolic-ref --short HEAD
> git rev-parse develop/trip-details
> git rev-parse --symbolic-full-name develop/trip-details@{u}
fatal: no upstream configured for branch 'develop/trip-details'
> git for-each-ref --format %(refname) %(objectname) --sort -committerdate
> git remote --verbose
> git status -z -u
> git symbolic-ref --short HEAD
> git rev-parse develop/trip-details
> git rev-parse --symbolic-full-name develop/trip-details@{u}
fatal: no upstream configured for branch 'develop/trip-details'
> git for-each-ref --format %(refname) %(objectname) --sort -committerdate
> git remote --verbose
> git show :containers/TripDetailsView.js
> git ls-files --stage -- containers/
> git status -z -u
> git symbolic-ref --short HEAD
> git rev-parse develop/trip-details
> git rev-parse --symbolic-full-name develop/trip-details@{u}
fatal: no upstream configured for branch 'develop/trip-details'
> git for-each-ref --format %(refname) %(objectname) --sort -committerdate
> git remote --verbose
> git show :components/tripDetails-view/Header.js
> git ls-files --stage -- components/tripDetails-view/
> git show :containers/TripDetailsView.js
> git ls-files --stage -- containers/
> git show :components/tripDetails-view/Main.js
> git ls-files --stage -- components/tripDetails-view/
> git status -z -u
> git symbolic-ref --short HEAD
> git rev-parse develop/trip-details
> git rev-parse --symbolic-full-name develop/trip-details@{u}
fatal: no upstream configured for branch 'develop/trip-details'
> git for-each-ref --format %(refname) %(objectname) --sort -committerdate
> git remote --verbose
